                                  1 	#$$m2		- PowerPC mnemonics
                                  2 	#$$pVLE		- PowerPC VLE encoding
                                  3 	#$$oPPC5534  - Optimized for PPC5534
                                  4 	#$$ko 9		- Reorder info
                                  5 		.file		"can.c"
                                  6 	#$$eb
                                  7 	#$$sz 0
                                  8 	#$$fp 0
                                  9 		.section	.PPC.EMB.apuinfo,,@note
  00000000 01  0000 0008         10 		.4byte		8
  00000004 01  0000 0004         11 		.4byte		4
  00000008 01  0000 0002         12 		.4byte		2
  0000000c 01  4150 5569 6e66    13 		.byte		"APUinfo"
  00000012 01  6f                   	
  00000013 01  00                14 		.byte		0
                                 15 		.align		2
  00000014 01  0104 0001         16 		.4byte		0x01040001
                                 17 		.section	.text_vle,,c
                                 18 		.section	.debug_frame,,n
                                 19 	__local_cie: 
  00000000 02  0000 0010         20 		.word	.LE-.LS
                                 21 	.LS:
  00000004 02  ffff ffff         22 		.word	-1
  00000008 02  01                23 		.byte	1
  00000009 02  00                24 		.byte	0
  0000000a 02  04                25 		.uleb128	4
  0000000b 02  7c                26 		.sleb128	-4
  0000000c 02  6c                27 		.byte	108
  0000000d 02  0c                28 		.byte	0x0c
  0000000e 02  01                29 		.byte	1
  0000000f 02  00                30 		.byte	0
  00000010 02  08                31 		.byte	8
  00000011 02  6c                32 		.byte	108
                                 33 		.fill           (.LS-.)&3
                                 34 	.LE:
                                 35 		.section	.debug_line,,n
                                 36 	.L8:
                                 37 		.section	.text_vle,,c
                                 38 	.L4:
  00000000 00                    39 		.0byte		.L2
  00000000 03  0000 00da 0002    40 		.d2_line_start	.debug_line
  00000006 03  0000 0013 0201       	
  0000000c 03  ff04 0d00 0101       	
  00000012 03  0101 0000 0001       	
  00000018 03  0000 0100 00         	
                                 41 		.section	.debug_abbrev,,n
                                 42 	.L9:
                                 43 		.section	.debug_info,,n
                                 44 	.L2:
  00000000 05  0000 0112         45 		.4byte		.L3-.L1
                                 46 	.L1:
  00000004 05  0002              47 		.2byte		0x2
  00000006 05  0000 0000         48 		.4byte		.L9
  0000000a 05  04                49 		.byte		0x4
                                 50 		.section	.debug_abbrev,,n
  00000000 04  01                51 		.uleb128	1
  00000001 04  11                52 		.uleb128	17
  00000002 04  01                53 		.byte		0x1
  00000003 04  01                54 		.uleb128	1
  00000004 04  13                55 		.uleb128	19
  00000005 04  03                56 		.uleb128	3
  00000006 04  08                57 		.uleb128	8
  00000007 04  25                58 		.uleb128	37
  00000008 04  08                59 		.uleb128	8
  00000009 04  1b                60 		.uleb128	27
  0000000a 04  08                61 		.uleb128	8
  0000000b 04  13                62 		.uleb128	19
  0000000c 04  0f                63 		.uleb128	15
  0000000d 04  11                64 		.uleb128	17
  0000000e 04  01                65 		.uleb128	1
  0000000f 04  12                66 		.uleb128	18
  00000010 04  01                67 		.uleb128	1
  00000011 04  10                68 		.uleb128	16
  00000012 04  06                69 		.uleb128	6
  00000013 04  00                70 		.uleb128	0
  00000014 04  00                71 		.uleb128	0
                                 72 		.section	.debug_info,,n
  0000000b 05  01                73 		.sleb128	1
  0000000c 05  0000 0115         74 		.4byte		.L7-.L2
  00000010 05  433a 5c55 7365    75 		.byte		"C:\\Users\\murv\\Desktop\\unit2\\TASK3\\subtask1\\Template\\src\\ca
  00000016 05  7273 5c6d 7572       	n.c"
  0000001c 05  765c 4465 736b       	
  00000022 05  746f 705c 756e       	
  00000028 05  6974 325c 5441       	
  0000002e 05  534b                 	
  0000004d 05  00                76 		.byte		0
  0000004e 05  4469 6162 2044    77 		.byte		"Diab Data, Inc:dcc Rel 5.7.0.0:PPC5534"
  00000054 05  6174 612c 2049       	
  0000005a 05  6e63 3a64 6363       	
  00000060 05  2052 656c 2035       	
  00000066 05  2e37 2e30 2e30       	
  0000006c 05  3a50                 	
  00000074 05  00                78 		.byte		0
  00000075 05  433a 5c55 7365    79 		.byte		"C:\\Users\\murv\\Desktop\\unit2\\TASK3\\subtask1\\Template"
  0000007b 05  7273 5c6d 7572       	
  00000081 05  765c 4465 736b       	
  00000087 05  746f 705c 756e       	
  0000008d 05  6974 325c 5441       	
  00000093 05  534b                 	
  000000a8 05  00                80 		.byte		0
  000000a9 05  01                81 		.uleb128	1
  000000aa 05  0000 0000         82 		.4byte		.L4
  000000ae 05  0000 0000         83 		.4byte		.L5
  000000b2 05  0000 0000         84 		.4byte		.L8
                                 85 		.section	.text_vle,,c
                                 86 	
                                 87 	#$$bf
                                 88 		.align		2
                                 89 		.globl		CANMsgBufInit
  00000014 02  0000 0030 0000    90 		.d2_cfa_start __local_cie
  0000001a 02  0000 0000 0000       	
  00000020 02  0000 00ac            	
                                 91 	CANMsgBufInit:
                                 92 		.section	.debug_abbrev,,n
  00000015 04  02                93 		.uleb128	2
  00000016 04  2e                94 		.uleb128	46
  00000017 04  01                95 		.byte		0x1
  00000018 04  01                96 		.uleb128	1
  00000019 04  13                97 		.uleb128	19
  0000001a 04  03                98 		.uleb128	3
  0000001b 04  08                99 		.uleb128	8
  0000001c 04  3a               100 		.uleb128	58
  0000001d 04  06               101 		.uleb128	6
  0000001e 04  3b               102 		.uleb128	59
  0000001f 04  0f               103 		.uleb128	15
  00000020 04  3f               104 		.uleb128	63
  00000021 04  0c               105 		.uleb128	12
  00000022 04  27               106 		.uleb128	39
  00000023 04  0c               107 		.uleb128	12
  00000024 04  11               108 		.uleb128	17
  00000025 04  01               109 		.uleb128	1
  00000026 04  12               110 		.uleb128	18
  00000027 04  01               111 		.uleb128	1
  00000028 04  00               112 		.uleb128	0
  00000029 04  00               113 		.uleb128	0
                                114 		.section	.debug_info,,n
                                115 	.L5791:
  000000b6 05  02               116 		.sleb128	2
  000000b7 05  0000 00d9        117 		.4byte		.L5787-.L2
  000000bb 05  4341 4e4d 7367   118 		.byte		"CANMsgBufInit"
  000000c1 05  4275 6649 6e69       	
  000000c7 05  74                   	
  000000c8 05  00               119 		.byte		0
  000000c9 05  0000 0001        120 		.4byte		.L5790
  000000cd 05  03               121 		.uleb128	3
  000000ce 05  01               122 		.byte		0x1
  000000cf 05  01               123 		.byte		0x1
  000000d0 05  0000 0000        124 		.4byte		.L5788
  000000d4 05  0000 0000        125 		.4byte		.L5789
                                126 		.section	.text_vle,,c
  0000001d 03  004b 0343 3a5c   127 		.d2file		"C:\\Users\\murv\\Desktop\\unit2\\TASK3\\subtask1\\Template\\src\\ca
  00000023 03  5c55 7365 7273       	n.c"
  00000029 03  5c5c 6d75 7276       	
  0000002f 03  5c5c 4465 736b       	
  00000035 03  746f 705c 5c75       	
  0000003b 03  6e69                 	
  0000006c 03  0005 0200 0000   128 	        .d2line         4
  00000072 03  0003 030e            	
                                129 	.L5788:
  00000000 00  1821 06c0        130 		e_stwu		r1,-64(r1)
  00000024 02  410e 40          131 		.d2_cfa_def_cfa_offset	64
  00000004 00  0080             132 		se_mflr		r0,lr
                                133 	#$$br
  00000006 00  1a41 0908        134 		e_stmw		r18,8(r1)
  00000027 02  4192 0e93 0d94   135 		.d2_cfa_offset_list	18,31,14,-1
  0000002d 02  0c95 0b96 0a97       	
  00000033 02  0998 0899 079a       	
  00000039 02  069b 059c 049d       	
  0000003f 02  039e 029f 01         	
                                136 	#$$er
  0000000a 00  5401 0044        137 		e_stw		r0,68(r1)
  00000044 02  4111 6c7f        138 		.d2_cfa_offset    108,-1
                                139 	#$$ee
  00000076 03  0207 0a          140 		.d2prologue_end
  0000000e 00  73e0 6000        141 		e_li		r31,-262144
  00000079 03  030a 16          142 	        .d2line         14
  00000012 00  1aff 8101        143 		e_addi		r23,r31,256
  00000016 00  50f7 0000        144 		e_lwz		r7,0(r23)
                                145 	#$$vo
  0000001a 00  74e7 0207        146 		e_rlwinm		r7,r7,0,8,3
  0000001e 00  6457             147 		se_bseti		r7,5
  00000020 00  54f7 0000        148 		e_stw		r7,0(r23)
                                149 	#$$vo
  00000024 00  73c0 6000        150 		e_li		r30,-262144
  0000007c 03  3c               151 	        .d2line         16
  00000028 00  1ade 8101        152 		e_addi		r22,r30,256
  0000002c 00  50d6 0000        153 		e_lwz		r6,0(r22)
                                154 	#$$vo
  00000030 00  60a6             155 		se_bclri		r6,10
  00000032 00  54d6 0000        156 		e_stw		r6,0(r22)
                                157 	#$$vo
  00000036 00  73a0 6000        158 		e_li		r29,-262144
  0000007d 03  34               159 	        .d2line         18
  0000003a 00  1abd 8101        160 		e_addi		r21,r29,256
  0000003e 00  50f5 0000        161 		e_lwz		r7,0(r21)
                                162 	#$$vo
  00000042 00  6097             163 		se_bclri		r7,9
  00000044 00  54f5 0000        164 		e_stw		r7,0(r21)
                                165 	#$$vo
  00000048 00  7380 6000        166 		e_li		r28,-262144
  0000007e 03  34               167 	        .d2line         20
  0000004c 00  1a9c 8101        168 		e_addi		r20,r28,256
  00000050 00  50d4 0000        169 		e_lwz		r6,0(r20)
                                170 	#$$vo
  00000054 00  60b6             171 		se_bclri		r6,11
  00000056 00  54d4 0000        172 		e_stw		r6,0(r20)
                                173 	#$$vo
  0000005a 00  7360 6000        174 		e_li		r27,-262144
  0000007f 03  34               175 	        .d2line         22
  0000005e 00  1a7b 8101        176 		e_addi		r19,r27,256
  00000062 00  50f3 0000        177 		e_lwz		r7,0(r19)
                                178 	#$$vo
  00000066 00  74e7 0417        179 		e_rlwinm		r7,r7,0,16,11
  0000006a 00  64e7             180 		se_bseti		r7,14
  0000006c 00  54f3 0000        181 		e_stw		r7,0(r19)
                                182 	#$$vo
  00000070 00  7340 6000        183 		e_li		r26,-262144
  00000080 03  3c               184 	        .d2line         24
  00000074 00  1e5a 0104        185 		e_add16i	r18,r26,260
  00000078 00  50d2 0000        186 		e_lwz		r6,0(r18)
                                187 	#$$vo
  0000007c 00  74c6 0385        188 		e_rlwinm		r6,r6,0,14,2
  00000080 00  70c0 d25c        189 		e_oris		r6,604
  00000084 00  54d2 0000        190 		e_stw		r6,0(r18)
                                191 	#$$vo
  00000088 00  7320 6000        192 		e_li		r25,-262144
  00000081 03  030b 3e          193 	        .d2line         35
  0000008c 00  4806             194 		se_li		r6,0
  0000008e 00  54d9 00e0        195 		e_stw		r6,224(r25)
                                196 	#$$vo
  00000092 00  7300 6000        197 		e_li		r24,-262144
  00000084 03  23               198 	        .d2line         36
  00000096 00  4806             199 		se_li		r6,0
  00000098 00  54d8 0880        200 		e_stw		r6,2176(r24)
                                201 	#$$vo
  00000085 03  1c               202 	        .d2line         38
                                203 	#$$be
  00000086 03  0200 0b01        204 		.d2epilogue_begin
                                205 	#$$br
  0000009c 00  1a41 0808        206 		e_lmw		r18,8(r1)
                                207 	#$$er
  000000a0 00  5001 0044        208 		e_lwz		r0,68(r1)
  000000a4 00  0090             209 		se_mtlr		r0
  000000a6 00  1821 8040        210 		e_addi		r1,r1,64
                                211 	#$$tl 0x0 0x0 0x0
  000000aa 00  0004             212 		se_blr
                                213 	#$$ef
                                214 		.d2_cfa_end 2
                                215 		.section	.debug_info,,n
  000000d8 05  00               216 		.sleb128	0
                                217 	.L5787:
                                218 		.section	.text_vle,,c
                                219 	.L5789:
                                220 		.type		CANMsgBufInit,@function
                                221 		.size		CANMsgBufInit,.-CANMsgBufInit
                                222 	# Number of nodes = 38
                                223 	
                                224 	# Allocations for CANMsgBufInit
                                225 	#	r31		$$1
                                226 	#	r30		$$2
                                227 	#	r29		$$3
                                228 	#	r28		$$4
                                229 	#	r27		$$5
                                230 	#	r26		$$6
                                231 	#	r25		$$7
                                232 	#	r24		$$8
                                233 	#	r23		$$9
                                234 	#	r22		$$10
                                235 	#	r21		$$11
                                236 	#	r20		$$12
                                237 	#	r19		$$13
                                238 	#	r18		$$14
                                239 	
                                240 	#$$bf
                                241 		.align		2
                                242 		.globl		CANInit
  00000048 02  0000 003c 0000   243 		.d2_cfa_start __local_cie
  0000004e 02  0000 0000 0000       	
  00000054 02  0000 02be            	
                                244 	CANInit:
                                245 		.section	.debug_info,,n
                                246 	.L5796:
  000000d9 05  02               247 		.sleb128	2
  000000da 05  0000 0105        248 		.4byte		.L5793-.L2
  000000de 05  4341 4e49 6e69   249 		.byte		"CANInit"
  000000e4 05  74                   	
  000000e5 05  00               250 		.byte		0
  000000e6 05  0000 0001        251 		.4byte		.L5790
  000000ea 05  2e               252 		.uleb128	46
  000000eb 05  01               253 		.byte		0x1
  000000ec 05  01               254 		.byte		0x1
  000000ed 05  0000 0000        255 		.4byte		.L5794
  000000f1 05  0000 0000        256 		.4byte		.L5795
                                257 		.section	.debug_abbrev,,n
  0000002a 04  03               258 		.uleb128	3
  0000002b 04  34               259 		.uleb128	52
  0000002c 04  00               260 		.byte		0x0
  0000002d 04  3a               261 		.uleb128	58
  0000002e 04  06               262 		.uleb128	6
  0000002f 04  3b               263 		.uleb128	59
  00000030 04  0f               264 		.uleb128	15
  00000031 04  03               265 		.uleb128	3
  00000032 04  08               266 		.uleb128	8
  00000033 04  49               267 		.uleb128	73
  00000034 04  10               268 		.uleb128	16
  00000035 04  02               269 		.uleb128	2
  00000036 04  09               270 		.uleb128	9
  00000037 04  00               271 		.uleb128	0
  00000038 04  00               272 		.uleb128	0
                                273 		.section	.debug_info,,n
                                274 	.L5797:
  000000f5 05  03               275 		.sleb128	3
  000000f6 05  0000 0001        276 		.4byte		.L5790
  000000fa 05  30               277 		.uleb128	48
  000000fb 05  69               278 		.byte		"i"
  000000fc 05  00               279 		.byte		0
  000000fd 05  0000 0000        280 		.4byte		.L5798
  00000101 05  02               281 		.sleb128	2
  00000102 05  90               282 		.byte		0x90
  00000103 05  1f               283 		.uleb128	31
                                284 		.section	.text_vle,,c
  0000008a 03  0309 2e          285 	        .d2line         47
                                286 	.L5794:
  000000ac 00  701f 7f20        287 		e_li		r0,-224
  000000b0 00  7c21 016e        288 		stwux		r1,r1,r0
  00000058 02  420e e001        289 		.d2_cfa_def_cfa_offset	224
  000000b4 00  0080             290 		se_mflr		r0,lr
                                291 	#$$br
  000000b6 00  1961 8098        292 		e_addi		r11,r1,152
  000000ba 00  19cb 0900        293 		e_stmw		r14,0(r11)
  0000005c 02  428e 128f 1190   294 		.d2_cfa_offset_list	14,31,18,-1
  00000062 02  1091 0f92 0e93       	
  00000068 02  0d94 0c95 0b96       	
  0000006e 02  0a97 0998 0899       	
  00000074 02  079a 069b 059c       	
  0000007a 02  049d                 	
                                295 	#$$er
  000000be 00  5401 00e4        296 		e_stw		r0,228(r1)
  00000081 02  4111 6c7f        297 		.d2_cfa_offset    108,-1
                                298 	#$$ee
  0000008d 03  020b 0a          299 		.d2prologue_end
  000000c2 00  70e0 6000        300 		e_li		r7,-262144
  000000c6 00  d871             301 		se_stw		r7,32(r1)
  00000090 03  0304 1a          302 	        .d2line         51
  000000c8 00  c8e1             303 		se_lwz		r30,32(r1)
  000000ca 00  203e             304 		se_addi		r30,4
  000000cc 00  c07e             305 		se_lwz		r7,0(r30)
                                306 	#$$vo
  000000ce 00  6527             307 		se_bseti		r7,18
  000000d0 00  d07e             308 		se_stw		r7,0(r30)
                                309 	#$$vo
  000000d2 00  70c0 6000        310 		e_li		r6,-262144
  000000d6 00  d961             311 		se_stw		r6,36(r1)
  000000d8 00  c9d1             312 		se_lwz		r29,36(r1)
  00000093 03  0304 32          313 	        .d2line         55
  000000da 00  c06d             314 		se_lwz		r6,0(r29)
                                315 	#$$vo
  000000dc 00  6006             316 		se_bclri		r6,32
  000000de 00  d06d             317 		se_stw		r6,0(r29)
                                318 	#$$vo
  000000e0 00  70e0 6000        319 		e_li		r7,-262144
  000000e4 00  da71             320 		se_stw		r7,40(r1)
  000000e6 00  cac1             321 		se_lwz		r28,40(r1)
  00000096 03  2c               322 	        .d2line         57
  000000e8 00  c07c             323 		se_lwz		r7,0(r28)
                                324 	#$$vo
  000000ea 00  64f7             325 		se_bseti		r7,15
  000000ec 00  d07c             326 		se_stw		r7,0(r28)
                                327 	#$$vo
  000000ee 00  70c0 6000        328 		e_li		r6,-262144
  000000f2 00  db61             329 		se_stw		r6,44(r1)
  000000f4 00  cbb1             330 		se_lwz		r27,44(r1)
  00000097 03  2c               331 	        .d2line         59
  000000f6 00  c06b             332 		se_lwz		r6,0(r27)
                                333 	#$$vo
  000000f8 00  64a6             334 		se_bseti		r6,10
  000000fa 00  d06b             335 		se_stw		r6,0(r27)
                                336 	#$$vo
  000000fc 00  70e0 6000        337 		e_li		r7,-262144
  00000100 00  dc71             338 		se_stw		r7,48(r1)
  00000102 00  cca1             339 		se_lwz		r26,48(r1)
  00000098 03  2c               340 	        .d2line         61
  00000104 00  c07a             341 		se_lwz		r7,0(r26)
                                342 	#$$vo
  00000106 00  64e7             343 		se_bseti		r7,14
  00000108 00  d07a             344 		se_stw		r7,0(r26)
                                345 	#$$vo
  0000010a 00  70c0 6000        346 		e_li		r6,-262144
  0000010e 00  dd61             347 		se_stw		r6,52(r1)
  00000110 00  cd91             348 		se_lwz		r25,52(r1)
  00000099 03  2c               349 	        .d2line         63
  00000112 00  c069             350 		se_lwz		r6,0(r25)
                                351 	#$$vo
  00000114 00  6426             352 		se_bseti		r6,2
  00000116 00  d069             353 		se_stw		r6,0(r25)
                                354 	#$$vo
  00000118 00  70e0 6000        355 		e_li		r7,-262144
  0000011c 00  de71             356 		se_stw		r7,56(r1)
  0000011e 00  ce81             357 		se_lwz		r24,56(r1)
  0000009a 03  2c               358 	        .d2line         65
  00000120 00  c078             359 		se_lwz		r7,0(r24)
                                360 	#$$vo
  00000122 00  74e7 062b        361 		e_rlwinm		r7,r7,0,24,21
  00000126 00  d078             362 		se_stw		r7,0(r24)
                                363 	#$$vo
  00000128 00  70c0 6000        364 		e_li		r6,-262144
  0000012c 00  df61             365 		se_stw		r6,60(r1)
  0000012e 00  52e1 003c        366 		e_lwz		r23,60(r1)
  0000009b 03  34               367 	        .d2line         67
  00000132 00  50d7 0000        368 		e_lwz		r6,0(r23)
                                369 	#$$vo
  00000136 00  6536             370 		se_bseti		r6,19
  00000138 00  54d7 0000        371 		e_stw		r6,0(r23)
                                372 	#$$vo
  0000013c 00  70e0 6000        373 		e_li		r7,-262144
  00000140 00  54e1 0040        374 		e_stw		r7,64(r1)
  00000144 00  52c1 0040        375 		e_lwz		r22,64(r1)
  0000009c 03  3c               376 	        .d2line         69
  00000148 00  50f6 0000        377 		e_lwz		r7,0(r22)
                                378 	#$$vo
  0000014c 00  6127             379 		se_bclri		r7,18
  0000014e 00  54f6 0000        380 		e_stw		r7,0(r22)
                                381 	#$$vo
  00000152 00  70c0 6000        382 		e_li		r6,-262144
  00000156 00  54c1 0044        383 		e_stw		r6,68(r1)
  0000015a 00  52a1 0044        384 		e_lwz		r21,68(r1)
  0000009d 03  3c               385 	        .d2line         71
  0000015e 00  50d5 0000        386 		e_lwz		r6,0(r21)
                                387 	#$$vo
  00000162 00  74c6 0033        388 		e_rlwinm		r6,r6,0,0,25
  00000166 00  18c6 d011        389 		e_ori		r6,r6,17
  0000016a 00  54d5 0000        390 		e_stw		r6,0(r21)
                                391 	#$$vo
  0000016e 00  70e0 6000        392 		e_li		r7,-262144
  00000172 00  54e1 0048        393 		e_stw		r7,72(r1)
  0000009e 03  0304 3e          394 	        .d2line         75
  00000176 00  5281 0048        395 		e_lwz		r20,72(r1)
  0000017a 00  1a94 8004        396 		e_addi		r20,r20,4
  0000017e 00  50f4 0000        397 		e_lwz		r7,0(r20)
                                398 	#$$vo
  00000182 00  74e7 0039        399 		e_rlwinm		r7,r7,0,0,28
  00000186 00  65e7             400 		se_bseti		r7,30
  00000188 00  54f4 0000        401 		e_stw		r7,0(r20)
                                402 	#$$vo
  0000018c 00  70c0 6000        403 		e_li		r6,-262144
  00000190 00  54c1 004c        404 		e_stw		r6,76(r1)
  000000a1 03  4c               405 	        .d2line         77
  00000194 00  5261 004c        406 		e_lwz		r19,76(r1)
  00000198 00  1a73 8004        407 		e_addi		r19,r19,4
  0000019c 00  50d3 0000        408 		e_lwz		r6,0(r19)
                                409 	#$$vo
  000001a0 00  74c6 0353        410 		e_rlwinm		r6,r6,0,13,9
  000001a4 00  64c6             411 		se_bseti		r6,12
  000001a6 00  54d3 0000        412 		e_stw		r6,0(r19)
                                413 	#$$vo
  000001aa 00  70e0 6000        414 		e_li		r7,-262144
  000001ae 00  54e1 0050        415 		e_stw		r7,80(r1)
  000000a2 03  4c               416 	        .d2line         79
  000001b2 00  5241 0050        417 		e_lwz		r18,80(r1)
  000001b6 00  1a52 8004        418 		e_addi		r18,r18,4
  000001ba 00  50f2 0000        419 		e_lwz		r7,0(r18)
                                420 	#$$vo
  000001be 00  74e7 0419        421 		e_rlwinm		r7,r7,0,16,12
  000001c2 00  64f7             422 		se_bseti		r7,15
  000001c4 00  54f2 0000        423 		e_stw		r7,0(r18)
                                424 	#$$vo
  000001c8 00  70c0 6000        425 		e_li		r6,-262144
  000001cc 00  54c1 0054        426 		e_stw		r6,84(r1)
  000000a3 03  4c               427 	        .d2line         81
  000001d0 00  5221 0054        428 		e_lwz		r17,84(r1)
  000001d4 00  1a31 8004        429 		e_addi		r17,r17,4
  000001d8 00  50d1 0000        430 		e_lwz		r6,0(r17)
                                431 	#$$vo
  000001dc 00  74c6 028f        432 		e_rlwinm		r6,r6,0,10,7
  000001e0 00  54d1 0000        433 		e_stw		r6,0(r17)
                                434 	#$$vo
  000001e4 00  70e0 6000        435 		e_li		r7,-262144
  000001e8 00  54e1 0058        436 		e_stw		r7,88(r1)
  000000a4 03  48               437 	        .d2line         83
  000001ec 00  5201 0058        438 		e_lwz		r16,88(r1)
  000001f0 00  1a10 8004        439 		e_addi		r16,r16,4
  000001f4 00  50f0 0000        440 		e_lwz		r7,0(r16)
                                441 	#$$vo
  000001f8 00  74e7 023f        442 		e_rlwinm		r7,r7,0,8,31
  000001fc 00  18e7 d303        443 		e_ori		r7,r7,50331648
  00000200 00  54f0 0000        444 		e_stw		r7,0(r16)
                                445 	#$$vo
  00000204 00  70c0 6000        446 		e_li		r6,-262144
  00000208 00  54c1 005c        447 		e_stw		r6,92(r1)
  000000a5 03  50               448 	        .d2line         85
  0000020c 00  51e1 005c        449 		e_lwz		r15,92(r1)
  00000210 00  19ef 8004        450 		e_addi		r15,r15,4
  00000214 00  50cf 0000        451 		e_lwz		r6,0(r15)
                                452 	#$$vo
  00000218 00  65b6             453 		se_bseti		r6,27
  0000021a 00  54cf 0000        454 		e_stw		r6,0(r15)
                                455 	#$$vo
  0000021e 00  70e0 6000        456 		e_li		r7,-262144
  00000222 00  54e1 0060        457 		e_stw		r7,96(r1)
  000000a6 03  44               458 	        .d2line         87
  00000226 00  51c1 0060        459 		e_lwz		r14,96(r1)
  0000022a 00  19ce 8004        460 		e_addi		r14,r14,4
  0000022e 00  50ee 0000        461 		e_lwz		r7,0(r14)
                                462 	#$$vo
  00000232 00  6137             463 		se_bclri		r7,19
  00000234 00  54ee 0000        464 		e_stw		r7,0(r14)
                                465 	#$$vo
  000000a7 03  0303 32          466 	        .d2line         90
  00000238 00  480f             467 		se_li		r31,0
                                468 	.L5782:
  0000023a 00  227f             469 		se_cmpli		r31,8
  0000023c 00  e00a             470 		bc		0,0,.L5780	# ge
  000000aa 03  1c               471 	        .d2line         92
  0000023e 00  77e7 103b        472 		e_rlwinm		r7,r31,2,0,29
  00000242 00  70c0 60e0        473 		e_li		r6,-261920
  00000246 00  0467             474 		se_add		r7,r6
  00000248 00  4805             475 		se_li		r5,0
  0000024a 00  d057             476 		se_stw		r5,0(r7)
                                477 	#$$vo
  000000ab 03  037e 2a          478 	        .d2line         90
  0000024c 00  200f             479 		se_addi		r31,1
  000000ae 03  0303 12          480 	        .d2line         93
  0000024e 00  e8f6             481 		b		.L5782
                                482 	.L5780:
  00000250 00  70e0 6000        483 		e_li		r7,-262144
  00000254 00  54e1 0064        484 		e_stw		r7,100(r1)
  000000b1 03  0305 22          485 	        .d2line         98
  00000258 00  50c1 0064        486 		e_lwz		r6,100(r1)
  0000025c 00  4807             487 		se_li		r7,0
  0000025e 00  d476             488 		se_stw		r7,16(r6)
                                489 	#$$vo
  00000260 00  70c0 6000        490 		e_li		r6,-262144
  00000264 00  54c1 0068        491 		e_stw		r6,104(r1)
  000000b4 03  30               492 	        .d2line         100
  00000268 00  50e1 0068        493 		e_lwz		r7,104(r1)
  0000026c 00  4806             494 		se_li		r6,0
  0000026e 00  d567             495 		se_stw		r6,20(r7)
                                496 	#$$vo
  00000270 00  70e0 6000        497 		e_li		r7,-262144
  00000274 00  54e1 006c        498 		e_stw		r7,108(r1)
  000000b5 03  30               499 	        .d2line         102
  00000278 00  50c1 006c        500 		e_lwz		r6,108(r1)
  0000027c 00  4807             501 		se_li		r7,0
  0000027e 00  d676             502 		se_stw		r7,24(r6)
                                503 	#$$vo
  00000280 00  70c0 6000        504 		e_li		r6,-262144
  00000284 00  54c1 0070        505 		e_stw		r6,112(r1)
  000000b6 03  0303 2e          506 	        .d2line         105
  00000288 00  50e1 0070        507 		e_lwz		r7,112(r1)
  0000028c 00  2037             508 		se_addi		r7,4
  0000028e 00  d271             509 		se_stw		r7,8(r1)
  00000290 00  c261             510 		se_lwz		r6,8(r1)
  00000292 00  c271             511 		se_lwz		r7,8(r1)
  00000294 00  c077             512 		se_lwz		r7,0(r7)
                                513 	#$$vo
  00000296 00  6507             514 		se_bseti		r7,16
  00000298 00  d076             515 		se_stw		r7,0(r6)
                                516 	#$$vo
  0000029a 00  70c0 6000        517 		e_li		r6,-262144
  0000029e 00  54c1 0074        518 		e_stw		r6,116(r1)
  000000b9 03  44               519 	        .d2line         107
  000002a2 00  50e1 0074        520 		e_lwz		r7,116(r1)
  000002a6 00  2037             521 		se_addi		r7,4
  000002a8 00  d371             522 		se_stw		r7,12(r1)
  000002aa 00  c361             523 		se_lwz		r6,12(r1)
  000002ac 00  c371             524 		se_lwz		r7,12(r1)
  000002ae 00  c077             525 		se_lwz		r7,0(r7)
                                526 	#$$vo
  000002b0 00  6517             527 		se_bseti		r7,17
  000002b2 00  d076             528 		se_stw		r7,0(r6)
                                529 	#$$vo
  000002b4 00  70c0 6000        530 		e_li		r6,-262144
  000002b8 00  54c1 0078        531 		e_stw		r6,120(r1)
  000000ba 03  44               532 	        .d2line         109
  000002bc 00  50e1 0078        533 		e_lwz		r7,120(r1)
  000002c0 00  2037             534 		se_addi		r7,4
  000002c2 00  d471             535 		se_stw		r7,16(r1)
  000002c4 00  c461             536 		se_lwz		r6,16(r1)
  000002c6 00  c471             537 		se_lwz		r7,16(r1)
  000002c8 00  c077             538 		se_lwz		r7,0(r7)
                                539 	#$$vo
  000002ca 00  6547             540 		se_bseti		r7,20
  000002cc 00  d076             541 		se_stw		r7,0(r6)
                                542 	#$$vo
  000002ce 00  70c0 6000        543 		e_li		r6,-262144
  000002d2 00  54c1 007c        544 		e_stw		r6,124(r1)
  000000bb 03  44               545 	        .d2line         111
  000002d6 00  50e1 007c        546 		e_lwz		r7,124(r1)
  000002da 00  2037             547 		se_addi		r7,4
  000002dc 00  d571             548 		se_stw		r7,20(r1)
  000002de 00  c561             549 		se_lwz		r6,20(r1)
  000002e0 00  c571             550 		se_lwz		r7,20(r1)
  000002e2 00  c077             551 		se_lwz		r7,0(r7)
                                552 	#$$vo
  000002e4 00  6557             553 		se_bseti		r7,21
  000002e6 00  d076             554 		se_stw		r7,0(r6)
                                555 	#$$vo
  000002e8 00  70c0 6000        556 		e_li		r6,-262144
  000002ec 00  54c1 0080        557 		e_stw		r6,128(r1)
  000002f0 00  50e1 0080        558 		e_lwz		r7,128(r1)
  000002f4 00  d671             559 		se_stw		r7,24(r1)
  000000bc 03  50               560 	        .d2line         113
  000002f6 00  c661             561 		se_lwz		r6,24(r1)
  000002f8 00  c671             562 		se_lwz		r7,24(r1)
  000002fa 00  c077             563 		se_lwz		r7,0(r7)
                                564 	#$$vo
  000002fc 00  6457             565 		se_bseti		r7,5
  000002fe 00  d076             566 		se_stw		r7,0(r6)
                                567 	#$$vo
  00000300 00  70c0 6000        568 		e_li		r6,-262144
  00000304 00  54c1 0084        569 		e_stw		r6,132(r1)
  000000bd 03  0303 32          570 	        .d2line         116
  00000308 00  50e1 0084        571 		e_lwz		r7,132(r1)
  0000030c 00  2c06             572 		se_bmaski		r6,0
  0000030e 00  da67             573 		se_stw		r6,40(r7)
                                574 	#$$vo
  00000310 00  70e0 6000        575 		e_li		r7,-262144
  00000314 00  54e1 0088        576 		e_stw		r7,136(r1)
  000000c0 03  30               577 	        .d2line         118
  00000318 00  50c1 0088        578 		e_lwz		r6,136(r1)
  0000031c 00  2c07             579 		se_bmaski		r7,0
  0000031e 00  dc76             580 		se_stw		r7,48(r6)
                                581 	#$$vo
  000000c1 03  0303 1e          582 	        .d2line         121
  00000320 00  480f             583 		se_li		r31,0
                                584 	.L5785:
  00000322 00  189f a840        585 		cmpli		0,0,r31,64
  00000326 00  e00a             586 		bc		0,0,.L5783	# ge
  000000c4 03  20               587 	        .d2line         123
  00000328 00  77e7 103b        588 		e_rlwinm		r7,r31,2,0,29
  0000032c 00  70c1 6080        589 		e_li		r6,-259968
  00000330 00  0467             590 		se_add		r7,r6
  00000332 00  2c05             591 		se_bmaski		r5,0
  00000334 00  d057             592 		se_stw		r5,0(r7)
                                593 	#$$vo
  000000c5 03  037e 2a          594 	        .d2line         121
  00000336 00  200f             595 		se_addi		r31,1
  000000c8 03  0303 12          596 	        .d2line         124
  00000338 00  e8f5             597 		b		.L5785
                                598 	.L5783:
  000000cb 03  14               599 	        .d2line         126
                                600 	#$$fn 0xc0 0 0 0x0
                                601 	#$$tl 0x0 0x0 0x0
                                602 	#$$rs 0 s
  0000033a 00  79ff fcc7        603 		bl		CANMsgBufInit
  0000033e 00  70e0 6000        604 		e_li		r7,-262144
  00000342 00  54e1 008c        605 		e_stw		r7,140(r1)
  00000346 00  50c1 008c        606 		e_lwz		r6,140(r1)
  0000034a 00  d761             607 		se_stw		r6,28(r1)
  000000cc 03  0303 32          608 	        .d2line         129
  0000034c 00  c771             609 		se_lwz		r7,28(r1)
  0000034e 00  c761             610 		se_lwz		r6,28(r1)
  00000350 00  c066             611 		se_lwz		r6,0(r6)
                                612 	#$$vo
  00000352 00  6036             613 		se_bclri		r6,3
  00000354 00  d067             614 		se_stw		r6,0(r7)
                                615 	#$$vo
  000000cf 03  23               616 	        .d2line         130
                                617 	#$$be
  000000d0 03  0200 0b01        618 		.d2epilogue_begin
                                619 	#$$br
  00000356 00  1961 8098        620 		e_addi		r11,r1,152
  0000035a 00  19cb 0800        621 		e_lmw		r14,0(r11)
                                622 	#$$er
  0000035e 00  5001 00e4        623 		e_lwz		r0,228(r1)
  00000362 00  0090             624 		se_mtlr		r0
  00000364 00  1821 80e0        625 		e_addi		r1,r1,224
                                626 	#$$tl 0x0 0x0 0x0
  00000368 00  0004             627 		se_blr
                                628 	#$$ef
                                629 		.d2_cfa_end 2
                                630 		.section	.debug_info,,n
  00000104 05  00               631 		.sleb128	0
                                632 	.L5793:
                                633 		.section	.text_vle,,c
                                634 	.L5795:
                                635 		.type		CANInit,@function
                                636 		.size		CANInit,.-CANInit
                                637 	# Number of nodes = 175
                                638 	
                                639 	# Allocations for CANInit
                                640 	#	r31		i
                                641 	#	SP,32		$$15
                                642 	#	SP,36		$$16
                                643 	#	SP,40		$$17
                                644 	#	SP,44		$$18
                                645 	#	SP,48		$$19
                                646 	#	SP,52		$$20
                                647 	#	SP,56		$$21
                                648 	#	SP,60		$$22
                                649 	#	SP,64		$$23
                                650 	#	SP,68		$$24
                                651 	#	SP,72		$$25
                                652 	#	SP,76		$$26
                                653 	#	SP,80		$$27
                                654 	#	SP,84		$$28
                                655 	#	SP,88		$$29
                                656 	#	SP,92		$$30
                                657 	#	SP,96		$$31
                                658 	#	SP,100		$$32
                                659 	#	SP,104		$$33
                                660 	#	SP,108		$$34
                                661 	#	SP,112		$$35
                                662 	#	SP,116		$$36
                                663 	#	SP,120		$$37
                                664 	#	SP,124		$$38
                                665 	#	SP,128		$$39
                                666 	#	SP,132		$$40
                                667 	#	SP,136		$$41
                                668 	#	SP,140		$$42
                                669 	#	r30		$$43
                                670 	#	r29		$$44
                                671 	#	r28		$$45
                                672 	#	r27		$$46
                                673 	#	r26		$$47
                                674 	#	r25		$$48
                                675 	#	r24		$$49
                                676 	#	r23		$$50
                                677 	#	r22		$$51
                                678 	#	r21		$$52
                                679 	#	r20		$$53
                                680 	#	r19		$$54
                                681 	#	r18		$$55
                                682 	#	r17		$$56
                                683 	#	r16		$$57
                                684 	#	r15		$$58
                                685 	#	r14		$$59
                                686 	#	SP,8		$$60
                                687 	#	SP,12		$$61
                                688 	#	SP,16		$$62
                                689 	#	SP,20		$$63
                                690 	#	SP,24		$$64
                                691 	#	SP,28		$$65
                                692 	
                                693 	# Allocations for module
                                694 		.section	.debug_abbrev,,n
  00000039 04  04               695 		.uleb128	4
  0000003a 04  24               696 		.uleb128	36
  0000003b 04  00               697 		.byte		0x0
  0000003c 04  03               698 		.uleb128	3
  0000003d 04  08               699 		.uleb128	8
  0000003e 04  3e               700 		.uleb128	62
  0000003f 04  0b               701 		.uleb128	11
  00000040 04  0b               702 		.uleb128	11
  00000041 04  0b               703 		.uleb128	11
  00000042 04  00               704 		.uleb128	0
  00000043 04  00               705 		.uleb128	0
                                706 		.section	.debug_info,,n
                                707 	.L5798:
  00000105 05  04               708 		.sleb128	4
  00000106 05  756e 7369 676e   709 		.byte		"unsigned int"
  0000010c 05  6564 2069 6e74       	
  00000112 05  00               710 		.byte		0
  00000113 05  07               711 		.byte		0x7
  00000114 05  04               712 		.byte		0x4
                                713 	.L7:
  00000115 05  00               714 		.sleb128	0
                                715 	.L3:
                                716 		.section	.text_vle,,c
                                717 	.L5:
                                718 	.L5790:	.d2filenum "C:\\Users\\murv\\Desktop\\unit2\\TASK3\\subtask1\\Template\\src\\can.c"
  000000d4 03  0005 0200 0000   719 		.d2_line_end
  000000da 03  0000 0101            	
                                720 		.section	.debug_abbrev,,n
  00000044 04  00               721 		.sleb128	0
