                                  1 	#$$m2		- PowerPC mnemonics
                                  2 	#$$pVLE		- PowerPC VLE encoding
                                  3 	#$$oPPC5534  - Optimized for PPC5534
                                  4 	#$$ko 9		- Reorder info
                                  5 		.file		"main.c"
                                  6 	#$$eb
                                  7 	#$$sz 0
                                  8 	#$$fp 0
                                  9 		.section	.PPC.EMB.apuinfo,,@note
  00000000 01  0000 0008         10 		.4byte		8
  00000004 01  0000 0004         11 		.4byte		4
  00000008 01  0000 0002         12 		.4byte		2
  0000000c 01  4150 5569 6e66    13 		.byte		"APUinfo"
  00000012 01  6f                   	
  00000013 01  00                14 		.byte		0
                                 15 		.align		2
  00000014 01  0104 0001         16 		.4byte		0x01040001
                                 17 		.section	.text_vle,,c
                                 18 		.section	.debug_frame,,n
                                 19 	__local_cie: 
  00000000 02  0000 0010         20 		.word	.LE-.LS
                                 21 	.LS:
  00000004 02  ffff ffff         22 		.word	-1
  00000008 02  01                23 		.byte	1
  00000009 02  00                24 		.byte	0
  0000000a 02  04                25 		.uleb128	4
  0000000b 02  7c                26 		.sleb128	-4
  0000000c 02  6c                27 		.byte	108
  0000000d 02  0c                28 		.byte	0x0c
  0000000e 02  01                29 		.byte	1
  0000000f 02  00                30 		.byte	0
  00000010 02  08                31 		.byte	8
  00000011 02  6c                32 		.byte	108
                                 33 		.fill           (.LS-.)&3
                                 34 	.LE:
                                 35 		.section	.debug_line,,n
                                 36 	.L8:
                                 37 		.section	.text_vle,,c
                                 38 	.L4:
  00000000 00                    39 		.0byte		.L2
  00000000 03  0000 00b9 0002    40 		.d2_line_start	.debug_line
  00000006 03  0000 0013 0201       	
  0000000c 03  ff04 0d00 0101       	
  00000012 03  0101 0000 0001       	
  00000018 03  0000 0100 00         	
                                 41 		.section	.debug_abbrev,,n
                                 42 	.L9:
                                 43 		.section	.debug_info,,n
                                 44 	.L2:
  00000000 05  0000 0177         45 		.4byte		.L3-.L1
                                 46 	.L1:
  00000004 05  0002              47 		.2byte		0x2
  00000006 05  0000 0000         48 		.4byte		.L9
  0000000a 05  04                49 		.byte		0x4
                                 50 		.section	.debug_abbrev,,n
  00000000 04  01                51 		.uleb128	1
  00000001 04  11                52 		.uleb128	17
  00000002 04  01                53 		.byte		0x1
  00000003 04  01                54 		.uleb128	1
  00000004 04  13                55 		.uleb128	19
  00000005 04  03                56 		.uleb128	3
  00000006 04  08                57 		.uleb128	8
  00000007 04  25                58 		.uleb128	37
  00000008 04  08                59 		.uleb128	8
  00000009 04  1b                60 		.uleb128	27
  0000000a 04  08                61 		.uleb128	8
  0000000b 04  13                62 		.uleb128	19
  0000000c 04  0f                63 		.uleb128	15
  0000000d 04  11                64 		.uleb128	17
  0000000e 04  01                65 		.uleb128	1
  0000000f 04  12                66 		.uleb128	18
  00000010 04  01                67 		.uleb128	1
  00000011 04  10                68 		.uleb128	16
  00000012 04  06                69 		.uleb128	6
  00000013 04  00                70 		.uleb128	0
  00000014 04  00                71 		.uleb128	0
                                 72 		.section	.debug_info,,n
  0000000b 05  01                73 		.sleb128	1
  0000000c 05  0000 017a         74 		.4byte		.L7-.L2
  00000010 05  433a 5c55 7365    75 		.byte		"C:\\Users\\murv\\Desktop\\unit2\\TASK3\\subtask1\\Template\\src\\ma
  00000016 05  7273 5c6d 7572       	in.c"
  0000001c 05  765c 4465 736b       	
  00000022 05  746f 705c 756e       	
  00000028 05  6974 325c 5441       	
  0000002e 05  534b                 	
  0000004e 05  00                76 		.byte		0
  0000004f 05  4469 6162 2044    77 		.byte		"Diab Data, Inc:dcc Rel 5.7.0.0:PPC5534"
  00000055 05  6174 612c 2049       	
  0000005b 05  6e63 3a64 6363       	
  00000061 05  2052 656c 2035       	
  00000067 05  2e37 2e30 2e30       	
  0000006d 05  3a50                 	
  00000075 05  00                78 		.byte		0
  00000076 05  433a 5c55 7365    79 		.byte		"C:\\Users\\murv\\Desktop\\unit2\\TASK3\\subtask1\\Template"
  0000007c 05  7273 5c6d 7572       	
  00000082 05  765c 4465 736b       	
  00000088 05  746f 705c 756e       	
  0000008e 05  6974 325c 5441       	
  00000094 05  534b                 	
  000000a9 05  00                80 		.byte		0
  000000aa 05  01                81 		.uleb128	1
  000000ab 05  0000 0000         82 		.4byte		.L4
  000000af 05  0000 0000         83 		.4byte		.L5
  000000b3 05  0000 0000         84 		.4byte		.L8
                                 85 		.section	.text_vle,,c
                                 86 	
                                 87 	#$$bf
                                 88 		.align		2
                                 89 		.globl		main
  00000014 02  0000 0018 0000    90 		.d2_cfa_start __local_cie
  0000001a 02  0000 0000 0000       	
  00000020 02  0000 0034            	
                                 91 	main:
                                 92 		.section	.debug_abbrev,,n
  00000015 04  02                93 		.uleb128	2
  00000016 04  2e                94 		.uleb128	46
  00000017 04  01                95 		.byte		0x1
  00000018 04  01                96 		.uleb128	1
  00000019 04  13                97 		.uleb128	19
  0000001a 04  03                98 		.uleb128	3
  0000001b 04  08                99 		.uleb128	8
  0000001c 04  3a               100 		.uleb128	58
  0000001d 04  06               101 		.uleb128	6
  0000001e 04  3b               102 		.uleb128	59
  0000001f 04  0f               103 		.uleb128	15
  00000020 04  3f               104 		.uleb128	63
  00000021 04  0c               105 		.uleb128	12
  00000022 04  27               106 		.uleb128	39
  00000023 04  0c               107 		.uleb128	12
  00000024 04  11               108 		.uleb128	17
  00000025 04  01               109 		.uleb128	1
  00000026 04  12               110 		.uleb128	18
  00000027 04  01               111 		.uleb128	1
  00000028 04  00               112 		.uleb128	0
  00000029 04  00               113 		.uleb128	0
                                114 		.section	.debug_info,,n
                                115 	.L5810:
  000000b7 05  02               116 		.sleb128	2
  000000b8 05  0000 00d1        117 		.4byte		.L5806-.L2
  000000bc 05  6d61 696e        118 		.byte		"main"
  000000c0 05  00               119 		.byte		0
  000000c1 05  0000 0001        120 		.4byte		.L5809
  000000c5 05  08               121 		.uleb128	8
  000000c6 05  01               122 		.byte		0x1
  000000c7 05  01               123 		.byte		0x1
  000000c8 05  0000 0000        124 		.4byte		.L5807
  000000cc 05  0000 0000        125 		.4byte		.L5808
                                126 		.section	.text_vle,,c
  0000001d 03  004c 0343 3a5c   127 		.d2file		"C:\\Users\\murv\\Desktop\\unit2\\TASK3\\subtask1\\Template\\src\\ma
  00000023 03  5c55 7365 7273       	in.c"
  00000029 03  5c5c 6d75 7276       	
  0000002f 03  5c5c 4465 736b       	
  00000035 03  746f 705c 5c75       	
  0000003b 03  6e69                 	
  0000006d 03  0005 0200 0000   128 	        .d2line         9
  00000073 03  0003 080e            	
                                129 	.L5807:
  00000000 00  1821 06f0        130 		e_stwu		r1,-16(r1)
  00000024 02  410e 10          131 		.d2_cfa_def_cfa_offset	16
  00000004 00  0080             132 		se_mflr		r0,lr
                                133 	#$$br
  00000006 00  d3f1             134 		se_stw		r31,12(r1)
  00000027 02  419f 01          135 		.d2_cfa_offset	31,1
                                136 	#$$er
  00000008 00  d501             137 		se_stw		r0,20(r1)
  0000002a 02  116c 7f          138 		.d2_cfa_offset    108,-1
                                139 	#$$ee
  00000077 03  0205 0a          140 		.d2prologue_end
  0000007a 03  10               141 	        .d2line         11
                                142 	#$$fn 0x1ff8 0 0 0x1
                                143 	#$$tl 0x0 0x0 0x0
                                144 	#$$rs 0 s
  0000000a 00  7800 0001        145 		bl		Init
  0000007b 03  18               146 	        .d2line         13
  0000000e 00  4803             147 		se_li		r3,0
  00000010 00  7080 00c8        148 		e_li		r4,200
                                149 	#$$fn 0x1ff8 0 0 0x1
                                150 	#$$tl 0x18 0x0 0x0
                                151 	#$$rs 0 s
  00000014 00  7800 0001        152 		bl		PIT_ConfigureTimer
  0000007c 03  0303 22          153 	        .d2line         16
  00000018 00  4803             154 		se_li		r3,0
                                155 	#$$fn 0x1ff8 0 0 0x1
                                156 	#$$tl 0x8 0x0 0x0
                                157 	#$$rs 0 s
  0000001a 00  7800 0001        158 		bl		PIT_StartTimer
  0000001e 00  73f8 e3f9        159 		e_lis		r31,50169
  0000007f 03  24               160 	        .d2line         18
  00000022 00  4807             161 		se_li		r7,0
  00000024 00  34ff 0609        162 		e_stb		r7,1545(r31)
                                163 	#$$vo
                                164 	.L5781:
  00000080 03  030f 1a          165 	        .d2line         33
  00000028 00  e800             166 		b		.L5781
  00000083 03  14               167 	        .d2line         35
                                168 	#$$be
  00000084 03  0200 0b01        169 		.d2epilogue_begin
                                170 	#$$br
  0000002a 00  c3f1             171 		se_lwz		r31,12(r1)
                                172 	#$$er
  0000002c 00  c501             173 		se_lwz		r0,20(r1)
  0000002e 00  0090             174 		se_mtlr		r0
  00000030 00  20f1             175 		se_addi		r1,16
                                176 	#$$tl 0x0 0x0 0x0
  00000032 00  0004             177 		se_blr
                                178 	#$$ef
                                179 		.d2_cfa_end 2
                                180 		.section	.debug_info,,n
  000000d0 05  00               181 		.sleb128	0
                                182 	.L5806:
                                183 		.section	.text_vle,,c
                                184 	.L5808:
                                185 		.type		main,@function
                                186 		.size		main,.-main
                                187 	# Number of nodes = 17
                                188 	
                                189 	# Allocations for main
                                190 	#	r31		$$1
                                191 	
                                192 	#$$bf
                                193 		.align		2
                                194 		.globl		PITCHANNEL0
  00000030 02  0000 0024 0000   195 		.d2_cfa_start __local_cie
  00000036 02  0000 0000 0000       	
  0000003c 02  0000 00be            	
                                196 	PITCHANNEL0:
                                197 		.section	.debug_abbrev,,n
  0000002a 04  03               198 		.uleb128	3
  0000002b 04  2e               199 		.uleb128	46
  0000002c 04  01               200 		.byte		0x1
  0000002d 04  01               201 		.uleb128	1
  0000002e 04  13               202 		.uleb128	19
  0000002f 04  03               203 		.uleb128	3
  00000030 04  08               204 		.uleb128	8
  00000031 04  3a               205 		.uleb128	58
  00000032 04  06               206 		.uleb128	6
  00000033 04  3b               207 		.uleb128	59
  00000034 04  0f               208 		.uleb128	15
  00000035 04  3f               209 		.uleb128	63
  00000036 04  0c               210 		.uleb128	12
  00000037 04  11               211 		.uleb128	17
  00000038 04  01               212 		.uleb128	1
  00000039 04  12               213 		.uleb128	18
  0000003a 04  01               214 		.uleb128	1
  0000003b 04  00               215 		.uleb128	0
  0000003c 04  00               216 		.uleb128	0
                                217 		.section	.debug_info,,n
                                218 	.L5815:
  000000d1 05  03               219 		.sleb128	3
  000000d2 05  0000 00f1        220 		.4byte		.L5812-.L2
  000000d6 05  5049 5443 4841   221 		.byte		"PITCHANNEL0"
  000000dc 05  4e4e 454c 30         	
  000000e1 05  00               222 		.byte		0
  000000e2 05  0000 0001        223 		.4byte		.L5809
  000000e6 05  2f               224 		.uleb128	47
  000000e7 05  01               225 		.byte		0x1
  000000e8 05  0000 0000        226 		.4byte		.L5813
  000000ec 05  0000 0000        227 		.4byte		.L5814
                                228 		.section	.text_vle,,c
  00000088 03  030c 22          229 	        .d2line         47
                                230 	.L5813:
  00000034 00  1821 06d0        231 		e_stwu		r1,-48(r1)
  00000040 02  410e 30          232 		.d2_cfa_def_cfa_offset	48
  00000038 00  0080             233 		se_mflr		r0,lr
                                234 	#$$br
  0000003a 00  1b01 0910        235 		e_stmw		r24,16(r1)
  00000043 02  4198 0899 079a   236 		.d2_cfa_offset_list	24,31,8,-1
  00000049 02  069b 059c 049d       	
  0000004f 02  039e 029f 01         	
                                237 	#$$er
  0000003e 00  dd01             238 		se_stw		r0,52(r1)
  00000054 02  116c 7f          239 		.d2_cfa_offset    108,-1
                                240 	#$$ee
  0000008b 03  0206 0a          241 		.d2prologue_end
  00000040 00  73e0 6000        242 		e_li		r31,-262144
  0000008e 03  18               243 	        .d2line         49
  00000044 00  50c0 0000        244 		e_lwz		r6,speed@sdarx(r0)
  00000048 00  34df 0108        245 		e_stb		r6,264(r31)
                                246 	#$$vo
  0000004c 00  73c0 6000        247 		e_li		r30,-262144
  0000008f 03  27               248 	        .d2line         50
  00000050 00  50c0 0000        249 		e_lwz		r6,speed@sdarx(r0)
  00000054 00  6a86             250 		se_srawi		r6,8
  00000056 00  34de 0109        251 		e_stb		r6,265(r30)
                                252 	#$$vo
  0000005a 00  73a0 6000        253 		e_li		r29,-262144
  00000090 03  2b               254 	        .d2line         51
  0000005e 00  1b3d 8101        255 		e_addi		r25,r29,256
  00000062 00  c079             256 		se_lwz		r7,0(r25)
                                257 	#$$vo
  00000064 00  74e7 0207        258 		e_rlwinm		r7,r7,0,8,3
  00000068 00  18e7 d30c        259 		e_ori		r7,r7,201326592
  0000006c 00  d079             260 		se_stw		r7,0(r25)
                                261 	#$$vo
  0000006e 00  7398 e3f9        262 		e_lis		r28,50169
  00000091 03  0303 36          263 	        .d2line         54
  00000072 00  7378 e3f9        264 		e_lis		r27,50169
  00000076 00  30db 0609        265 		e_lbz		r6,1545(r27)
                                266 	#$$vo
  0000007a 00  7cc6 30f8        267 		nor		r6,r6,r6
  0000007e 00  34dc 0609        268 		e_stb		r6,1545(r28)
                                269 	#$$vo
  00000094 03  2f               270 	        .d2line         55
  00000082 00  50e0 0000        271 		e_lwz		r7,speed@sdarx(r0)
  00000086 00  7007 992c        272 		cmpi		0,0,r7,300
  0000008a 00  e208             273 		bc		0,2,.L5783	# ne
  0000008c 00  50e0 0000        274 		e_lwz		r7,up@sdarx(r0)
  00000090 00  2a17             275 		se_cmpi		r7,1
  00000092 00  e204             276 		bc		0,2,.L5783	# ne
  00000095 03  33               277 	        .d2line         56
  00000094 00  4807             278 		se_li		r7,0
  00000096 00  54e0 0000        279 		e_stw		r7,up@sdarx(r0)
                                280 	.L5783:
  00000096 03  0303 1a          281 	        .d2line         59
  0000009a 00  50e0 0000        282 		e_lwz		r7,speed@sdarx(r0)
  0000009e 00  2a07             283 		se_cmpi		r7,0
  000000a0 00  e208             284 		bc		0,2,.L5784	# ne
  000000a2 00  50e0 0000        285 		e_lwz		r7,up@sdarx(r0)
  000000a6 00  2a07             286 		se_cmpi		r7,0
  000000a8 00  e204             287 		bc		0,2,.L5784	# ne
  00000099 03  2f               288 	        .d2line         60
  000000aa 00  4817             289 		se_li		r7,1
  000000ac 00  54e0 0000        290 		e_stw		r7,up@sdarx(r0)
                                291 	.L5784:
  0000009a 03  0303 1a          292 	        .d2line         63
  000000b0 00  50e0 0000        293 		e_lwz		r7,up@sdarx(r0)
  000000b4 00  2a17             294 		se_cmpi		r7,1
  000000b6 00  e209             295 		bc		0,2,.L5785	# ne
  0000009d 03  1f               296 	        .d2line         64
  000000b8 00  50e0 0000        297 		e_lwz		r7,speed@sdarx(r0)
  000000bc 00  50c0 0000        298 		e_lwz		r6,deltaSpeed@sdarx(r0)
  000000c0 00  0467             299 		se_add		r7,r6
  000000c2 00  54e0 0000        300 		e_stw		r7,speed@sdarx(r0)
  000000c6 00  e808             301 		b		.L5786
                                302 	.L5785:
  0000009e 03  0303 2e          303 	        .d2line         67
  000000c8 00  50e0 0000        304 		e_lwz		r7,speed@sdarx(r0)
  000000cc 00  50c0 0000        305 		e_lwz		r6,deltaSpeed@sdarx(r0)
  000000d0 00  0776             306 		se_subf		r6,r7
  000000d2 00  54c0 0000        307 		e_stw		r6,speed@sdarx(r0)
                                308 	.L5786:
  000000d6 00  7358 e3ff        309 		e_lis		r26,50175
  000000a1 03  0305 32          310 	        .d2line         72
  000000da 00  1f1a 010c        311 		e_add16i	r24,r26,268
  000000de 00  c078             312 		se_lwz		r7,0(r24)
                                313 	#$$vo
  000000e0 00  65f7             314 		se_bseti		r7,31
  000000e2 00  d078             315 		se_stw		r7,0(r24)
                                316 	#$$vo
  000000a4 03  23               317 	        .d2line         73
                                318 	#$$be
  000000a5 03  0200 0b01        319 		.d2epilogue_begin
                                320 	#$$br
  000000e4 00  1b01 0810        321 		e_lmw		r24,16(r1)
                                322 	#$$er
  000000e8 00  cd01             323 		se_lwz		r0,52(r1)
  000000ea 00  0090             324 		se_mtlr		r0
  000000ec 00  1821 8030        325 		e_addi		r1,r1,48
                                326 	#$$tl 0x0 0x0 0x0
  000000f0 00  0004             327 		se_blr
                                328 	#$$ef
                                329 		.d2_cfa_end 2
                                330 		.section	.debug_info,,n
  000000f0 05  00               331 		.sleb128	0
                                332 	.L5812:
                                333 		.section	.text_vle,,c
                                334 	.L5814:
                                335 		.type		PITCHANNEL0,@function
                                336 		.size		PITCHANNEL0,.-PITCHANNEL0
                                337 	# Number of nodes = 60
                                338 	
                                339 	# Allocations for PITCHANNEL0
                                340 	#	r31		$$2
                                341 	#	r30		$$3
                                342 	#	r29		$$4
                                343 	#	r28		$$5
                                344 	#	r27		$$6
                                345 	#	r26		$$7
                                346 	#	r25		$$8
                                347 	#	r24		$$9
                                348 	
                                349 	#$$bf
                                350 		.align		2
                                351 		.globl		PITCHANNEL1
  00000058 02  0000 0018 0000   352 		.d2_cfa_start __local_cie
  0000005e 02  0000 0000 0000       	
  00000064 02  0000 0026            	
                                353 	PITCHANNEL1:
                                354 		.section	.debug_info,,n
                                355 	.L5820:
  000000f1 05  03               356 		.sleb128	3
  000000f2 05  0000 0111        357 		.4byte		.L5817-.L2
  000000f6 05  5049 5443 4841   358 		.byte		"PITCHANNEL1"
  000000fc 05  4e4e 454c 31         	
  00000101 05  00               359 		.byte		0
  00000102 05  0000 0001        360 		.4byte		.L5809
  00000106 05  4b               361 		.uleb128	75
  00000107 05  01               362 		.byte		0x1
  00000108 05  0000 0000        363 		.4byte		.L5818
  0000010c 05  0000 0000        364 		.4byte		.L5819
                                365 		.section	.text_vle,,c
  000000a9 03  30               366 	        .d2line         75
                                367 	.L5818:
  000000f4 00  1821 06f0        368 		e_stwu		r1,-16(r1)
  00000068 02  410e 10          369 		.d2_cfa_def_cfa_offset	16
  000000f8 00  0080             370 		se_mflr		r0,lr
                                371 	#$$br
  000000fa 00  1bc1 0908        372 		e_stmw		r30,8(r1)
  0000006b 02  419e 029f 01     373 		.d2_cfa_offset_list	30,31,2,-1
                                374 	#$$er
  000000fe 00  d501             375 		se_stw		r0,20(r1)
  00000070 02  116c 7f          376 		.d2_cfa_offset    108,-1
                                377 	#$$ee
  000000aa 03  0206 0a          378 		.d2prologue_end
  00000100 00  73f8 e3ff        379 		e_lis		r31,50175
  000000ad 03  18               380 	        .d2line         77
  00000104 00  1fdf 011c        381 		e_add16i	r30,r31,284
  00000108 00  c07e             382 		se_lwz		r7,0(r30)
                                383 	#$$vo
  0000010a 00  65f7             384 		se_bseti		r7,31
  0000010c 00  d07e             385 		se_stw		r7,0(r30)
                                386 	#$$vo
  000000ae 03  23               387 	        .d2line         78
                                388 	#$$be
  000000af 03  0200 0b01        389 		.d2epilogue_begin
                                390 	#$$br
  0000010e 00  1bc1 0808        391 		e_lmw		r30,8(r1)
                                392 	#$$er
  00000112 00  c501             393 		se_lwz		r0,20(r1)
  00000114 00  0090             394 		se_mtlr		r0
  00000116 00  20f1             395 		se_addi		r1,16
                                396 	#$$tl 0x0 0x0 0x0
  00000118 00  0004             397 		se_blr
                                398 	#$$ef
                                399 		.d2_cfa_end 2
                                400 		.section	.debug_info,,n
  00000110 05  00               401 		.sleb128	0
                                402 	.L5817:
                                403 		.section	.text_vle,,c
                                404 	.L5819:
                                405 		.type		PITCHANNEL1,@function
                                406 		.size		PITCHANNEL1,.-PITCHANNEL1
                                407 	# Number of nodes = 5
                                408 	
                                409 	# Allocations for PITCHANNEL1
                                410 	#	r31		$$10
                                411 	#	r30		$$11
                                412 		.section	.abs.00000040,,c
                                413 	
                                414 	#$$bf
                                415 		.align		2
                                416 		.globl		Ext_Isr
  00000074 02  0000 0058 0000   417 		.d2_cfa_start __local_cie
  0000007a 02  0000 0000 0000       	
  00000080 02  0000 033a            	
                                418 	Ext_Isr:
                                419 		.section	.debug_line.abs.00000040,,n
                                420 		.sectionlink	.debug_line
                                421 	.L5829:
                                422 		.section	.abs.00000040,,c
                                423 	.L5825:
  00000000 07                   424 		.0byte		.L5823
  00000000 09  0000 00b1 0002   425 		.d2_line_start	.debug_line.abs.00000040
  00000006 09  0000 0013 0201       	
  0000000c 09  ff04 0d00 0101       	
  00000012 09  0101 0000 0001       	
  00000018 09  0000 0100 00         	
                                426 		.section	.debug_info.abs.00000040,,n
                                427 		.sectionlink	.debug_info
                                428 	.L5823:
  00000000 0a  0000 00d0        429 		.4byte		.L5824-.L5822
                                430 	.L5822:
  00000004 0a  0002             431 		.2byte		0x2
  00000006 0a  0000 0000        432 		.4byte		.L9
  0000000a 0a  04               433 		.byte		0x4
  0000000b 0a  01               434 		.sleb128	1
  0000000c 0a  0000 00d3        435 		.4byte		.L5828-.L5823
  00000010 0a  433a 5c55 7365   436 		.byte		"C:\\Users\\murv\\Desktop\\unit2\\TASK3\\subtask1\\Template\\src\\ma
  00000016 0a  7273 5c6d 7572       	in.c"
  0000001c 0a  765c 4465 736b       	
  00000022 0a  746f 705c 756e       	
  00000028 0a  6974 325c 5441       	
  0000002e 0a  534b                 	
  0000004e 0a  00               437 		.byte		0
  0000004f 0a  4469 6162 2044   438 		.byte		"Diab Data, Inc:dcc Rel 5.7.0.0:PPC5534"
  00000055 0a  6174 612c 2049       	
  0000005b 0a  6e63 3a64 6363       	
  00000061 0a  2052 656c 2035       	
  00000067 0a  2e37 2e30 2e30       	
  0000006d 0a  3a50                 	
  00000075 0a  00               439 		.byte		0
  00000076 0a  433a 5c55 7365   440 		.byte		"C:\\Users\\murv\\Desktop\\unit2\\TASK3\\subtask1\\Template"
  0000007c 0a  7273 5c6d 7572       	
  00000082 0a  765c 4465 736b       	
  00000088 0a  746f 705c 756e       	
  0000008e 0a  6974 325c 5441       	
  00000094 0a  534b                 	
  000000a9 0a  00               441 		.byte		0
  000000aa 0a  01               442 		.uleb128	1
  000000ab 0a  0000 0000        443 		.4byte		.L5825
  000000af 0a  0000 0000        444 		.4byte		.L5826
  000000b3 0a  0000 0000        445 		.4byte		.L5829
                                446 	.L5835:
  000000b7 0a  03               447 		.sleb128	3
  000000b8 0a  0000 00d3        448 		.4byte		.L5831-.L5823
  000000bc 0a  4578 745f 4973   449 		.byte		"Ext_Isr"
  000000c2 0a  72                   	
  000000c3 0a  00               450 		.byte		0
  000000c4 0a  0000 0001        451 		.4byte		.L5834
  000000c8 0a  5e               452 		.uleb128	94
  000000c9 0a  01               453 		.byte		0x1
  000000ca 0a  0000 0000        454 		.4byte		.L5832
  000000ce 0a  0000 0000        455 		.4byte		.L5833
                                456 		.section	.abs.00000040,,c
  0000001d 09  004c 0343 3a5c   457 		.d2file		"C:\\Users\\murv\\Desktop\\unit2\\TASK3\\subtask1\\Template\\src\\ma
  00000023 09  5c55 7365 7273       	in.c"
  00000029 09  5c5c 6d75 7276       	
  0000002f 09  5c5c 4465 736b       	
  00000035 09  746f 705c 5c75       	
  0000003b 09  6e69                 	
  0000006d 09  0005 0200 0000   458 	        .d2line         94
  00000073 09  0003 dd00 0e         	
                                459 	.L5832:
  00000000 07  701f 7f10        460 		e_li		r0,-240
  00000004 07  7c21 016e        461 		stwux		r1,r1,r0
  00000084 02  420e f001        462 		.d2_cfa_def_cfa_offset	240
  00000008 07  d201             463 		se_stw		r0,8(r1)
  0000000a 07  00a0             464 		se_mfctr		r0,ctr
  0000000c 07  d301             465 		se_stw		r0,12(r1)
  0000000e 07  7c01 02a6        466 		mfspr		r0,xer
  00000012 07  d401             467 		se_stw		r0,16(r1)
  00000014 07  7c00 0026        468 		mfcr		r0
  00000018 07  d501             469 		se_stw		r0,20(r1)
  0000001a 07  0080             470 		se_mflr		r0,lr
  0000001c 07  d601             471 		se_stw		r0,24(r1)
                                472 	#$$br
  0000001e 07  5461 0094        473 		e_stw		r3,148(r1)
  00000088 02  4683 17          474 		.d2_cfa_offset	3,23
  00000022 07  54c1 0098        475 		e_stw		r6,152(r1)
  0000008b 02  4186 16          476 		.d2_cfa_offset	6,22
  00000026 07  54e1 009c        477 		e_stw		r7,156(r1)
  0000008e 02  4187 15          478 		.d2_cfa_offset	7,21
  0000002a 07  5561 00a0        479 		e_stw		r11,160(r1)
  00000091 02  418b 14          480 		.d2_cfa_offset	11,20
  0000002e 07  5581 00a4        481 		e_stw		r12,164(r1)
  00000094 02  418c 13          482 		.d2_cfa_offset	12,19
  00000032 07  55c1 00a8        483 		e_stw		r14,168(r1)
  00000097 02  418e 12          484 		.d2_cfa_offset	14,18
  00000036 07  55e1 00ac        485 		e_stw		r15,172(r1)
  0000009a 02  418f 11          486 		.d2_cfa_offset	15,17
  0000003a 07  5601 00b0        487 		e_stw		r16,176(r1)
  0000009d 02  4190 10          488 		.d2_cfa_offset	16,16
  0000003e 07  5621 00b4        489 		e_stw		r17,180(r1)
  000000a0 02  4191 0f          490 		.d2_cfa_offset	17,15
  00000042 07  5641 00b8        491 		e_stw		r18,184(r1)
  000000a3 02  4192 0e          492 		.d2_cfa_offset	18,14
  00000046 07  5661 00bc        493 		e_stw		r19,188(r1)
  000000a6 02  4193 0d          494 		.d2_cfa_offset	19,13
  0000004a 07  5681 00c0        495 		e_stw		r20,192(r1)
  000000a9 02  4194 0c          496 		.d2_cfa_offset	20,12
  0000004e 07  56a1 00c4        497 		e_stw		r21,196(r1)
  000000ac 02  4195 0b          498 		.d2_cfa_offset	21,11
  00000052 07  56c1 00c8        499 		e_stw		r22,200(r1)
  000000af 02  4196 0a          500 		.d2_cfa_offset	22,10
  00000056 07  56e1 00cc        501 		e_stw		r23,204(r1)
  000000b2 02  4197 09          502 		.d2_cfa_offset	23,9
  0000005a 07  5701 00d0        503 		e_stw		r24,208(r1)
  000000b5 02  4198 08          504 		.d2_cfa_offset	24,8
  0000005e 07  5721 00d4        505 		e_stw		r25,212(r1)
  000000b8 02  4199 07          506 		.d2_cfa_offset	25,7
  00000062 07  5741 00d8        507 		e_stw		r26,216(r1)
  000000bb 02  419a 06          508 		.d2_cfa_offset	26,6
  00000066 07  5761 00dc        509 		e_stw		r27,220(r1)
  000000be 02  419b 05          510 		.d2_cfa_offset	27,5
  0000006a 07  5781 00e0        511 		e_stw		r28,224(r1)
  000000c1 02  419c 04          512 		.d2_cfa_offset	28,4
  0000006e 07  57a1 00e4        513 		e_stw		r29,228(r1)
  000000c4 02  419d 03          514 		.d2_cfa_offset	29,3
  00000072 07  57c1 00e8        515 		e_stw		r30,232(r1)
  000000c7 02  419e 02          516 		.d2_cfa_offset	30,2
  00000076 07  57e1 00ec        517 		e_stw		r31,236(r1)
  000000ca 02  419f 01          518 		.d2_cfa_offset	31,1
                                519 	#$$er
                                520 	#$$ee
  00000078 09  023d 0a          521 		.d2prologue_end
  0000007a 07  70ff e7f5        522 		e_lis		r7,65525
  0000007e 07  d771             523 		se_stw		r7,28(r1)
  0000007b 09  1b               524 	        .d2line         95
  00000080 07  c761             525 		se_lwz		r6,28(r1)
  00000082 07  50c6 8010        526 		e_lwz		r6,-32752(r6)
                                527 	#$$vo
  00000086 07  74cb f5ff        528 		e_rlwinm		r11,r6,30,23,31
  0000008a 07  180b a845        529 		cmpi		0,0,r11,69
  0000008e 07  e50d             530 		bc		1,1,.L5836
  00000090 07  e644             531 		bc		1,2,.L5798
  00000092 07  180b a83b        532 		cmpi		0,0,r11,59
  00000096 07  e613             533 		bc		1,2,.L5790
  00000098 07  180b a83c        534 		cmpi		0,0,r11,60
  0000009c 07  e614             535 		bc		1,2,.L5791
  0000009e 07  180b a844        536 		cmpi		0,0,r11,68
  000000a2 07  e615             537 		bc		1,2,.L5797
  000000a4 07  7800 020c        538 		b		.L5789
                                539 	.L5836:
  000000a8 07  180b a846        540 		cmpi		0,0,r11,70
  000000ac 07  7a12 013a        541 		bc		1,2,.L5800
  000000b0 07  180b a847        542 		cmpi		0,0,r11,71
  000000b4 07  7a12 0194        543 		bc		1,2,.L5801
  000000b8 07  7800 01f8        544 		b		.L5789
                                545 	.L5790:
  0000007c 09  88               546 	        .d2line         97
  0000007d 09  10               547 	        .d2line         99
                                548 	#$$fn 0xc0 0 0 0x0
                                549 	#$$tl 0x0 0x0 0x0
                                550 	#$$rs 0 s
  000000bc 07  7800 0001        551 		bl		PITCHANNEL0
  0000007e 09  17               552 	        .d2line         100
  000000c0 07  7800 01f0        553 		b		.L5789
                                554 	.L5791:
  0000007f 09  17               555 	        .d2line         101
  00000080 09  10               556 	        .d2line         103
                                557 	#$$fn 0x80 0 0 0x0
                                558 	#$$tl 0x0 0x0 0x0
                                559 	#$$rs 0 s
  000000c4 07  7800 0001        560 		bl		PITCHANNEL1
  00000081 09  17               561 	        .d2line         104
  000000c8 07  7800 01e8        562 		b		.L5789
                                563 	.L5797:
  00000082 09  030b 16          564 	        .d2line         115
  000000cc 07  70e0 6000        565 		e_li		r7,-262144
  000000d0 07  d871             566 		se_stw		r7,32(r1)
  00000085 09  0303 1a          567 	        .d2line         118
  000000d2 07  c861             568 		se_lwz		r6,32(r1)
  000000d4 07  1be6 8030        569 		e_addi		r31,r6,48
  000000d8 07  c07f             570 		se_lwz		r7,0(r31)
                                571 	#$$vo
  000000da 07  65f7             572 		se_bseti		r7,31
  000000dc 07  d07f             573 		se_stw		r7,0(r31)
                                574 	#$$vo
  000000de 07  70c0 6000        575 		e_li		r6,-262144
  000000e2 07  d961             576 		se_stw		r6,36(r1)
  00000088 09  33               577 	        .d2line         119
  000000e4 07  c971             578 		se_lwz		r7,36(r1)
  000000e6 07  1bc7 8030        579 		e_addi		r30,r7,48
  000000ea 07  c06e             580 		se_lwz		r6,0(r30)
                                581 	#$$vo
  000000ec 07  65e6             582 		se_bseti		r6,30
  000000ee 07  d06e             583 		se_stw		r6,0(r30)
                                584 	#$$vo
  000000f0 07  70e0 6000        585 		e_li		r7,-262144
  000000f4 07  da71             586 		se_stw		r7,40(r1)
  00000089 09  33               587 	        .d2line         120
  000000f6 07  ca61             588 		se_lwz		r6,40(r1)
  000000f8 07  1ba6 8030        589 		e_addi		r29,r6,48
  000000fc 07  c07d             590 		se_lwz		r7,0(r29)
                                591 	#$$vo
  000000fe 07  65d7             592 		se_bseti		r7,29
  00000100 07  d07d             593 		se_stw		r7,0(r29)
                                594 	#$$vo
  00000102 07  70c0 6000        595 		e_li		r6,-262144
  00000106 07  db61             596 		se_stw		r6,44(r1)
  0000008a 09  33               597 	        .d2line         121
  00000108 07  cb71             598 		se_lwz		r7,44(r1)
  0000010a 07  1b87 8030        599 		e_addi		r28,r7,48
  0000010e 07  c06c             600 		se_lwz		r6,0(r28)
                                601 	#$$vo
  00000110 07  65c6             602 		se_bseti		r6,28
  00000112 07  d06c             603 		se_stw		r6,0(r28)
                                604 	#$$vo
  0000008b 09  28               605 	        .d2line         123
  00000114 07  7800 019c        606 		b		.L5789
                                607 	.L5798:
  0000008c 09  17               608 	        .d2line         124
  00000118 07  70e0 6000        609 		e_li		r7,-262144
  0000011c 07  dc71             610 		se_stw		r7,48(r1)
  0000008d 09  1b               611 	        .d2line         125
  0000011e 07  cc61             612 		se_lwz		r6,48(r1)
  00000120 07  50c6 0084        613 		e_lwz		r6,132(r6)
                                614 	#$$vo
  00000124 07  74c6 757f        615 		e_rlwinm		r6,r6,14,21,31
  00000128 07  1806 a8ff        616 		cmpi		0,0,r6,255
  0000012c 07  e22e             617 		bc		0,2,.L5799	# ne
  0000012e 07  70e0 6000        618 		e_li		r7,-262144
  00000132 07  dd71             619 		se_stw		r7,52(r1)
  0000008e 09  3b               620 	        .d2line         126
  00000134 07  70c0 6000        621 		e_li		r6,-262144
  00000138 07  de61             622 		se_stw		r6,56(r1)
  0000013a 07  cd71             623 		se_lwz		r7,52(r1)
  0000013c 07  30e7 0088        624 		e_lbz		r7,136(r7)
                                625 	#$$vo
  00000140 07  ce61             626 		se_lwz		r6,56(r1)
  00000142 07  30c6 0089        627 		e_lbz		r6,137(r6)
                                628 	#$$vo
  00000146 07  4667             629 		se_and		r7,r6
  00000148 07  00c7             630 		se_extzb		r7,r7
  0000014a 07  54e0 0000        631 		e_stw		r7,rec_speed@sdarx(r0)
  0000014e 07  70e0 6000        632 		e_li		r7,-262144
  00000152 07  df71             633 		se_stw		r7,60(r1)
  0000008f 09  4f               634 	        .d2line         127
  00000154 07  cf61             635 		se_lwz		r6,60(r1)
  00000156 07  1f66 0150        636 		e_add16i	r27,r6,336
  0000015a 07  c07b             637 		se_lwz		r7,0(r27)
                                638 	#$$vo
  0000015c 07  74e7 0207        639 		e_rlwinm		r7,r7,0,8,3
  00000160 07  6457             640 		se_bseti		r7,5
  00000162 07  d07b             641 		se_stw		r7,0(r27)
                                642 	#$$vo
  00000164 07  70d8 e3f9        643 		e_lis		r6,50169
  00000168 07  54c1 0040        644 		e_stw		r6,64(r1)
  00000090 09  3f               645 	        .d2line         128
  0000016c 07  70f8 e3f9        646 		e_lis		r7,50169
  00000170 07  54e1 0044        647 		e_stw		r7,68(r1)
  00000174 07  50c1 0040        648 		e_lwz		r6,64(r1)
  00000178 07  50e1 0044        649 		e_lwz		r7,68(r1)
  0000017c 07  30e7 062a        650 		e_lbz		r7,1578(r7)
                                651 	#$$vo
  00000180 07  7ce7 38f8        652 		nor		r7,r7,r7
  00000184 07  34e6 062a        653 		e_stb		r7,1578(r6)
                                654 	#$$vo
                                655 	.L5799:
  00000188 07  70e0 6000        656 		e_li		r7,-262144
  0000018c 07  54e1 0048        657 		e_stw		r7,72(r1)
  00000091 09  0303 56          658 	        .d2line         131
  00000190 07  50c1 0048        659 		e_lwz		r6,72(r1)
  00000194 07  1b46 8030        660 		e_addi		r26,r6,48
  00000198 07  c07a             661 		se_lwz		r7,0(r26)
                                662 	#$$vo
  0000019a 07  65b7             663 		se_bseti		r7,27
  0000019c 07  d07a             664 		se_stw		r7,0(r26)
                                665 	#$$vo
  0000019e 07  70c0 6000        666 		e_li		r6,-262144
  000001a2 07  54c1 004c        667 		e_stw		r6,76(r1)
  00000094 09  3b               668 	        .d2line         132
  000001a6 07  50e1 004c        669 		e_lwz		r7,76(r1)
  000001aa 07  1b27 8030        670 		e_addi		r25,r7,48
  000001ae 07  c069             671 		se_lwz		r6,0(r25)
                                672 	#$$vo
  000001b0 07  65a6             673 		se_bseti		r6,26
  000001b2 07  d069             674 		se_stw		r6,0(r25)
                                675 	#$$vo
  000001b4 07  70e0 6000        676 		e_li		r7,-262144
  000001b8 07  54e1 0050        677 		e_stw		r7,80(r1)
  00000095 09  3b               678 	        .d2line         133
  000001bc 07  50c1 0050        679 		e_lwz		r6,80(r1)
  000001c0 07  1b06 8030        680 		e_addi		r24,r6,48
  000001c4 07  c078             681 		se_lwz		r7,0(r24)
                                682 	#$$vo
  000001c6 07  6597             683 		se_bseti		r7,25
  000001c8 07  d078             684 		se_stw		r7,0(r24)
                                685 	#$$vo
  000001ca 07  70c0 6000        686 		e_li		r6,-262144
  000001ce 07  54c1 0054        687 		e_stw		r6,84(r1)
  00000096 09  3b               688 	        .d2line         134
  000001d2 07  50e1 0054        689 		e_lwz		r7,84(r1)
  000001d6 07  1ae7 8030        690 		e_addi		r23,r7,48
  000001da 07  50d7 0000        691 		e_lwz		r6,0(r23)
                                692 	#$$vo
  000001de 07  6586             693 		se_bseti		r6,24
  000001e0 07  54d7 0000        694 		e_stw		r6,0(r23)
                                695 	#$$vo
  00000097 09  33               696 	        .d2line         135
  000001e4 07  e866             697 		b		.L5789
                                698 	.L5800:
  00000098 09  13               699 	        .d2line         136
  000001e6 07  70e0 6000        700 		e_li		r7,-262144
  000001ea 07  54e1 0058        701 		e_stw		r7,88(r1)
  00000099 09  1f               702 	        .d2line         137
  000001ee 07  50c1 0058        703 		e_lwz		r6,88(r1)
  000001f2 07  1ac6 8030        704 		e_addi		r22,r6,48
  000001f6 07  50f6 0000        705 		e_lwz		r7,0(r22)
                                706 	#$$vo
  000001fa 07  6577             707 		se_bseti		r7,23
  000001fc 07  54f6 0000        708 		e_stw		r7,0(r22)
                                709 	#$$vo
  00000200 07  70c0 6000        710 		e_li		r6,-262144
  00000204 07  54c1 005c        711 		e_stw		r6,92(r1)
  0000009a 09  43               712 	        .d2line         138
  00000208 07  50e1 005c        713 		e_lwz		r7,92(r1)
  0000020c 07  1aa7 8030        714 		e_addi		r21,r7,48
  00000210 07  50d5 0000        715 		e_lwz		r6,0(r21)
                                716 	#$$vo
  00000214 07  6566             717 		se_bseti		r6,22
  00000216 07  54d5 0000        718 		e_stw		r6,0(r21)
                                719 	#$$vo
  0000021a 07  71c0 6000        720 		e_li		r14,-262144
  0000009b 09  3b               721 	        .d2line         139
  0000021e 07  1a8e 8030        722 		e_addi		r20,r14,48
  00000222 07  50f4 0000        723 		e_lwz		r7,0(r20)
                                724 	#$$vo
  00000226 07  6557             725 		se_bseti		r7,21
  00000228 07  54f4 0000        726 		e_stw		r7,0(r20)
                                727 	#$$vo
  0000022c 07  70c0 6000        728 		e_li		r6,-262144
  00000230 07  54c1 0060        729 		e_stw		r6,96(r1)
  0000009c 09  3b               730 	        .d2line         140
  00000234 07  50e1 0060        731 		e_lwz		r7,96(r1)
  00000238 07  1a67 8030        732 		e_addi		r19,r7,48
  0000023c 07  50d3 0000        733 		e_lwz		r6,0(r19)
                                734 	#$$vo
  00000240 07  6546             735 		se_bseti		r6,20
  00000242 07  54d3 0000        736 		e_stw		r6,0(r19)
                                737 	#$$vo
  0000009d 09  33               738 	        .d2line         141
  00000246 07  e835             739 		b		.L5789
                                740 	.L5801:
  0000009e 09  13               741 	        .d2line         142
  00000248 07  70e0 6000        742 		e_li		r7,-262144
  0000024c 07  54e1 0064        743 		e_stw		r7,100(r1)
  0000009f 09  1f               744 	        .d2line         143
  00000250 07  50c1 0064        745 		e_lwz		r6,100(r1)
  00000254 07  1a46 8030        746 		e_addi		r18,r6,48
  00000258 07  50f2 0000        747 		e_lwz		r7,0(r18)
                                748 	#$$vo
  0000025c 07  6537             749 		se_bseti		r7,19
  0000025e 07  54f2 0000        750 		e_stw		r7,0(r18)
                                751 	#$$vo
  00000262 07  70c0 6000        752 		e_li		r6,-262144
  00000266 07  54c1 0068        753 		e_stw		r6,104(r1)
  000000a0 09  43               754 	        .d2line         144
  0000026a 07  50e1 0068        755 		e_lwz		r7,104(r1)
  0000026e 07  1a27 8030        756 		e_addi		r17,r7,48
  00000272 07  50d1 0000        757 		e_lwz		r6,0(r17)
                                758 	#$$vo
  00000276 07  6526             759 		se_bseti		r6,18
  00000278 07  54d1 0000        760 		e_stw		r6,0(r17)
                                761 	#$$vo
  0000027c 07  70e0 6000        762 		e_li		r7,-262144
  00000280 07  54e1 006c        763 		e_stw		r7,108(r1)
  000000a1 09  43               764 	        .d2line         145
  00000284 07  50c1 006c        765 		e_lwz		r6,108(r1)
  00000288 07  1a06 8030        766 		e_addi		r16,r6,48
  0000028c 07  50f0 0000        767 		e_lwz		r7,0(r16)
                                768 	#$$vo
  00000290 07  6517             769 		se_bseti		r7,17
  00000292 07  54f0 0000        770 		e_stw		r7,0(r16)
                                771 	#$$vo
  00000296 07  70c0 6000        772 		e_li		r6,-262144
  0000029a 07  54c1 0070        773 		e_stw		r6,112(r1)
  000000a2 09  43               774 	        .d2line         146
  0000029e 07  50e1 0070        775 		e_lwz		r7,112(r1)
  000002a2 07  19e7 8030        776 		e_addi		r15,r7,48
  000002a6 07  50cf 0000        777 		e_lwz		r6,0(r15)
                                778 	#$$vo
  000002aa 07  6506             779 		se_bseti		r6,16
  000002ac 07  54cf 0000        780 		e_stw		r6,0(r15)
                                781 	#$$vo
                                782 	.L5789:
  000002b0 07  70ff e7f5        783 		e_lis		r7,65525
  000002b4 07  54e1 0074        784 		e_stw		r7,116(r1)
  000000a3 09  030a 42          785 	        .d2line         156
  000002b8 07  50c1 0074        786 		e_lwz		r6,116(r1)
  000002bc 07  4807             787 		se_li		r7,0
  000002be 07  54e6 8018        788 		e_stw		r7,-32744(r6)
                                789 	#$$vo
  000000a6 09  23               790 	        .d2line         157
                                791 	#$$be
  000000a7 09  0200 0b01        792 		.d2epilogue_begin
                                793 	#$$br
  000002c2 07  5061 0094        794 		e_lwz		r3,148(r1)
  000002c6 07  50c1 0098        795 		e_lwz		r6,152(r1)
  000002ca 07  50e1 009c        796 		e_lwz		r7,156(r1)
  000002ce 07  5161 00a0        797 		e_lwz		r11,160(r1)
  000002d2 07  5181 00a4        798 		e_lwz		r12,164(r1)
  000002d6 07  51c1 00a8        799 		e_lwz		r14,168(r1)
  000002da 07  51e1 00ac        800 		e_lwz		r15,172(r1)
  000002de 07  5201 00b0        801 		e_lwz		r16,176(r1)
  000002e2 07  5221 00b4        802 		e_lwz		r17,180(r1)
  000002e6 07  5241 00b8        803 		e_lwz		r18,184(r1)
  000002ea 07  5261 00bc        804 		e_lwz		r19,188(r1)
  000002ee 07  5281 00c0        805 		e_lwz		r20,192(r1)
  000002f2 07  52a1 00c4        806 		e_lwz		r21,196(r1)
  000002f6 07  52c1 00c8        807 		e_lwz		r22,200(r1)
  000002fa 07  52e1 00cc        808 		e_lwz		r23,204(r1)
  000002fe 07  5301 00d0        809 		e_lwz		r24,208(r1)
  00000302 07  5321 00d4        810 		e_lwz		r25,212(r1)
  00000306 07  5341 00d8        811 		e_lwz		r26,216(r1)
  0000030a 07  5361 00dc        812 		e_lwz		r27,220(r1)
  0000030e 07  5381 00e0        813 		e_lwz		r28,224(r1)
  00000312 07  53a1 00e4        814 		e_lwz		r29,228(r1)
  00000316 07  53c1 00e8        815 		e_lwz		r30,232(r1)
  0000031a 07  53e1 00ec        816 		e_lwz		r31,236(r1)
                                817 	#$$er
  0000031e 07  c601             818 		se_lwz		r0,24(r1)
  00000320 07  0090             819 		se_mtlr		r0
  00000322 07  c501             820 		se_lwz		r0,20(r1)
  00000324 07  7c0f f120        821 		mtcrf		0xff,r0
  00000328 07  c401             822 		se_lwz		r0,16(r1)
  0000032a 07  7c01 03a6        823 		mtspr		xer,r0
  0000032e 07  c301             824 		se_lwz		r0,12(r1)
  00000330 07  00b0             825 		se_mtctr		r0
  00000332 07  c201             826 		se_lwz		r0,8(r1)
  00000334 07  1821 80f0        827 		e_addi		r1,r1,240
                                828 	#$$tl 0x0 0x0 0x0
  00000338 07  0008             829 		se_rfi
                                830 	#$$ef
                                831 		.d2_cfa_end 2
                                832 		.section	.debug_info.abs.00000040,,n
                                833 		.sectionlink	.debug_info
  000000d2 0a  00               834 		.sleb128	0
                                835 	.L5831:
                                836 		.section	.abs.00000040,,c
                                837 	.L5833:
                                838 		.type		Ext_Isr,@function
                                839 		.size		Ext_Isr,.-Ext_Isr
                                840 	# Number of nodes = 130
                                841 	
                                842 	# Allocations for Ext_Isr
                                843 	#	SP,28		$$12
                                844 	#	SP,32		$$13
                                845 	#	SP,36		$$14
                                846 	#	SP,40		$$15
                                847 	#	SP,44		$$16
                                848 	#	SP,48		$$17
                                849 	#	SP,52		$$18
                                850 	#	SP,56		$$19
                                851 	#	SP,60		$$20
                                852 	#	SP,64		$$21
                                853 	#	SP,68		$$22
                                854 	#	SP,72		$$23
                                855 	#	SP,76		$$24
                                856 	#	SP,80		$$25
                                857 	#	SP,84		$$26
                                858 	#	SP,88		$$27
                                859 	#	SP,92		$$28
                                860 	#	r14		$$29
                                861 	#	SP,96		$$30
                                862 	#	SP,100		$$31
                                863 	#	SP,104		$$32
                                864 	#	SP,108		$$33
                                865 	#	SP,112		$$34
                                866 	#	SP,116		$$35
                                867 	#	r31		$$36
                                868 	#	r30		$$37
                                869 	#	r29		$$38
                                870 	#	r28		$$39
                                871 	#	r27		$$40
                                872 	#	r26		$$41
                                873 	#	r25		$$42
                                874 	#	r24		$$43
                                875 	#	r23		$$44
                                876 	#	r22		$$45
                                877 	#	r21		$$46
                                878 	#	r20		$$47
                                879 	#	r19		$$48
                                880 	#	r18		$$49
                                881 	#	r17		$$50
                                882 	#	r16		$$51
                                883 	#	r15		$$52
                                884 	
                                885 	# Allocations for module
                                886 		.section	.debug_abbrev,,n
  0000003d 04  04               887 		.uleb128	4
  0000003e 04  34               888 		.uleb128	52
  0000003f 04  00               889 		.byte		0x0
  00000040 04  3f               890 		.uleb128	63
  00000041 04  0c               891 		.uleb128	12
  00000042 04  3a               892 		.uleb128	58
  00000043 04  06               893 		.uleb128	6
  00000044 04  3b               894 		.uleb128	59
  00000045 04  0f               895 		.uleb128	15
  00000046 04  03               896 		.uleb128	3
  00000047 04  08               897 		.uleb128	8
  00000048 04  49               898 		.uleb128	73
  00000049 04  10               899 		.uleb128	16
  0000004a 04  02               900 		.uleb128	2
  0000004b 04  09               901 		.uleb128	9
  0000004c 04  00               902 		.uleb128	0
  0000004d 04  00               903 		.uleb128	0
                                904 		.section	.debug_info,,n
                                905 	.L5837:
  00000111 05  04               906 		.sleb128	4
  00000112 05  01               907 		.byte		0x1
  00000113 05  0000 0001        908 		.4byte		.L5809
  00000117 05  04               909 		.uleb128	4
  00000118 05  7370 6565 64     910 		.byte		"speed"
  0000011d 05  00               911 		.byte		0
  0000011e 05  0000 0000        912 		.4byte		.L5838
  00000122 05  05               913 		.sleb128	5
  00000123 05  03               914 		.byte		0x3
  00000124 05  0000 0000        915 		.4byte		speed
                                916 		.sdata
                                917 		.align		2
                                918 	#	Begin local data area
                                919 	#	LDA + 0
                                920 		.type		speed,@object
                                921 		.size		speed,4
                                922 		.align		2
                                923 		.globl		speed
                                924 	speed:
  00000000 0b  0000 0000        925 		.long		0
                                926 		.section	.debug_info,,n
                                927 	.L5839:
  00000128 05  04               928 		.sleb128	4
  00000129 05  01               929 		.byte		0x1
  0000012a 05  0000 0001        930 		.4byte		.L5809
  0000012e 05  04               931 		.uleb128	4
  0000012f 05  7570             932 		.byte		"up"
  00000131 05  00               933 		.byte		0
  00000132 05  0000 0000        934 		.4byte		.L5838
  00000136 05  05               935 		.sleb128	5
  00000137 05  03               936 		.byte		0x3
  00000138 05  0000 0000        937 		.4byte		up
                                938 		.sdata
                                939 	#	LDA + 4
                                940 		.type		up,@object
                                941 		.size		up,4
                                942 		.align		2
                                943 		.globl		up
                                944 	up:
  00000004 0b  0000 0001        945 		.long		1
                                946 		.section	.debug_info,,n
                                947 	.L5840:
  0000013c 05  04               948 		.sleb128	4
  0000013d 05  01               949 		.byte		0x1
  0000013e 05  0000 0001        950 		.4byte		.L5809
  00000142 05  04               951 		.uleb128	4
  00000143 05  6465 6c74 6153   952 		.byte		"deltaSpeed"
  00000149 05  7065 6564            	
  0000014d 05  00               953 		.byte		0
  0000014e 05  0000 0000        954 		.4byte		.L5838
  00000152 05  05               955 		.sleb128	5
  00000153 05  03               956 		.byte		0x3
  00000154 05  0000 0000        957 		.4byte		deltaSpeed
                                958 		.sdata
                                959 	#	LDA + 8
                                960 		.type		deltaSpeed,@object
                                961 		.size		deltaSpeed,4
                                962 		.align		2
                                963 		.globl		deltaSpeed
                                964 	deltaSpeed:
  00000008 0b  0000 0005        965 		.long		5
                                966 		.section	.debug_info,,n
                                967 	.L5841:
  00000158 05  04               968 		.sleb128	4
  00000159 05  01               969 		.byte		0x1
  0000015a 05  0000 0001        970 		.4byte		.L5809
  0000015e 05  04               971 		.uleb128	4
  0000015f 05  7265 635f 7370   972 		.byte		"rec_speed"
  00000165 05  6565 64              	
  00000168 05  00               973 		.byte		0
  00000169 05  0000 0000        974 		.4byte		.L5838
  0000016d 05  05               975 		.sleb128	5
  0000016e 05  03               976 		.byte		0x3
  0000016f 05  0000 0000        977 		.4byte		rec_speed
                                978 		.sdata
                                979 	#	LDA + 12
                                980 		.type		rec_speed,@object
                                981 		.size		rec_speed,4
                                982 		.align		2
                                983 		.globl		rec_speed
                                984 	rec_speed:
  0000000c 0b  0000 0000        985 		.long		0
                                986 		.section	.debug_abbrev,,n
  0000004e 04  05               987 		.uleb128	5
  0000004f 04  24               988 		.uleb128	36
  00000050 04  00               989 		.byte		0x0
  00000051 04  03               990 		.uleb128	3
  00000052 04  08               991 		.uleb128	8
  00000053 04  3e               992 		.uleb128	62
  00000054 04  0b               993 		.uleb128	11
  00000055 04  0b               994 		.uleb128	11
  00000056 04  0b               995 		.uleb128	11
  00000057 04  00               996 		.uleb128	0
  00000058 04  00               997 		.uleb128	0
                                998 		.section	.debug_info,,n
                                999 	.L5838:
  00000173 05  05              1000 		.sleb128	5
  00000174 05  696e 74         1001 		.byte		"int"
  00000177 05  00              1002 		.byte		0
  00000178 05  05              1003 		.byte		0x5
  00000179 05  04              1004 		.byte		0x4
                               1005 	.L7:
  0000017a 05  00              1006 		.sleb128	0
                               1007 	.L3:
                               1008 		.section	.text_vle,,c
                               1009 	.L5:
                               1010 	.L5809:	.d2filenum "C:\\Users\\murv\\Desktop\\unit2\\TASK3\\subtask1\\Template\\src\\main.c"
                                    	
  000000b3 03  0005 0200 0000  1011 		.d2_line_end
  000000b9 03  0000 0101            	
                               1012 		.section	.debug_info.abs.00000040,,n
                               1013 		.sectionlink	.debug_info
                               1014 	.L5828:
  000000d3 0a  00              1015 		.sleb128	0
                               1016 	.L5824:
                               1017 		.section	.abs.00000040,,c
                               1018 	.L5826:
                               1019 	.L5834:	.d2filenum "C:\\Users\\murv\\Desktop\\unit2\\TASK3\\subtask1\\Template\\src\\main.c"
                                    	
  000000ab 09  0005 0200 0000  1020 		.d2_line_end
  000000b1 09  0000 0101            	
                               1021 		.section	.debug_abbrev,,n
  00000059 04  00              1022 		.sleb128	0
