                                  1 	#$$m2		- PowerPC mnemonics
                                  2 	#$$pVLE		- PowerPC VLE encoding
                                  3 	#$$oPPC5534  - Optimized for PPC5534
                                  4 	#$$ko 9		- Reorder info
                                  5 		.file		"main.c"
                                  6 	#$$eb
                                  7 	#$$sz 0
                                  8 	#$$fp 0
                                  9 		.section	.PPC.EMB.apuinfo,,@note
  00000000 01  0000 0008         10 		.4byte		8
  00000004 01  0000 0004         11 		.4byte		4
  00000008 01  0000 0002         12 		.4byte		2
  0000000c 01  4150 5569 6e66    13 		.byte		"APUinfo"
  00000012 01  6f                   	
  00000013 01  00                14 		.byte		0
                                 15 		.align		2
  00000014 01  0104 0001         16 		.4byte		0x01040001
                                 17 		.section	.text_vle,,c
                                 18 		.section	.debug_frame,,n
                                 19 	__local_cie: 
  00000000 02  0000 0010         20 		.word	.LE-.LS
                                 21 	.LS:
  00000004 02  ffff ffff         22 		.word	-1
  00000008 02  01                23 		.byte	1
  00000009 02  00                24 		.byte	0
  0000000a 02  04                25 		.uleb128	4
  0000000b 02  7c                26 		.sleb128	-4
  0000000c 02  6c                27 		.byte	108
  0000000d 02  0c                28 		.byte	0x0c
  0000000e 02  01                29 		.byte	1
  0000000f 02  00                30 		.byte	0
  00000010 02  08                31 		.byte	8
  00000011 02  6c                32 		.byte	108
                                 33 		.fill           (.LS-.)&3
                                 34 	.LE:
                                 35 		.section	.debug_line,,n
                                 36 	.L8:
                                 37 		.section	.text_vle,,c
                                 38 	.L4:
  00000000 00                    39 		.0byte		.L2
  00000000 03  0000 00b6 0002    40 		.d2_line_start	.debug_line
  00000006 03  0000 0013 0201       	
  0000000c 03  ff04 0d00 0101       	
  00000012 03  0101 0000 0001       	
  00000018 03  0000 0100 00         	
                                 41 		.section	.debug_abbrev,,n
                                 42 	.L9:
                                 43 		.section	.debug_info,,n
                                 44 	.L2:
  00000000 05  0000 0177         45 		.4byte		.L3-.L1
                                 46 	.L1:
  00000004 05  0002              47 		.2byte		0x2
  00000006 05  0000 0000         48 		.4byte		.L9
  0000000a 05  04                49 		.byte		0x4
                                 50 		.section	.debug_abbrev,,n
  00000000 04  01                51 		.uleb128	1
  00000001 04  11                52 		.uleb128	17
  00000002 04  01                53 		.byte		0x1
  00000003 04  01                54 		.uleb128	1
  00000004 04  13                55 		.uleb128	19
  00000005 04  03                56 		.uleb128	3
  00000006 04  08                57 		.uleb128	8
  00000007 04  25                58 		.uleb128	37
  00000008 04  08                59 		.uleb128	8
  00000009 04  1b                60 		.uleb128	27
  0000000a 04  08                61 		.uleb128	8
  0000000b 04  13                62 		.uleb128	19
  0000000c 04  0f                63 		.uleb128	15
  0000000d 04  11                64 		.uleb128	17
  0000000e 04  01                65 		.uleb128	1
  0000000f 04  12                66 		.uleb128	18
  00000010 04  01                67 		.uleb128	1
  00000011 04  10                68 		.uleb128	16
  00000012 04  06                69 		.uleb128	6
  00000013 04  00                70 		.uleb128	0
  00000014 04  00                71 		.uleb128	0
                                 72 		.section	.debug_info,,n
  0000000b 05  01                73 		.sleb128	1
  0000000c 05  0000 017a         74 		.4byte		.L7-.L2
  00000010 05  433a 5c55 7365    75 		.byte		"C:\\Users\\murv\\Desktop\\unit2\\TASK3\\subtask2\\Template\\src\\ma
  00000016 05  7273 5c6d 7572       	in.c"
  0000001c 05  765c 4465 736b       	
  00000022 05  746f 705c 756e       	
  00000028 05  6974 325c 5441       	
  0000002e 05  534b                 	
  0000004e 05  00                76 		.byte		0
  0000004f 05  4469 6162 2044    77 		.byte		"Diab Data, Inc:dcc Rel 5.7.0.0:PPC5534"
  00000055 05  6174 612c 2049       	
  0000005b 05  6e63 3a64 6363       	
  00000061 05  2052 656c 2035       	
  00000067 05  2e37 2e30 2e30       	
  0000006d 05  3a50                 	
  00000075 05  00                78 		.byte		0
  00000076 05  433a 5c55 7365    79 		.byte		"C:\\Users\\murv\\Desktop\\unit2\\TASK3\\subtask2\\Template"
  0000007c 05  7273 5c6d 7572       	
  00000082 05  765c 4465 736b       	
  00000088 05  746f 705c 756e       	
  0000008e 05  6974 325c 5441       	
  00000094 05  534b                 	
  000000a9 05  00                80 		.byte		0
  000000aa 05  01                81 		.uleb128	1
  000000ab 05  0000 0000         82 		.4byte		.L4
  000000af 05  0000 0000         83 		.4byte		.L5
  000000b3 05  0000 0000         84 		.4byte		.L8
                                 85 		.section	.text_vle,,c
                                 86 	
                                 87 	#$$bf
                                 88 		.align		2
                                 89 		.globl		main
  00000014 02  0000 0018 0000    90 		.d2_cfa_start __local_cie
  0000001a 02  0000 0000 0000       	
  00000020 02  0000 002e            	
                                 91 	main:
                                 92 		.section	.debug_abbrev,,n
  00000015 04  02                93 		.uleb128	2
  00000016 04  2e                94 		.uleb128	46
  00000017 04  01                95 		.byte		0x1
  00000018 04  01                96 		.uleb128	1
  00000019 04  13                97 		.uleb128	19
  0000001a 04  03                98 		.uleb128	3
  0000001b 04  08                99 		.uleb128	8
  0000001c 04  3a               100 		.uleb128	58
  0000001d 04  06               101 		.uleb128	6
  0000001e 04  3b               102 		.uleb128	59
  0000001f 04  0f               103 		.uleb128	15
  00000020 04  3f               104 		.uleb128	63
  00000021 04  0c               105 		.uleb128	12
  00000022 04  27               106 		.uleb128	39
  00000023 04  0c               107 		.uleb128	12
  00000024 04  11               108 		.uleb128	17
  00000025 04  01               109 		.uleb128	1
  00000026 04  12               110 		.uleb128	18
  00000027 04  01               111 		.uleb128	1
  00000028 04  00               112 		.uleb128	0
  00000029 04  00               113 		.uleb128	0
                                114 		.section	.debug_info,,n
                                115 	.L5810:
  000000b7 05  02               116 		.sleb128	2
  000000b8 05  0000 00d1        117 		.4byte		.L5806-.L2
  000000bc 05  6d61 696e        118 		.byte		"main"
  000000c0 05  00               119 		.byte		0
  000000c1 05  0000 0001        120 		.4byte		.L5809
  000000c5 05  08               121 		.uleb128	8
  000000c6 05  01               122 		.byte		0x1
  000000c7 05  01               123 		.byte		0x1
  000000c8 05  0000 0000        124 		.4byte		.L5807
  000000cc 05  0000 0000        125 		.4byte		.L5808
                                126 		.section	.text_vle,,c
  0000001d 03  004c 0343 3a5c   127 		.d2file		"C:\\Users\\murv\\Desktop\\unit2\\TASK3\\subtask2\\Template\\src\\ma
  00000023 03  5c55 7365 7273       	in.c"
  00000029 03  5c5c 6d75 7276       	
  0000002f 03  5c5c 4465 736b       	
  00000035 03  746f 705c 5c75       	
  0000003b 03  6e69                 	
  0000006d 03  0005 0200 0000   128 	        .d2line         9
  00000073 03  0003 080e            	
                                129 	.L5807:
  00000000 00  1821 06f0        130 		e_stwu		r1,-16(r1)
  00000024 02  410e 10          131 		.d2_cfa_def_cfa_offset	16
  00000004 00  0080             132 		se_mflr		r0,lr
                                133 	#$$br
  00000006 00  d3f1             134 		se_stw		r31,12(r1)
  00000027 02  419f 01          135 		.d2_cfa_offset	31,1
                                136 	#$$er
  00000008 00  d501             137 		se_stw		r0,20(r1)
  0000002a 02  116c 7f          138 		.d2_cfa_offset    108,-1
                                139 	#$$ee
  00000077 03  0205 0a          140 		.d2prologue_end
  0000007a 03  10               141 	        .d2line         11
                                142 	#$$fn 0x1ff8 0 0 0x1
                                143 	#$$tl 0x0 0x0 0x0
                                144 	#$$rs 0 s
  0000000a 00  7800 0001        145 		bl		Init
  0000007b 03  18               146 	        .d2line         13
  0000000e 00  4803             147 		se_li		r3,0
  00000010 00  7080 00c8        148 		e_li		r4,200
                                149 	#$$fn 0x1ff8 0 0 0x1
                                150 	#$$tl 0x18 0x0 0x0
                                151 	#$$rs 0 s
  00000014 00  7800 0001        152 		bl		PIT_ConfigureTimer
  00000018 00  73f8 e3f9        153 		e_lis		r31,50169
  0000007c 03  2c               154 	        .d2line         15
  0000001c 00  4806             155 		se_li		r6,0
  0000001e 00  34df 0609        156 		e_stb		r6,1545(r31)
                                157 	#$$vo
                                158 	.L5781:
  0000007d 03  030f 1a          159 	        .d2line         30
  00000022 00  e800             160 		b		.L5781
  00000080 03  14               161 	        .d2line         32
                                162 	#$$be
  00000081 03  0200 0b01        163 		.d2epilogue_begin
                                164 	#$$br
  00000024 00  c3f1             165 		se_lwz		r31,12(r1)
                                166 	#$$er
  00000026 00  c501             167 		se_lwz		r0,20(r1)
  00000028 00  0090             168 		se_mtlr		r0
  0000002a 00  20f1             169 		se_addi		r1,16
                                170 	#$$tl 0x0 0x0 0x0
  0000002c 00  0004             171 		se_blr
                                172 	#$$ef
                                173 		.d2_cfa_end 2
                                174 		.section	.debug_info,,n
  000000d0 05  00               175 		.sleb128	0
                                176 	.L5806:
                                177 		.section	.text_vle,,c
                                178 	.L5808:
                                179 		.type		main,@function
                                180 		.size		main,.-main
                                181 	# Number of nodes = 13
                                182 	
                                183 	# Allocations for main
                                184 	#	r31		$$1
                                185 	
                                186 	#$$bf
                                187 		.align		2
                                188 		.globl		PITCHANNEL0
  00000030 02  0000 0024 0000   189 		.d2_cfa_start __local_cie
  00000036 02  0000 0000 0000       	
  0000003c 02  0000 00be            	
                                190 	PITCHANNEL0:
                                191 		.section	.debug_abbrev,,n
  0000002a 04  03               192 		.uleb128	3
  0000002b 04  2e               193 		.uleb128	46
  0000002c 04  01               194 		.byte		0x1
  0000002d 04  01               195 		.uleb128	1
  0000002e 04  13               196 		.uleb128	19
  0000002f 04  03               197 		.uleb128	3
  00000030 04  08               198 		.uleb128	8
  00000031 04  3a               199 		.uleb128	58
  00000032 04  06               200 		.uleb128	6
  00000033 04  3b               201 		.uleb128	59
  00000034 04  0f               202 		.uleb128	15
  00000035 04  3f               203 		.uleb128	63
  00000036 04  0c               204 		.uleb128	12
  00000037 04  11               205 		.uleb128	17
  00000038 04  01               206 		.uleb128	1
  00000039 04  12               207 		.uleb128	18
  0000003a 04  01               208 		.uleb128	1
  0000003b 04  00               209 		.uleb128	0
  0000003c 04  00               210 		.uleb128	0
                                211 		.section	.debug_info,,n
                                212 	.L5815:
  000000d1 05  03               213 		.sleb128	3
  000000d2 05  0000 00f1        214 		.4byte		.L5812-.L2
  000000d6 05  5049 5443 4841   215 		.byte		"PITCHANNEL0"
  000000dc 05  4e4e 454c 30         	
  000000e1 05  00               216 		.byte		0
  000000e2 05  0000 0001        217 		.4byte		.L5809
  000000e6 05  2c               218 		.uleb128	44
  000000e7 05  01               219 		.byte		0x1
  000000e8 05  0000 0000        220 		.4byte		.L5813
  000000ec 05  0000 0000        221 		.4byte		.L5814
                                222 		.section	.text_vle,,c
  00000085 03  030c 26          223 	        .d2line         44
                                224 	.L5813:
  00000030 00  1821 06d0        225 		e_stwu		r1,-48(r1)
  00000040 02  410e 30          226 		.d2_cfa_def_cfa_offset	48
  00000034 00  0080             227 		se_mflr		r0,lr
                                228 	#$$br
  00000036 00  1b01 0910        229 		e_stmw		r24,16(r1)
  00000043 02  4198 0899 079a   230 		.d2_cfa_offset_list	24,31,8,-1
  00000049 02  069b 059c 049d       	
  0000004f 02  039e 029f 01         	
                                231 	#$$er
  0000003a 00  dd01             232 		se_stw		r0,52(r1)
  00000054 02  116c 7f          233 		.d2_cfa_offset    108,-1
                                234 	#$$ee
  00000088 03  0206 0a          235 		.d2prologue_end
  0000003c 00  73e0 6000        236 		e_li		r31,-262144
  0000008b 03  18               237 	        .d2line         46
  00000040 00  50c0 0000        238 		e_lwz		r6,speed@sdarx(r0)
  00000044 00  34df 0108        239 		e_stb		r6,264(r31)
                                240 	#$$vo
  00000048 00  73c0 6000        241 		e_li		r30,-262144
  0000008c 03  27               242 	        .d2line         47
  0000004c 00  50c0 0000        243 		e_lwz		r6,speed@sdarx(r0)
  00000050 00  6a86             244 		se_srawi		r6,8
  00000052 00  34de 0109        245 		e_stb		r6,265(r30)
                                246 	#$$vo
  00000056 00  73a0 6000        247 		e_li		r29,-262144
  0000008d 03  2b               248 	        .d2line         48
  0000005a 00  1b3d 8101        249 		e_addi		r25,r29,256
  0000005e 00  c079             250 		se_lwz		r7,0(r25)
                                251 	#$$vo
  00000060 00  74e7 0207        252 		e_rlwinm		r7,r7,0,8,3
  00000064 00  18e7 d30c        253 		e_ori		r7,r7,201326592
  00000068 00  d079             254 		se_stw		r7,0(r25)
                                255 	#$$vo
  0000006a 00  7398 e3f9        256 		e_lis		r28,50169
  0000008e 03  0303 36          257 	        .d2line         51
  0000006e 00  7378 e3f9        258 		e_lis		r27,50169
  00000072 00  30db 0609        259 		e_lbz		r6,1545(r27)
                                260 	#$$vo
  00000076 00  7cc6 30f8        261 		nor		r6,r6,r6
  0000007a 00  34dc 0609        262 		e_stb		r6,1545(r28)
                                263 	#$$vo
  00000091 03  2f               264 	        .d2line         52
  0000007e 00  50e0 0000        265 		e_lwz		r7,speed@sdarx(r0)
  00000082 00  7007 992c        266 		cmpi		0,0,r7,300
  00000086 00  e208             267 		bc		0,2,.L5783	# ne
  00000088 00  50e0 0000        268 		e_lwz		r7,up@sdarx(r0)
  0000008c 00  2a17             269 		se_cmpi		r7,1
  0000008e 00  e204             270 		bc		0,2,.L5783	# ne
  00000092 03  33               271 	        .d2line         53
  00000090 00  4807             272 		se_li		r7,0
  00000092 00  54e0 0000        273 		e_stw		r7,up@sdarx(r0)
                                274 	.L5783:
  00000093 03  0303 1a          275 	        .d2line         56
  00000096 00  50e0 0000        276 		e_lwz		r7,speed@sdarx(r0)
  0000009a 00  2a07             277 		se_cmpi		r7,0
  0000009c 00  e208             278 		bc		0,2,.L5784	# ne
  0000009e 00  50e0 0000        279 		e_lwz		r7,up@sdarx(r0)
  000000a2 00  2a07             280 		se_cmpi		r7,0
  000000a4 00  e204             281 		bc		0,2,.L5784	# ne
  00000096 03  2f               282 	        .d2line         57
  000000a6 00  4817             283 		se_li		r7,1
  000000a8 00  54e0 0000        284 		e_stw		r7,up@sdarx(r0)
                                285 	.L5784:
  00000097 03  0303 1a          286 	        .d2line         60
  000000ac 00  50e0 0000        287 		e_lwz		r7,up@sdarx(r0)
  000000b0 00  2a17             288 		se_cmpi		r7,1
  000000b2 00  e209             289 		bc		0,2,.L5785	# ne
  0000009a 03  1f               290 	        .d2line         61
  000000b4 00  50e0 0000        291 		e_lwz		r7,speed@sdarx(r0)
  000000b8 00  50c0 0000        292 		e_lwz		r6,deltaSpeed@sdarx(r0)
  000000bc 00  0467             293 		se_add		r7,r6
  000000be 00  54e0 0000        294 		e_stw		r7,speed@sdarx(r0)
  000000c2 00  e808             295 		b		.L5786
                                296 	.L5785:
  0000009b 03  0303 2e          297 	        .d2line         64
  000000c4 00  50e0 0000        298 		e_lwz		r7,speed@sdarx(r0)
  000000c8 00  50c0 0000        299 		e_lwz		r6,deltaSpeed@sdarx(r0)
  000000cc 00  0776             300 		se_subf		r6,r7
  000000ce 00  54c0 0000        301 		e_stw		r6,speed@sdarx(r0)
                                302 	.L5786:
  000000d2 00  7358 e3ff        303 		e_lis		r26,50175
  0000009e 03  0305 32          304 	        .d2line         69
  000000d6 00  1f1a 010c        305 		e_add16i	r24,r26,268
  000000da 00  c078             306 		se_lwz		r7,0(r24)
                                307 	#$$vo
  000000dc 00  65f7             308 		se_bseti		r7,31
  000000de 00  d078             309 		se_stw		r7,0(r24)
                                310 	#$$vo
  000000a1 03  23               311 	        .d2line         70
                                312 	#$$be
  000000a2 03  0200 0b01        313 		.d2epilogue_begin
                                314 	#$$br
  000000e0 00  1b01 0810        315 		e_lmw		r24,16(r1)
                                316 	#$$er
  000000e4 00  cd01             317 		se_lwz		r0,52(r1)
  000000e6 00  0090             318 		se_mtlr		r0
  000000e8 00  1821 8030        319 		e_addi		r1,r1,48
                                320 	#$$tl 0x0 0x0 0x0
  000000ec 00  0004             321 		se_blr
                                322 	#$$ef
                                323 		.d2_cfa_end 2
                                324 		.section	.debug_info,,n
  000000f0 05  00               325 		.sleb128	0
                                326 	.L5812:
                                327 		.section	.text_vle,,c
                                328 	.L5814:
                                329 		.type		PITCHANNEL0,@function
                                330 		.size		PITCHANNEL0,.-PITCHANNEL0
                                331 	# Number of nodes = 60
                                332 	
                                333 	# Allocations for PITCHANNEL0
                                334 	#	r31		$$2
                                335 	#	r30		$$3
                                336 	#	r29		$$4
                                337 	#	r28		$$5
                                338 	#	r27		$$6
                                339 	#	r26		$$7
                                340 	#	r25		$$8
                                341 	#	r24		$$9
                                342 	
                                343 	#$$bf
                                344 		.align		2
                                345 		.globl		PITCHANNEL1
  00000058 02  0000 0018 0000   346 		.d2_cfa_start __local_cie
  0000005e 02  0000 0000 0000       	
  00000064 02  0000 0026            	
                                347 	PITCHANNEL1:
                                348 		.section	.debug_info,,n
                                349 	.L5820:
  000000f1 05  03               350 		.sleb128	3
  000000f2 05  0000 0111        351 		.4byte		.L5817-.L2
  000000f6 05  5049 5443 4841   352 		.byte		"PITCHANNEL1"
  000000fc 05  4e4e 454c 31         	
  00000101 05  00               353 		.byte		0
  00000102 05  0000 0001        354 		.4byte		.L5809
  00000106 05  48               355 		.uleb128	72
  00000107 05  01               356 		.byte		0x1
  00000108 05  0000 0000        357 		.4byte		.L5818
  0000010c 05  0000 0000        358 		.4byte		.L5819
                                359 		.section	.text_vle,,c
  000000a6 03  30               360 	        .d2line         72
                                361 	.L5818:
  000000f0 00  1821 06f0        362 		e_stwu		r1,-16(r1)
  00000068 02  410e 10          363 		.d2_cfa_def_cfa_offset	16
  000000f4 00  0080             364 		se_mflr		r0,lr
                                365 	#$$br
  000000f6 00  1bc1 0908        366 		e_stmw		r30,8(r1)
  0000006b 02  419e 029f 01     367 		.d2_cfa_offset_list	30,31,2,-1
                                368 	#$$er
  000000fa 00  d501             369 		se_stw		r0,20(r1)
  00000070 02  116c 7f          370 		.d2_cfa_offset    108,-1
                                371 	#$$ee
  000000a7 03  0206 0a          372 		.d2prologue_end
  000000fc 00  73f8 e3ff        373 		e_lis		r31,50175
  000000aa 03  18               374 	        .d2line         74
  00000100 00  1fdf 011c        375 		e_add16i	r30,r31,284
  00000104 00  c07e             376 		se_lwz		r7,0(r30)
                                377 	#$$vo
  00000106 00  65f7             378 		se_bseti		r7,31
  00000108 00  d07e             379 		se_stw		r7,0(r30)
                                380 	#$$vo
  000000ab 03  23               381 	        .d2line         75
                                382 	#$$be
  000000ac 03  0200 0b01        383 		.d2epilogue_begin
                                384 	#$$br
  0000010a 00  1bc1 0808        385 		e_lmw		r30,8(r1)
                                386 	#$$er
  0000010e 00  c501             387 		se_lwz		r0,20(r1)
  00000110 00  0090             388 		se_mtlr		r0
  00000112 00  20f1             389 		se_addi		r1,16
                                390 	#$$tl 0x0 0x0 0x0
  00000114 00  0004             391 		se_blr
                                392 	#$$ef
                                393 		.d2_cfa_end 2
                                394 		.section	.debug_info,,n
  00000110 05  00               395 		.sleb128	0
                                396 	.L5817:
                                397 		.section	.text_vle,,c
                                398 	.L5819:
                                399 		.type		PITCHANNEL1,@function
                                400 		.size		PITCHANNEL1,.-PITCHANNEL1
                                401 	# Number of nodes = 5
                                402 	
                                403 	# Allocations for PITCHANNEL1
                                404 	#	r31		$$10
                                405 	#	r30		$$11
                                406 		.section	.abs.00000040,,c
                                407 	
                                408 	#$$bf
                                409 		.align		2
                                410 		.globl		Ext_Isr
  00000074 02  0000 0064 0000   411 		.d2_cfa_start __local_cie
  0000007a 02  0000 0000 0000       	
  00000080 02  0000 0378            	
                                412 	Ext_Isr:
                                413 		.section	.debug_line.abs.00000040,,n
                                414 		.sectionlink	.debug_line
                                415 	.L5829:
                                416 		.section	.abs.00000040,,c
                                417 	.L5825:
  00000000 07                   418 		.0byte		.L5823
  00000000 09  0000 00b2 0002   419 		.d2_line_start	.debug_line.abs.00000040
  00000006 09  0000 0013 0201       	
  0000000c 09  ff04 0d00 0101       	
  00000012 09  0101 0000 0001       	
  00000018 09  0000 0100 00         	
                                420 		.section	.debug_info.abs.00000040,,n
                                421 		.sectionlink	.debug_info
                                422 	.L5823:
  00000000 0a  0000 00d0        423 		.4byte		.L5824-.L5822
                                424 	.L5822:
  00000004 0a  0002             425 		.2byte		0x2
  00000006 0a  0000 0000        426 		.4byte		.L9
  0000000a 0a  04               427 		.byte		0x4
  0000000b 0a  01               428 		.sleb128	1
  0000000c 0a  0000 00d3        429 		.4byte		.L5828-.L5823
  00000010 0a  433a 5c55 7365   430 		.byte		"C:\\Users\\murv\\Desktop\\unit2\\TASK3\\subtask2\\Template\\src\\ma
  00000016 0a  7273 5c6d 7572       	in.c"
  0000001c 0a  765c 4465 736b       	
  00000022 0a  746f 705c 756e       	
  00000028 0a  6974 325c 5441       	
  0000002e 0a  534b                 	
  0000004e 0a  00               431 		.byte		0
  0000004f 0a  4469 6162 2044   432 		.byte		"Diab Data, Inc:dcc Rel 5.7.0.0:PPC5534"
  00000055 0a  6174 612c 2049       	
  0000005b 0a  6e63 3a64 6363       	
  00000061 0a  2052 656c 2035       	
  00000067 0a  2e37 2e30 2e30       	
  0000006d 0a  3a50                 	
  00000075 0a  00               433 		.byte		0
  00000076 0a  433a 5c55 7365   434 		.byte		"C:\\Users\\murv\\Desktop\\unit2\\TASK3\\subtask2\\Template"
  0000007c 0a  7273 5c6d 7572       	
  00000082 0a  765c 4465 736b       	
  00000088 0a  746f 705c 756e       	
  0000008e 0a  6974 325c 5441       	
  00000094 0a  534b                 	
  000000a9 0a  00               435 		.byte		0
  000000aa 0a  01               436 		.uleb128	1
  000000ab 0a  0000 0000        437 		.4byte		.L5825
  000000af 0a  0000 0000        438 		.4byte		.L5826
  000000b3 0a  0000 0000        439 		.4byte		.L5829
                                440 	.L5835:
  000000b7 0a  03               441 		.sleb128	3
  000000b8 0a  0000 00d3        442 		.4byte		.L5831-.L5823
  000000bc 0a  4578 745f 4973   443 		.byte		"Ext_Isr"
  000000c2 0a  72                   	
  000000c3 0a  00               444 		.byte		0
  000000c4 0a  0000 0001        445 		.4byte		.L5834
  000000c8 0a  5b               446 		.uleb128	91
  000000c9 0a  01               447 		.byte		0x1
  000000ca 0a  0000 0000        448 		.4byte		.L5832
  000000ce 0a  0000 0000        449 		.4byte		.L5833
                                450 		.section	.abs.00000040,,c
  0000001d 09  004c 0343 3a5c   451 		.d2file		"C:\\Users\\murv\\Desktop\\unit2\\TASK3\\subtask2\\Template\\src\\ma
  00000023 09  5c55 7365 7273       	in.c"
  00000029 09  5c5c 6d75 7276       	
  0000002f 09  5c5c 4465 736b       	
  00000035 09  746f 705c 5c75       	
  0000003b 09  6e69                 	
  0000006d 09  0005 0200 0000   452 	        .d2line         91
  00000073 09  0003 da00 0e         	
                                453 	.L5832:
  00000000 07  701f 7f10        454 		e_li		r0,-240
  00000004 07  7c21 016e        455 		stwux		r1,r1,r0
  00000084 02  420e f001        456 		.d2_cfa_def_cfa_offset	240
  00000008 07  d201             457 		se_stw		r0,8(r1)
  0000000a 07  00a0             458 		se_mfctr		r0,ctr
  0000000c 07  d301             459 		se_stw		r0,12(r1)
  0000000e 07  7c01 02a6        460 		mfspr		r0,xer
  00000012 07  d401             461 		se_stw		r0,16(r1)
  00000014 07  7c00 0026        462 		mfcr		r0
  00000018 07  d501             463 		se_stw		r0,20(r1)
  0000001a 07  0080             464 		se_mflr		r0,lr
  0000001c 07  d601             465 		se_stw		r0,24(r1)
                                466 	#$$br
  0000001e 07  5461 0080        467 		e_stw		r3,128(r1)
  00000088 02  4683 1c          468 		.d2_cfa_offset	3,28
  00000022 07  5481 0084        469 		e_stw		r4,132(r1)
  0000008b 02  4184 1b          470 		.d2_cfa_offset	4,27
  00000026 07  54a1 0088        471 		e_stw		r5,136(r1)
  0000008e 02  4185 1a          472 		.d2_cfa_offset	5,26
  0000002a 07  54c1 008c        473 		e_stw		r6,140(r1)
  00000091 02  4186 19          474 		.d2_cfa_offset	6,25
  0000002e 07  54e1 0090        475 		e_stw		r7,144(r1)
  00000094 02  4187 18          476 		.d2_cfa_offset	7,24
  00000032 07  5501 0094        477 		e_stw		r8,148(r1)
  00000097 02  4188 17          478 		.d2_cfa_offset	8,23
  00000036 07  5521 0098        479 		e_stw		r9,152(r1)
  0000009a 02  4189 16          480 		.d2_cfa_offset	9,22
  0000003a 07  5541 009c        481 		e_stw		r10,156(r1)
  0000009d 02  418a 15          482 		.d2_cfa_offset	10,21
  0000003e 07  5561 00a0        483 		e_stw		r11,160(r1)
  000000a0 02  418b 14          484 		.d2_cfa_offset	11,20
  00000042 07  5581 00a4        485 		e_stw		r12,164(r1)
  000000a3 02  418c 13          486 		.d2_cfa_offset	12,19
  00000046 07  55c1 00a8        487 		e_stw		r14,168(r1)
  000000a6 02  418e 12          488 		.d2_cfa_offset	14,18
  0000004a 07  55e1 00ac        489 		e_stw		r15,172(r1)
  000000a9 02  418f 11          490 		.d2_cfa_offset	15,17
  0000004e 07  5601 00b0        491 		e_stw		r16,176(r1)
  000000ac 02  4190 10          492 		.d2_cfa_offset	16,16
  00000052 07  5621 00b4        493 		e_stw		r17,180(r1)
  000000af 02  4191 0f          494 		.d2_cfa_offset	17,15
  00000056 07  5641 00b8        495 		e_stw		r18,184(r1)
  000000b2 02  4192 0e          496 		.d2_cfa_offset	18,14
  0000005a 07  5661 00bc        497 		e_stw		r19,188(r1)
  000000b5 02  4193 0d          498 		.d2_cfa_offset	19,13
  0000005e 07  5681 00c0        499 		e_stw		r20,192(r1)
  000000b8 02  4194 0c          500 		.d2_cfa_offset	20,12
  00000062 07  56a1 00c4        501 		e_stw		r21,196(r1)
  000000bb 02  4195 0b          502 		.d2_cfa_offset	21,11
  00000066 07  56c1 00c8        503 		e_stw		r22,200(r1)
  000000be 02  4196 0a          504 		.d2_cfa_offset	22,10
  0000006a 07  56e1 00cc        505 		e_stw		r23,204(r1)
  000000c1 02  4197 09          506 		.d2_cfa_offset	23,9
  0000006e 07  5701 00d0        507 		e_stw		r24,208(r1)
  000000c4 02  4198 08          508 		.d2_cfa_offset	24,8
  00000072 07  5721 00d4        509 		e_stw		r25,212(r1)
  000000c7 02  4199 07          510 		.d2_cfa_offset	25,7
  00000076 07  5741 00d8        511 		e_stw		r26,216(r1)
  000000ca 02  419a 06          512 		.d2_cfa_offset	26,6
  0000007a 07  5761 00dc        513 		e_stw		r27,220(r1)
  000000cd 02  419b 05          514 		.d2_cfa_offset	27,5
  0000007e 07  5781 00e0        515 		e_stw		r28,224(r1)
  000000d0 02  419c 04          516 		.d2_cfa_offset	28,4
  00000082 07  57a1 00e4        517 		e_stw		r29,228(r1)
  000000d3 02  419d 03          518 		.d2_cfa_offset	29,3
  00000086 07  57c1 00e8        519 		e_stw		r30,232(r1)
  000000d6 02  419e 02          520 		.d2_cfa_offset	30,2
  0000008a 07  57e1 00ec        521 		e_stw		r31,236(r1)
  000000d9 02  419f 01          522 		.d2_cfa_offset	31,1
                                523 	#$$er
                                524 	#$$ee
  00000078 09  0247 0a          525 		.d2prologue_end
  0000008e 07  70ff e7f5        526 		e_lis		r7,65525
  00000092 07  d771             527 		se_stw		r7,28(r1)
  0000007b 09  1b               528 	        .d2line         92
  00000094 07  c761             529 		se_lwz		r6,28(r1)
  00000096 07  50c6 8010        530 		e_lwz		r6,-32752(r6)
                                531 	#$$vo
  0000009a 07  74cb f5ff        532 		e_rlwinm		r11,r6,30,23,31
  0000009e 07  180b a845        533 		cmpi		0,0,r11,69
  000000a2 07  e50d             534 		bc		1,1,.L5836
  000000a4 07  e644             535 		bc		1,2,.L5798
  000000a6 07  180b a83b        536 		cmpi		0,0,r11,59
  000000aa 07  e613             537 		bc		1,2,.L5790
  000000ac 07  180b a83c        538 		cmpi		0,0,r11,60
  000000b0 07  e614             539 		bc		1,2,.L5791
  000000b2 07  180b a844        540 		cmpi		0,0,r11,68
  000000b6 07  e615             541 		bc		1,2,.L5797
  000000b8 07  7800 0222        542 		b		.L5789
                                543 	.L5836:
  000000bc 07  180b a846        544 		cmpi		0,0,r11,70
  000000c0 07  7a12 0150        545 		bc		1,2,.L5800
  000000c4 07  180b a847        546 		cmpi		0,0,r11,71
  000000c8 07  7a12 01aa        547 		bc		1,2,.L5801
  000000cc 07  7800 020e        548 		b		.L5789
                                549 	.L5790:
  0000007c 09  88               550 	        .d2line         94
  0000007d 09  10               551 	        .d2line         96
                                552 	#$$fn 0xc0 0 0 0x0
                                553 	#$$tl 0x0 0x0 0x0
                                554 	#$$rs 0 s
  000000d0 07  7800 0001        555 		bl		PITCHANNEL0
  0000007e 09  17               556 	        .d2line         97
  000000d4 07  7800 0206        557 		b		.L5789
                                558 	.L5791:
  0000007f 09  17               559 	        .d2line         98
  00000080 09  10               560 	        .d2line         100
                                561 	#$$fn 0x80 0 0 0x0
                                562 	#$$tl 0x0 0x0 0x0
                                563 	#$$rs 0 s
  000000d8 07  7800 0001        564 		bl		PITCHANNEL1
  00000081 09  17               565 	        .d2line         101
  000000dc 07  7800 01fe        566 		b		.L5789
                                567 	.L5797:
  00000082 09  030b 16          568 	        .d2line         112
  000000e0 07  70e0 6000        569 		e_li		r7,-262144
  000000e4 07  d871             570 		se_stw		r7,32(r1)
  00000085 09  0303 1a          571 	        .d2line         115
  000000e6 07  c861             572 		se_lwz		r6,32(r1)
  000000e8 07  1be6 8030        573 		e_addi		r31,r6,48
  000000ec 07  c07f             574 		se_lwz		r7,0(r31)
                                575 	#$$vo
  000000ee 07  65f7             576 		se_bseti		r7,31
  000000f0 07  d07f             577 		se_stw		r7,0(r31)
                                578 	#$$vo
  000000f2 07  70c0 6000        579 		e_li		r6,-262144
  000000f6 07  d961             580 		se_stw		r6,36(r1)
  00000088 09  33               581 	        .d2line         116
  000000f8 07  c971             582 		se_lwz		r7,36(r1)
  000000fa 07  1bc7 8030        583 		e_addi		r30,r7,48
  000000fe 07  c06e             584 		se_lwz		r6,0(r30)
                                585 	#$$vo
  00000100 07  65e6             586 		se_bseti		r6,30
  00000102 07  d06e             587 		se_stw		r6,0(r30)
                                588 	#$$vo
  00000104 07  70e0 6000        589 		e_li		r7,-262144
  00000108 07  da71             590 		se_stw		r7,40(r1)
  00000089 09  33               591 	        .d2line         117
  0000010a 07  ca61             592 		se_lwz		r6,40(r1)
  0000010c 07  1ba6 8030        593 		e_addi		r29,r6,48
  00000110 07  c07d             594 		se_lwz		r7,0(r29)
                                595 	#$$vo
  00000112 07  65d7             596 		se_bseti		r7,29
  00000114 07  d07d             597 		se_stw		r7,0(r29)
                                598 	#$$vo
  00000116 07  70c0 6000        599 		e_li		r6,-262144
  0000011a 07  db61             600 		se_stw		r6,44(r1)
  0000008a 09  33               601 	        .d2line         118
  0000011c 07  cb71             602 		se_lwz		r7,44(r1)
  0000011e 07  1b87 8030        603 		e_addi		r28,r7,48
  00000122 07  c06c             604 		se_lwz		r6,0(r28)
                                605 	#$$vo
  00000124 07  65c6             606 		se_bseti		r6,28
  00000126 07  d06c             607 		se_stw		r6,0(r28)
                                608 	#$$vo
  0000008b 09  28               609 	        .d2line         120
  00000128 07  7800 01b2        610 		b		.L5789
                                611 	.L5798:
  0000008c 09  17               612 	        .d2line         121
  0000012c 07  70e0 6000        613 		e_li		r7,-262144
  00000130 07  dc71             614 		se_stw		r7,48(r1)
  0000008d 09  1b               615 	        .d2line         122
  00000132 07  cc61             616 		se_lwz		r6,48(r1)
  00000134 07  cc66             617 		se_lwz		r6,48(r6)
                                618 	#$$vo
  00000136 07  67a6             619 		se_btsti		r6,26
  00000138 07  e63d             620 		bc		1,2,.L5799	# eq
  0000013a 07  70e0 6000        621 		e_li		r7,-262144
  0000013e 07  dd71             622 		se_stw		r7,52(r1)
  00000140 07  cd61             623 		se_lwz		r6,52(r1)
  00000142 07  50c6 0084        624 		e_lwz		r6,132(r6)
                                625 	#$$vo
  00000146 07  74c6 757f        626 		e_rlwinm		r6,r6,14,21,31
  0000014a 07  2a16             627 		se_cmpi		r6,1
  0000014c 07  e233             628 		bc		0,2,.L5799	# ne
  0000008e 09  48               629 	        .d2line         124
  0000014e 07  4803             630 		se_li		r3,0
                                631 	#$$fn 0x1ff8 0 0 0x1
                                632 	#$$tl 0x8 0x0 0x0
                                633 	#$$rs 0 s
  00000150 07  7800 0001        634 		bl		PIT_StartTimer
  00000154 07  70c0 6000        635 		e_li		r6,-262144
  00000158 07  de61             636 		se_stw		r6,56(r1)
  0000008f 09  27               637 	        .d2line         125
  0000015a 07  70e0 6000        638 		e_li		r7,-262144
  0000015e 07  df71             639 		se_stw		r7,60(r1)
  00000160 07  ce61             640 		se_lwz		r6,56(r1)
  00000162 07  30c6 0088        641 		e_lbz		r6,136(r6)
                                642 	#$$vo
  00000166 07  cf71             643 		se_lwz		r7,60(r1)
  00000168 07  30e7 0089        644 		e_lbz		r7,137(r7)
                                645 	#$$vo
  0000016c 07  4676             646 		se_and		r6,r7
  0000016e 07  00c6             647 		se_extzb		r6,r6
  00000170 07  54c0 0000        648 		e_stw		r6,rec_speed@sdarx(r0)
  00000174 07  70c0 6000        649 		e_li		r6,-262144
  00000178 07  54c1 0040        650 		e_stw		r6,64(r1)
  00000090 09  53               651 	        .d2line         126
  0000017c 07  50e1 0040        652 		e_lwz		r7,64(r1)
  00000180 07  1f67 0150        653 		e_add16i	r27,r7,336
  00000184 07  c06b             654 		se_lwz		r6,0(r27)
                                655 	#$$vo
  00000186 07  74c6 0207        656 		e_rlwinm		r6,r6,0,8,3
  0000018a 07  6456             657 		se_bseti		r6,5
  0000018c 07  d06b             658 		se_stw		r6,0(r27)
                                659 	#$$vo
  0000018e 07  70f8 e3f9        660 		e_lis		r7,50169
  00000192 07  54e1 0044        661 		e_stw		r7,68(r1)
  00000091 09  43               662 	        .d2line         127
  00000196 07  70d8 e3f9        663 		e_lis		r6,50169
  0000019a 07  54c1 0048        664 		e_stw		r6,72(r1)
  0000019e 07  50e1 0044        665 		e_lwz		r7,68(r1)
  000001a2 07  50c1 0048        666 		e_lwz		r6,72(r1)
  000001a6 07  30c6 062a        667 		e_lbz		r6,1578(r6)
                                668 	#$$vo
  000001aa 07  7cc6 30f8        669 		nor		r6,r6,r6
  000001ae 07  34c7 062a        670 		e_stb		r6,1578(r7)
                                671 	#$$vo
                                672 	.L5799:
  000001b2 07  70e0 6000        673 		e_li		r7,-262144
  000001b6 07  54e1 004c        674 		e_stw		r7,76(r1)
  00000092 09  0303 56          675 	        .d2line         130
  000001ba 07  50c1 004c        676 		e_lwz		r6,76(r1)
  000001be 07  1b46 8030        677 		e_addi		r26,r6,48
  000001c2 07  c07a             678 		se_lwz		r7,0(r26)
                                679 	#$$vo
  000001c4 07  65b7             680 		se_bseti		r7,27
  000001c6 07  d07a             681 		se_stw		r7,0(r26)
                                682 	#$$vo
  000001c8 07  70c0 6000        683 		e_li		r6,-262144
  000001cc 07  54c1 0050        684 		e_stw		r6,80(r1)
  00000095 09  3b               685 	        .d2line         131
  000001d0 07  50e1 0050        686 		e_lwz		r7,80(r1)
  000001d4 07  1b27 8030        687 		e_addi		r25,r7,48
  000001d8 07  c069             688 		se_lwz		r6,0(r25)
                                689 	#$$vo
  000001da 07  65a6             690 		se_bseti		r6,26
  000001dc 07  d069             691 		se_stw		r6,0(r25)
                                692 	#$$vo
  000001de 07  70e0 6000        693 		e_li		r7,-262144
  000001e2 07  54e1 0054        694 		e_stw		r7,84(r1)
  00000096 09  3b               695 	        .d2line         132
  000001e6 07  50c1 0054        696 		e_lwz		r6,84(r1)
  000001ea 07  1b06 8030        697 		e_addi		r24,r6,48
  000001ee 07  c078             698 		se_lwz		r7,0(r24)
                                699 	#$$vo
  000001f0 07  6597             700 		se_bseti		r7,25
  000001f2 07  d078             701 		se_stw		r7,0(r24)
                                702 	#$$vo
  000001f4 07  70c0 6000        703 		e_li		r6,-262144
  000001f8 07  54c1 0058        704 		e_stw		r6,88(r1)
  00000097 09  3b               705 	        .d2line         133
  000001fc 07  50e1 0058        706 		e_lwz		r7,88(r1)
  00000200 07  1ae7 8030        707 		e_addi		r23,r7,48
  00000204 07  50d7 0000        708 		e_lwz		r6,0(r23)
                                709 	#$$vo
  00000208 07  6586             710 		se_bseti		r6,24
  0000020a 07  54d7 0000        711 		e_stw		r6,0(r23)
                                712 	#$$vo
  00000098 09  33               713 	        .d2line         134
  0000020e 07  e866             714 		b		.L5789
                                715 	.L5800:
  00000099 09  13               716 	        .d2line         135
  00000210 07  70e0 6000        717 		e_li		r7,-262144
  00000214 07  54e1 005c        718 		e_stw		r7,92(r1)
  0000009a 09  1f               719 	        .d2line         136
  00000218 07  50c1 005c        720 		e_lwz		r6,92(r1)
  0000021c 07  1ac6 8030        721 		e_addi		r22,r6,48
  00000220 07  50f6 0000        722 		e_lwz		r7,0(r22)
                                723 	#$$vo
  00000224 07  6577             724 		se_bseti		r7,23
  00000226 07  54f6 0000        725 		e_stw		r7,0(r22)
                                726 	#$$vo
  0000022a 07  71c0 6000        727 		e_li		r14,-262144
  0000009b 09  3b               728 	        .d2line         137
  0000022e 07  1aae 8030        729 		e_addi		r21,r14,48
  00000232 07  50d5 0000        730 		e_lwz		r6,0(r21)
                                731 	#$$vo
  00000236 07  6566             732 		se_bseti		r6,22
  00000238 07  54d5 0000        733 		e_stw		r6,0(r21)
                                734 	#$$vo
  0000023c 07  70e0 6000        735 		e_li		r7,-262144
  00000240 07  54e1 0060        736 		e_stw		r7,96(r1)
  0000009c 09  3b               737 	        .d2line         138
  00000244 07  50c1 0060        738 		e_lwz		r6,96(r1)
  00000248 07  1a86 8030        739 		e_addi		r20,r6,48
  0000024c 07  50f4 0000        740 		e_lwz		r7,0(r20)
                                741 	#$$vo
  00000250 07  6557             742 		se_bseti		r7,21
  00000252 07  54f4 0000        743 		e_stw		r7,0(r20)
                                744 	#$$vo
  00000256 07  70c0 6000        745 		e_li		r6,-262144
  0000025a 07  54c1 0064        746 		e_stw		r6,100(r1)
  0000009d 09  43               747 	        .d2line         139
  0000025e 07  50e1 0064        748 		e_lwz		r7,100(r1)
  00000262 07  1a67 8030        749 		e_addi		r19,r7,48
  00000266 07  50d3 0000        750 		e_lwz		r6,0(r19)
                                751 	#$$vo
  0000026a 07  6546             752 		se_bseti		r6,20
  0000026c 07  54d3 0000        753 		e_stw		r6,0(r19)
                                754 	#$$vo
  0000009e 09  33               755 	        .d2line         140
  00000270 07  e835             756 		b		.L5789
                                757 	.L5801:
  0000009f 09  13               758 	        .d2line         141
  00000272 07  70e0 6000        759 		e_li		r7,-262144
  00000276 07  54e1 0068        760 		e_stw		r7,104(r1)
  000000a0 09  1f               761 	        .d2line         142
  0000027a 07  50c1 0068        762 		e_lwz		r6,104(r1)
  0000027e 07  1a46 8030        763 		e_addi		r18,r6,48
  00000282 07  50f2 0000        764 		e_lwz		r7,0(r18)
                                765 	#$$vo
  00000286 07  6537             766 		se_bseti		r7,19
  00000288 07  54f2 0000        767 		e_stw		r7,0(r18)
                                768 	#$$vo
  0000028c 07  70c0 6000        769 		e_li		r6,-262144
  00000290 07  54c1 006c        770 		e_stw		r6,108(r1)
  000000a1 09  43               771 	        .d2line         143
  00000294 07  50e1 006c        772 		e_lwz		r7,108(r1)
  00000298 07  1a27 8030        773 		e_addi		r17,r7,48
  0000029c 07  50d1 0000        774 		e_lwz		r6,0(r17)
                                775 	#$$vo
  000002a0 07  6526             776 		se_bseti		r6,18
  000002a2 07  54d1 0000        777 		e_stw		r6,0(r17)
                                778 	#$$vo
  000002a6 07  70e0 6000        779 		e_li		r7,-262144
  000002aa 07  54e1 0070        780 		e_stw		r7,112(r1)
  000000a2 09  43               781 	        .d2line         144
  000002ae 07  50c1 0070        782 		e_lwz		r6,112(r1)
  000002b2 07  1a06 8030        783 		e_addi		r16,r6,48
  000002b6 07  50f0 0000        784 		e_lwz		r7,0(r16)
                                785 	#$$vo
  000002ba 07  6517             786 		se_bseti		r7,17
  000002bc 07  54f0 0000        787 		e_stw		r7,0(r16)
                                788 	#$$vo
  000002c0 07  70c0 6000        789 		e_li		r6,-262144
  000002c4 07  54c1 0074        790 		e_stw		r6,116(r1)
  000000a3 09  43               791 	        .d2line         145
  000002c8 07  50e1 0074        792 		e_lwz		r7,116(r1)
  000002cc 07  19e7 8030        793 		e_addi		r15,r7,48
  000002d0 07  50cf 0000        794 		e_lwz		r6,0(r15)
                                795 	#$$vo
  000002d4 07  6506             796 		se_bseti		r6,16
  000002d6 07  54cf 0000        797 		e_stw		r6,0(r15)
                                798 	#$$vo
                                799 	.L5789:
  000002da 07  70ff e7f5        800 		e_lis		r7,65525
  000002de 07  54e1 0078        801 		e_stw		r7,120(r1)
  000000a4 09  030a 42          802 	        .d2line         155
  000002e2 07  50c1 0078        803 		e_lwz		r6,120(r1)
  000002e6 07  4807             804 		se_li		r7,0
  000002e8 07  54e6 8018        805 		e_stw		r7,-32744(r6)
                                806 	#$$vo
  000000a7 09  23               807 	        .d2line         156
                                808 	#$$be
  000000a8 09  0200 0b01        809 		.d2epilogue_begin
                                810 	#$$br
  000002ec 07  5061 0080        811 		e_lwz		r3,128(r1)
  000002f0 07  5081 0084        812 		e_lwz		r4,132(r1)
  000002f4 07  50a1 0088        813 		e_lwz		r5,136(r1)
  000002f8 07  50c1 008c        814 		e_lwz		r6,140(r1)
  000002fc 07  50e1 0090        815 		e_lwz		r7,144(r1)
  00000300 07  5101 0094        816 		e_lwz		r8,148(r1)
  00000304 07  5121 0098        817 		e_lwz		r9,152(r1)
  00000308 07  5141 009c        818 		e_lwz		r10,156(r1)
  0000030c 07  5161 00a0        819 		e_lwz		r11,160(r1)
  00000310 07  5181 00a4        820 		e_lwz		r12,164(r1)
  00000314 07  51c1 00a8        821 		e_lwz		r14,168(r1)
  00000318 07  51e1 00ac        822 		e_lwz		r15,172(r1)
  0000031c 07  5201 00b0        823 		e_lwz		r16,176(r1)
  00000320 07  5221 00b4        824 		e_lwz		r17,180(r1)
  00000324 07  5241 00b8        825 		e_lwz		r18,184(r1)
  00000328 07  5261 00bc        826 		e_lwz		r19,188(r1)
  0000032c 07  5281 00c0        827 		e_lwz		r20,192(r1)
  00000330 07  52a1 00c4        828 		e_lwz		r21,196(r1)
  00000334 07  52c1 00c8        829 		e_lwz		r22,200(r1)
  00000338 07  52e1 00cc        830 		e_lwz		r23,204(r1)
  0000033c 07  5301 00d0        831 		e_lwz		r24,208(r1)
  00000340 07  5321 00d4        832 		e_lwz		r25,212(r1)
  00000344 07  5341 00d8        833 		e_lwz		r26,216(r1)
  00000348 07  5361 00dc        834 		e_lwz		r27,220(r1)
  0000034c 07  5381 00e0        835 		e_lwz		r28,224(r1)
  00000350 07  53a1 00e4        836 		e_lwz		r29,228(r1)
  00000354 07  53c1 00e8        837 		e_lwz		r30,232(r1)
  00000358 07  53e1 00ec        838 		e_lwz		r31,236(r1)
                                839 	#$$er
  0000035c 07  c601             840 		se_lwz		r0,24(r1)
  0000035e 07  0090             841 		se_mtlr		r0
  00000360 07  c501             842 		se_lwz		r0,20(r1)
  00000362 07  7c0f f120        843 		mtcrf		0xff,r0
  00000366 07  c401             844 		se_lwz		r0,16(r1)
  00000368 07  7c01 03a6        845 		mtspr		xer,r0
  0000036c 07  c301             846 		se_lwz		r0,12(r1)
  0000036e 07  00b0             847 		se_mtctr		r0
  00000370 07  c201             848 		se_lwz		r0,8(r1)
  00000372 07  1821 80f0        849 		e_addi		r1,r1,240
                                850 	#$$tl 0x0 0x0 0x0
  00000376 07  0008             851 		se_rfi
                                852 	#$$ef
                                853 		.d2_cfa_end 2
                                854 		.section	.debug_info.abs.00000040,,n
                                855 		.sectionlink	.debug_info
  000000d2 0a  00               856 		.sleb128	0
                                857 	.L5831:
                                858 		.section	.abs.00000040,,c
                                859 	.L5833:
                                860 		.type		Ext_Isr,@function
                                861 		.size		Ext_Isr,.-Ext_Isr
                                862 	# Number of nodes = 139
                                863 	
                                864 	# Allocations for Ext_Isr
                                865 	#	SP,28		$$12
                                866 	#	SP,32		$$13
                                867 	#	SP,36		$$14
                                868 	#	SP,40		$$15
                                869 	#	SP,44		$$16
                                870 	#	SP,48		$$17
                                871 	#	SP,52		$$18
                                872 	#	SP,56		$$19
                                873 	#	SP,60		$$20
                                874 	#	SP,64		$$21
                                875 	#	SP,68		$$22
                                876 	#	SP,72		$$23
                                877 	#	SP,76		$$24
                                878 	#	SP,80		$$25
                                879 	#	SP,84		$$26
                                880 	#	SP,88		$$27
                                881 	#	SP,92		$$28
                                882 	#	r14		$$29
                                883 	#	SP,96		$$30
                                884 	#	SP,100		$$31
                                885 	#	SP,104		$$32
                                886 	#	SP,108		$$33
                                887 	#	SP,112		$$34
                                888 	#	SP,116		$$35
                                889 	#	SP,120		$$36
                                890 	#	r31		$$37
                                891 	#	r30		$$38
                                892 	#	r29		$$39
                                893 	#	r28		$$40
                                894 	#	r27		$$41
                                895 	#	r26		$$42
                                896 	#	r25		$$43
                                897 	#	r24		$$44
                                898 	#	r23		$$45
                                899 	#	r22		$$46
                                900 	#	r21		$$47
                                901 	#	r20		$$48
                                902 	#	r19		$$49
                                903 	#	r18		$$50
                                904 	#	r17		$$51
                                905 	#	r16		$$52
                                906 	#	r15		$$53
                                907 	
                                908 	# Allocations for module
                                909 		.section	.debug_abbrev,,n
  0000003d 04  04               910 		.uleb128	4
  0000003e 04  34               911 		.uleb128	52
  0000003f 04  00               912 		.byte		0x0
  00000040 04  3f               913 		.uleb128	63
  00000041 04  0c               914 		.uleb128	12
  00000042 04  3a               915 		.uleb128	58
  00000043 04  06               916 		.uleb128	6
  00000044 04  3b               917 		.uleb128	59
  00000045 04  0f               918 		.uleb128	15
  00000046 04  03               919 		.uleb128	3
  00000047 04  08               920 		.uleb128	8
  00000048 04  49               921 		.uleb128	73
  00000049 04  10               922 		.uleb128	16
  0000004a 04  02               923 		.uleb128	2
  0000004b 04  09               924 		.uleb128	9
  0000004c 04  00               925 		.uleb128	0
  0000004d 04  00               926 		.uleb128	0
                                927 		.section	.debug_info,,n
                                928 	.L5837:
  00000111 05  04               929 		.sleb128	4
  00000112 05  01               930 		.byte		0x1
  00000113 05  0000 0001        931 		.4byte		.L5809
  00000117 05  04               932 		.uleb128	4
  00000118 05  7370 6565 64     933 		.byte		"speed"
  0000011d 05  00               934 		.byte		0
  0000011e 05  0000 0000        935 		.4byte		.L5838
  00000122 05  05               936 		.sleb128	5
  00000123 05  03               937 		.byte		0x3
  00000124 05  0000 0000        938 		.4byte		speed
                                939 		.sdata
                                940 		.align		2
                                941 	#	Begin local data area
                                942 	#	LDA + 0
                                943 		.type		speed,@object
                                944 		.size		speed,4
                                945 		.align		2
                                946 		.globl		speed
                                947 	speed:
  00000000 0b  0000 0000        948 		.long		0
                                949 		.section	.debug_info,,n
                                950 	.L5839:
  00000128 05  04               951 		.sleb128	4
  00000129 05  01               952 		.byte		0x1
  0000012a 05  0000 0001        953 		.4byte		.L5809
  0000012e 05  04               954 		.uleb128	4
  0000012f 05  7570             955 		.byte		"up"
  00000131 05  00               956 		.byte		0
  00000132 05  0000 0000        957 		.4byte		.L5838
  00000136 05  05               958 		.sleb128	5
  00000137 05  03               959 		.byte		0x3
  00000138 05  0000 0000        960 		.4byte		up
                                961 		.sdata
                                962 	#	LDA + 4
                                963 		.type		up,@object
                                964 		.size		up,4
                                965 		.align		2
                                966 		.globl		up
                                967 	up:
  00000004 0b  0000 0001        968 		.long		1
                                969 		.section	.debug_info,,n
                                970 	.L5840:
  0000013c 05  04               971 		.sleb128	4
  0000013d 05  01               972 		.byte		0x1
  0000013e 05  0000 0001        973 		.4byte		.L5809
  00000142 05  04               974 		.uleb128	4
  00000143 05  6465 6c74 6153   975 		.byte		"deltaSpeed"
  00000149 05  7065 6564            	
  0000014d 05  00               976 		.byte		0
  0000014e 05  0000 0000        977 		.4byte		.L5838
  00000152 05  05               978 		.sleb128	5
  00000153 05  03               979 		.byte		0x3
  00000154 05  0000 0000        980 		.4byte		deltaSpeed
                                981 		.sdata
                                982 	#	LDA + 8
                                983 		.type		deltaSpeed,@object
                                984 		.size		deltaSpeed,4
                                985 		.align		2
                                986 		.globl		deltaSpeed
                                987 	deltaSpeed:
  00000008 0b  0000 0005        988 		.long		5
                                989 		.section	.debug_info,,n
                                990 	.L5841:
  00000158 05  04               991 		.sleb128	4
  00000159 05  01               992 		.byte		0x1
  0000015a 05  0000 0001        993 		.4byte		.L5809
  0000015e 05  04               994 		.uleb128	4
  0000015f 05  7265 635f 7370   995 		.byte		"rec_speed"
  00000165 05  6565 64              	
  00000168 05  00               996 		.byte		0
  00000169 05  0000 0000        997 		.4byte		.L5838
  0000016d 05  05               998 		.sleb128	5
  0000016e 05  03               999 		.byte		0x3
  0000016f 05  0000 0000       1000 		.4byte		rec_speed
                               1001 		.sdata
                               1002 	#	LDA + 12
                               1003 		.type		rec_speed,@object
                               1004 		.size		rec_speed,4
                               1005 		.align		2
                               1006 		.globl		rec_speed
                               1007 	rec_speed:
  0000000c 0b  0000 0000       1008 		.long		0
                               1009 		.section	.debug_abbrev,,n
  0000004e 04  05              1010 		.uleb128	5
  0000004f 04  24              1011 		.uleb128	36
  00000050 04  00              1012 		.byte		0x0
  00000051 04  03              1013 		.uleb128	3
  00000052 04  08              1014 		.uleb128	8
  00000053 04  3e              1015 		.uleb128	62
  00000054 04  0b              1016 		.uleb128	11
  00000055 04  0b              1017 		.uleb128	11
  00000056 04  0b              1018 		.uleb128	11
  00000057 04  00              1019 		.uleb128	0
  00000058 04  00              1020 		.uleb128	0
                               1021 		.section	.debug_info,,n
                               1022 	.L5838:
  00000173 05  05              1023 		.sleb128	5
  00000174 05  696e 74         1024 		.byte		"int"
  00000177 05  00              1025 		.byte		0
  00000178 05  05              1026 		.byte		0x5
  00000179 05  04              1027 		.byte		0x4
                               1028 	.L7:
  0000017a 05  00              1029 		.sleb128	0
                               1030 	.L3:
                               1031 		.section	.text_vle,,c
                               1032 	.L5:
                               1033 	.L5809:	.d2filenum "C:\\Users\\murv\\Desktop\\unit2\\TASK3\\subtask2\\Template\\src\\main.c"
                                    	
  000000b0 03  0005 0200 0000  1034 		.d2_line_end
  000000b6 03  0000 0101            	
                               1035 		.section	.debug_info.abs.00000040,,n
                               1036 		.sectionlink	.debug_info
                               1037 	.L5828:
  000000d3 0a  00              1038 		.sleb128	0
                               1039 	.L5824:
                               1040 		.section	.abs.00000040,,c
                               1041 	.L5826:
                               1042 	.L5834:	.d2filenum "C:\\Users\\murv\\Desktop\\unit2\\TASK3\\subtask2\\Template\\src\\main.c"
                                    	
  000000ac 09  0005 0200 0000  1043 		.d2_line_end
  000000b2 09  0000 0101            	
                               1044 		.section	.debug_abbrev,,n
  00000059 04  00              1045 		.sleb128	0
