                                  1 	#$$m2		- PowerPC mnemonics
                                  2 	#$$pVLE		- PowerPC VLE encoding
                                  3 	#$$oPPC5534  - Optimized for PPC5534
                                  4 	#$$ko 9		- Reorder info
                                  5 		.file		"can.c"
                                  6 	#$$eb
                                  7 	#$$sz 0
                                  8 	#$$fp 0
                                  9 		.section	.PPC.EMB.apuinfo,,@note
  00000000 01  0000 0008         10 		.4byte		8
  00000004 01  0000 0004         11 		.4byte		4
  00000008 01  0000 0002         12 		.4byte		2
  0000000c 01  4150 5569 6e66    13 		.byte		"APUinfo"
  00000012 01  6f                   	
  00000013 01  00                14 		.byte		0
                                 15 		.align		2
  00000014 01  0104 0001         16 		.4byte		0x01040001
                                 17 		.section	.text_vle,,c
                                 18 		.section	.debug_frame,,n
                                 19 	__local_cie: 
  00000000 02  0000 0010         20 		.word	.LE-.LS
                                 21 	.LS:
  00000004 02  ffff ffff         22 		.word	-1
  00000008 02  01                23 		.byte	1
  00000009 02  00                24 		.byte	0
  0000000a 02  04                25 		.uleb128	4
  0000000b 02  7c                26 		.sleb128	-4
  0000000c 02  6c                27 		.byte	108
  0000000d 02  0c                28 		.byte	0x0c
  0000000e 02  01                29 		.byte	1
  0000000f 02  00                30 		.byte	0
  00000010 02  08                31 		.byte	8
  00000011 02  6c                32 		.byte	108
                                 33 		.fill           (.LS-.)&3
                                 34 	.LE:
                                 35 		.section	.debug_line,,n
                                 36 	.L8:
                                 37 		.section	.text_vle,,c
                                 38 	.L4:
  00000000 00                    39 		.0byte		.L2
  00000000 03  0000 00da 0002    40 		.d2_line_start	.debug_line
  00000006 03  0000 0013 0201       	
  0000000c 03  ff04 0d00 0101       	
  00000012 03  0101 0000 0001       	
  00000018 03  0000 0100 00         	
                                 41 		.section	.debug_abbrev,,n
                                 42 	.L9:
                                 43 		.section	.debug_info,,n
                                 44 	.L2:
  00000000 05  0000 0112         45 		.4byte		.L3-.L1
                                 46 	.L1:
  00000004 05  0002              47 		.2byte		0x2
  00000006 05  0000 0000         48 		.4byte		.L9
  0000000a 05  04                49 		.byte		0x4
                                 50 		.section	.debug_abbrev,,n
  00000000 04  01                51 		.uleb128	1
  00000001 04  11                52 		.uleb128	17
  00000002 04  01                53 		.byte		0x1
  00000003 04  01                54 		.uleb128	1
  00000004 04  13                55 		.uleb128	19
  00000005 04  03                56 		.uleb128	3
  00000006 04  08                57 		.uleb128	8
  00000007 04  25                58 		.uleb128	37
  00000008 04  08                59 		.uleb128	8
  00000009 04  1b                60 		.uleb128	27
  0000000a 04  08                61 		.uleb128	8
  0000000b 04  13                62 		.uleb128	19
  0000000c 04  0f                63 		.uleb128	15
  0000000d 04  11                64 		.uleb128	17
  0000000e 04  01                65 		.uleb128	1
  0000000f 04  12                66 		.uleb128	18
  00000010 04  01                67 		.uleb128	1
  00000011 04  10                68 		.uleb128	16
  00000012 04  06                69 		.uleb128	6
  00000013 04  00                70 		.uleb128	0
  00000014 04  00                71 		.uleb128	0
                                 72 		.section	.debug_info,,n
  0000000b 05  01                73 		.sleb128	1
  0000000c 05  0000 0115         74 		.4byte		.L7-.L2
  00000010 05  433a 5c55 7365    75 		.byte		"C:\\Users\\murv\\Desktop\\unit2\\TASK3\\subtask3\\Template\\src\\ca
  00000016 05  7273 5c6d 7572       	n.c"
  0000001c 05  765c 4465 736b       	
  00000022 05  746f 705c 756e       	
  00000028 05  6974 325c 5441       	
  0000002e 05  534b                 	
  0000004d 05  00                76 		.byte		0
  0000004e 05  4469 6162 2044    77 		.byte		"Diab Data, Inc:dcc Rel 5.7.0.0:PPC5534"
  00000054 05  6174 612c 2049       	
  0000005a 05  6e63 3a64 6363       	
  00000060 05  2052 656c 2035       	
  00000066 05  2e37 2e30 2e30       	
  0000006c 05  3a50                 	
  00000074 05  00                78 		.byte		0
  00000075 05  433a 5c55 7365    79 		.byte		"C:\\Users\\murv\\Desktop\\unit2\\TASK3\\subtask3\\Template"
  0000007b 05  7273 5c6d 7572       	
  00000081 05  765c 4465 736b       	
  00000087 05  746f 705c 756e       	
  0000008d 05  6974 325c 5441       	
  00000093 05  534b                 	
  000000a8 05  00                80 		.byte		0
  000000a9 05  01                81 		.uleb128	1
  000000aa 05  0000 0000         82 		.4byte		.L4
  000000ae 05  0000 0000         83 		.4byte		.L5
  000000b2 05  0000 0000         84 		.4byte		.L8
                                 85 		.section	.text_vle,,c
                                 86 	
                                 87 	#$$bf
                                 88 		.align		2
                                 89 		.globl		CANMsgBufInit
  00000014 02  0000 0030 0000    90 		.d2_cfa_start __local_cie
  0000001a 02  0000 0000 0000       	
  00000020 02  0000 00b8            	
                                 91 	CANMsgBufInit:
                                 92 		.section	.debug_abbrev,,n
  00000015 04  02                93 		.uleb128	2
  00000016 04  2e                94 		.uleb128	46
  00000017 04  01                95 		.byte		0x1
  00000018 04  01                96 		.uleb128	1
  00000019 04  13                97 		.uleb128	19
  0000001a 04  03                98 		.uleb128	3
  0000001b 04  08                99 		.uleb128	8
  0000001c 04  3a               100 		.uleb128	58
  0000001d 04  06               101 		.uleb128	6
  0000001e 04  3b               102 		.uleb128	59
  0000001f 04  0f               103 		.uleb128	15
  00000020 04  3f               104 		.uleb128	63
  00000021 04  0c               105 		.uleb128	12
  00000022 04  27               106 		.uleb128	39
  00000023 04  0c               107 		.uleb128	12
  00000024 04  11               108 		.uleb128	17
  00000025 04  01               109 		.uleb128	1
  00000026 04  12               110 		.uleb128	18
  00000027 04  01               111 		.uleb128	1
  00000028 04  00               112 		.uleb128	0
  00000029 04  00               113 		.uleb128	0
                                114 		.section	.debug_info,,n
                                115 	.L5791:
  000000b6 05  02               116 		.sleb128	2
  000000b7 05  0000 00d9        117 		.4byte		.L5787-.L2
  000000bb 05  4341 4e4d 7367   118 		.byte		"CANMsgBufInit"
  000000c1 05  4275 6649 6e69       	
  000000c7 05  74                   	
  000000c8 05  00               119 		.byte		0
  000000c9 05  0000 0001        120 		.4byte		.L5790
  000000cd 05  03               121 		.uleb128	3
  000000ce 05  01               122 		.byte		0x1
  000000cf 05  01               123 		.byte		0x1
  000000d0 05  0000 0000        124 		.4byte		.L5788
  000000d4 05  0000 0000        125 		.4byte		.L5789
                                126 		.section	.text_vle,,c
  0000001d 03  004b 0343 3a5c   127 		.d2file		"C:\\Users\\murv\\Desktop\\unit2\\TASK3\\subtask3\\Template\\src\\ca
  00000023 03  5c55 7365 7273       	n.c"
  00000029 03  5c5c 6d75 7276       	
  0000002f 03  5c5c 4465 736b       	
  00000035 03  746f 705c 5c75       	
  0000003b 03  6e69                 	
  0000006c 03  0005 0200 0000   128 	        .d2line         4
  00000072 03  0003 030e            	
                                129 	.L5788:
  00000000 00  1821 06c0        130 		e_stwu		r1,-64(r1)
  00000024 02  410e 40          131 		.d2_cfa_def_cfa_offset	64
  00000004 00  0080             132 		se_mflr		r0,lr
                                133 	#$$br
  00000006 00  1a41 0908        134 		e_stmw		r18,8(r1)
  00000027 02  4192 0e93 0d94   135 		.d2_cfa_offset_list	18,31,14,-1
  0000002d 02  0c95 0b96 0a97       	
  00000033 02  0998 0899 079a       	
  00000039 02  069b 059c 049d       	
  0000003f 02  039e 029f 01         	
                                136 	#$$er
  0000000a 00  5401 0044        137 		e_stw		r0,68(r1)
  00000044 02  4111 6c7f        138 		.d2_cfa_offset    108,-1
                                139 	#$$ee
  00000076 03  0207 0a          140 		.d2prologue_end
  0000000e 00  73e0 6000        141 		e_li		r31,-262144
  00000079 03  030a 16          142 	        .d2line         14
  00000012 00  1aff 8101        143 		e_addi		r23,r31,256
  00000016 00  50f7 0000        144 		e_lwz		r7,0(r23)
                                145 	#$$vo
  0000001a 00  74e7 0207        146 		e_rlwinm		r7,r7,0,8,3
  0000001e 00  6457             147 		se_bseti		r7,5
  00000020 00  54f7 0000        148 		e_stw		r7,0(r23)
                                149 	#$$vo
  00000024 00  73c0 6000        150 		e_li		r30,-262144
  0000007c 03  3c               151 	        .d2line         16
  00000028 00  1ade 8101        152 		e_addi		r22,r30,256
  0000002c 00  50d6 0000        153 		e_lwz		r6,0(r22)
                                154 	#$$vo
  00000030 00  60a6             155 		se_bclri		r6,10
  00000032 00  54d6 0000        156 		e_stw		r6,0(r22)
                                157 	#$$vo
  00000036 00  73a0 6000        158 		e_li		r29,-262144
  0000007d 03  34               159 	        .d2line         18
  0000003a 00  1abd 8101        160 		e_addi		r21,r29,256
  0000003e 00  50f5 0000        161 		e_lwz		r7,0(r21)
                                162 	#$$vo
  00000042 00  6097             163 		se_bclri		r7,9
  00000044 00  54f5 0000        164 		e_stw		r7,0(r21)
                                165 	#$$vo
  00000048 00  7380 6000        166 		e_li		r28,-262144
  0000007e 03  34               167 	        .d2line         20
  0000004c 00  1a9c 8101        168 		e_addi		r20,r28,256
  00000050 00  50d4 0000        169 		e_lwz		r6,0(r20)
                                170 	#$$vo
  00000054 00  60b6             171 		se_bclri		r6,11
  00000056 00  54d4 0000        172 		e_stw		r6,0(r20)
                                173 	#$$vo
  0000005a 00  7360 6000        174 		e_li		r27,-262144
  0000007f 03  34               175 	        .d2line         22
  0000005e 00  1a7b 8101        176 		e_addi		r19,r27,256
  00000062 00  50f3 0000        177 		e_lwz		r7,0(r19)
                                178 	#$$vo
  00000066 00  74e7 0417        179 		e_rlwinm		r7,r7,0,16,11
  0000006a 00  64e7             180 		se_bseti		r7,14
  0000006c 00  54f3 0000        181 		e_stw		r7,0(r19)
                                182 	#$$vo
  00000070 00  7340 6000        183 		e_li		r26,-262144
  00000080 03  3c               184 	        .d2line         24
  00000074 00  1e5a 0104        185 		e_add16i	r18,r26,260
  00000078 00  50d2 0000        186 		e_lwz		r6,0(r18)
                                187 	#$$vo
  0000007c 00  74c6 0385        188 		e_rlwinm		r6,r6,0,14,2
  00000080 00  70c0 d25c        189 		e_oris		r6,604
  00000084 00  54d2 0000        190 		e_stw		r6,0(r18)
                                191 	#$$vo
  00000088 00  7320 6000        192 		e_li		r25,-262144
  00000081 03  030b 3e          193 	        .d2line         35
  0000008c 00  70c0 e40f        194 		e_lis		r6,1039
  00000090 00  70df c7ff        195 		e_ori		r6,65535
  00000094 00  54d9 00e0        196 		e_stw		r6,224(r25)
                                197 	#$$vo
  00000098 00  7300 6000        198 		e_li		r24,-262144
  00000084 03  2f               199 	        .d2line         36
  0000009c 00  70c7 e78f        200 		e_lis		r6,16271
  000000a0 00  70df c7ff        201 		e_ori		r6,65535
  000000a4 00  54d8 0880        202 		e_stw		r6,2176(r24)
                                203 	#$$vo
  00000085 03  28               204 	        .d2line         38
                                205 	#$$be
  00000086 03  0200 0b01        206 		.d2epilogue_begin
                                207 	#$$br
  000000a8 00  1a41 0808        208 		e_lmw		r18,8(r1)
                                209 	#$$er
  000000ac 00  5001 0044        210 		e_lwz		r0,68(r1)
  000000b0 00  0090             211 		se_mtlr		r0
  000000b2 00  1821 8040        212 		e_addi		r1,r1,64
                                213 	#$$tl 0x0 0x0 0x0
  000000b6 00  0004             214 		se_blr
                                215 	#$$ef
                                216 		.d2_cfa_end 2
                                217 		.section	.debug_info,,n
  000000d8 05  00               218 		.sleb128	0
                                219 	.L5787:
                                220 		.section	.text_vle,,c
                                221 	.L5789:
                                222 		.type		CANMsgBufInit,@function
                                223 		.size		CANMsgBufInit,.-CANMsgBufInit
                                224 	# Number of nodes = 38
                                225 	
                                226 	# Allocations for CANMsgBufInit
                                227 	#	r31		$$1
                                228 	#	r30		$$2
                                229 	#	r29		$$3
                                230 	#	r28		$$4
                                231 	#	r27		$$5
                                232 	#	r26		$$6
                                233 	#	r25		$$7
                                234 	#	r24		$$8
                                235 	#	r23		$$9
                                236 	#	r22		$$10
                                237 	#	r21		$$11
                                238 	#	r20		$$12
                                239 	#	r19		$$13
                                240 	#	r18		$$14
                                241 	
                                242 	#$$bf
                                243 		.align		2
                                244 		.globl		CANInit
  00000048 02  0000 003c 0000   245 		.d2_cfa_start __local_cie
  0000004e 02  0000 0000 0000       	
  00000054 02  0000 02be            	
                                246 	CANInit:
                                247 		.section	.debug_info,,n
                                248 	.L5796:
  000000d9 05  02               249 		.sleb128	2
  000000da 05  0000 0105        250 		.4byte		.L5793-.L2
  000000de 05  4341 4e49 6e69   251 		.byte		"CANInit"
  000000e4 05  74                   	
  000000e5 05  00               252 		.byte		0
  000000e6 05  0000 0001        253 		.4byte		.L5790
  000000ea 05  2e               254 		.uleb128	46
  000000eb 05  01               255 		.byte		0x1
  000000ec 05  01               256 		.byte		0x1
  000000ed 05  0000 0000        257 		.4byte		.L5794
  000000f1 05  0000 0000        258 		.4byte		.L5795
                                259 		.section	.debug_abbrev,,n
  0000002a 04  03               260 		.uleb128	3
  0000002b 04  34               261 		.uleb128	52
  0000002c 04  00               262 		.byte		0x0
  0000002d 04  3a               263 		.uleb128	58
  0000002e 04  06               264 		.uleb128	6
  0000002f 04  3b               265 		.uleb128	59
  00000030 04  0f               266 		.uleb128	15
  00000031 04  03               267 		.uleb128	3
  00000032 04  08               268 		.uleb128	8
  00000033 04  49               269 		.uleb128	73
  00000034 04  10               270 		.uleb128	16
  00000035 04  02               271 		.uleb128	2
  00000036 04  09               272 		.uleb128	9
  00000037 04  00               273 		.uleb128	0
  00000038 04  00               274 		.uleb128	0
                                275 		.section	.debug_info,,n
                                276 	.L5797:
  000000f5 05  03               277 		.sleb128	3
  000000f6 05  0000 0001        278 		.4byte		.L5790
  000000fa 05  30               279 		.uleb128	48
  000000fb 05  69               280 		.byte		"i"
  000000fc 05  00               281 		.byte		0
  000000fd 05  0000 0000        282 		.4byte		.L5798
  00000101 05  02               283 		.sleb128	2
  00000102 05  90               284 		.byte		0x90
  00000103 05  1f               285 		.uleb128	31
                                286 		.section	.text_vle,,c
  0000008a 03  0309 2e          287 	        .d2line         47
                                288 	.L5794:
  000000b8 00  701f 7f20        289 		e_li		r0,-224
  000000bc 00  7c21 016e        290 		stwux		r1,r1,r0
  00000058 02  420e e001        291 		.d2_cfa_def_cfa_offset	224
  000000c0 00  0080             292 		se_mflr		r0,lr
                                293 	#$$br
  000000c2 00  1961 8098        294 		e_addi		r11,r1,152
  000000c6 00  19cb 0900        295 		e_stmw		r14,0(r11)
  0000005c 02  428e 128f 1190   296 		.d2_cfa_offset_list	14,31,18,-1
  00000062 02  1091 0f92 0e93       	
  00000068 02  0d94 0c95 0b96       	
  0000006e 02  0a97 0998 0899       	
  00000074 02  079a 069b 059c       	
  0000007a 02  049d                 	
                                297 	#$$er
  000000ca 00  5401 00e4        298 		e_stw		r0,228(r1)
  00000081 02  4111 6c7f        299 		.d2_cfa_offset    108,-1
                                300 	#$$ee
  0000008d 03  020b 0a          301 		.d2prologue_end
  000000ce 00  70e0 6000        302 		e_li		r7,-262144
  000000d2 00  d871             303 		se_stw		r7,32(r1)
  00000090 03  0304 1a          304 	        .d2line         51
  000000d4 00  c8e1             305 		se_lwz		r30,32(r1)
  000000d6 00  203e             306 		se_addi		r30,4
  000000d8 00  c07e             307 		se_lwz		r7,0(r30)
                                308 	#$$vo
  000000da 00  6527             309 		se_bseti		r7,18
  000000dc 00  d07e             310 		se_stw		r7,0(r30)
                                311 	#$$vo
  000000de 00  70c0 6000        312 		e_li		r6,-262144
  000000e2 00  d961             313 		se_stw		r6,36(r1)
  000000e4 00  c9d1             314 		se_lwz		r29,36(r1)
  00000093 03  0304 32          315 	        .d2line         55
  000000e6 00  c06d             316 		se_lwz		r6,0(r29)
                                317 	#$$vo
  000000e8 00  6006             318 		se_bclri		r6,32
  000000ea 00  d06d             319 		se_stw		r6,0(r29)
                                320 	#$$vo
  000000ec 00  70e0 6000        321 		e_li		r7,-262144
  000000f0 00  da71             322 		se_stw		r7,40(r1)
  000000f2 00  cac1             323 		se_lwz		r28,40(r1)
  00000096 03  2c               324 	        .d2line         57
  000000f4 00  c07c             325 		se_lwz		r7,0(r28)
                                326 	#$$vo
  000000f6 00  64f7             327 		se_bseti		r7,15
  000000f8 00  d07c             328 		se_stw		r7,0(r28)
                                329 	#$$vo
  000000fa 00  70c0 6000        330 		e_li		r6,-262144
  000000fe 00  db61             331 		se_stw		r6,44(r1)
  00000100 00  cbb1             332 		se_lwz		r27,44(r1)
  00000097 03  2c               333 	        .d2line         59
  00000102 00  c06b             334 		se_lwz		r6,0(r27)
                                335 	#$$vo
  00000104 00  64a6             336 		se_bseti		r6,10
  00000106 00  d06b             337 		se_stw		r6,0(r27)
                                338 	#$$vo
  00000108 00  70e0 6000        339 		e_li		r7,-262144
  0000010c 00  dc71             340 		se_stw		r7,48(r1)
  0000010e 00  cca1             341 		se_lwz		r26,48(r1)
  00000098 03  2c               342 	        .d2line         61
  00000110 00  c07a             343 		se_lwz		r7,0(r26)
                                344 	#$$vo
  00000112 00  64e7             345 		se_bseti		r7,14
  00000114 00  d07a             346 		se_stw		r7,0(r26)
                                347 	#$$vo
  00000116 00  70c0 6000        348 		e_li		r6,-262144
  0000011a 00  dd61             349 		se_stw		r6,52(r1)
  0000011c 00  cd91             350 		se_lwz		r25,52(r1)
  00000099 03  2c               351 	        .d2line         63
  0000011e 00  c069             352 		se_lwz		r6,0(r25)
                                353 	#$$vo
  00000120 00  6426             354 		se_bseti		r6,2
  00000122 00  d069             355 		se_stw		r6,0(r25)
                                356 	#$$vo
  00000124 00  70e0 6000        357 		e_li		r7,-262144
  00000128 00  de71             358 		se_stw		r7,56(r1)
  0000012a 00  ce81             359 		se_lwz		r24,56(r1)
  0000009a 03  2c               360 	        .d2line         65
  0000012c 00  c078             361 		se_lwz		r7,0(r24)
                                362 	#$$vo
  0000012e 00  74e7 062b        363 		e_rlwinm		r7,r7,0,24,21
  00000132 00  d078             364 		se_stw		r7,0(r24)
                                365 	#$$vo
  00000134 00  70c0 6000        366 		e_li		r6,-262144
  00000138 00  df61             367 		se_stw		r6,60(r1)
  0000013a 00  52e1 003c        368 		e_lwz		r23,60(r1)
  0000009b 03  34               369 	        .d2line         67
  0000013e 00  50d7 0000        370 		e_lwz		r6,0(r23)
                                371 	#$$vo
  00000142 00  6536             372 		se_bseti		r6,19
  00000144 00  54d7 0000        373 		e_stw		r6,0(r23)
                                374 	#$$vo
  00000148 00  70e0 6000        375 		e_li		r7,-262144
  0000014c 00  54e1 0040        376 		e_stw		r7,64(r1)
  00000150 00  52c1 0040        377 		e_lwz		r22,64(r1)
  0000009c 03  3c               378 	        .d2line         69
  00000154 00  50f6 0000        379 		e_lwz		r7,0(r22)
                                380 	#$$vo
  00000158 00  6127             381 		se_bclri		r7,18
  0000015a 00  54f6 0000        382 		e_stw		r7,0(r22)
                                383 	#$$vo
  0000015e 00  70c0 6000        384 		e_li		r6,-262144
  00000162 00  54c1 0044        385 		e_stw		r6,68(r1)
  00000166 00  52a1 0044        386 		e_lwz		r21,68(r1)
  0000009d 03  3c               387 	        .d2line         71
  0000016a 00  50d5 0000        388 		e_lwz		r6,0(r21)
                                389 	#$$vo
  0000016e 00  74c6 0033        390 		e_rlwinm		r6,r6,0,0,25
  00000172 00  18c6 d011        391 		e_ori		r6,r6,17
  00000176 00  54d5 0000        392 		e_stw		r6,0(r21)
                                393 	#$$vo
  0000017a 00  70e0 6000        394 		e_li		r7,-262144
  0000017e 00  54e1 0048        395 		e_stw		r7,72(r1)
  0000009e 03  0304 3e          396 	        .d2line         75
  00000182 00  5281 0048        397 		e_lwz		r20,72(r1)
  00000186 00  1a94 8004        398 		e_addi		r20,r20,4
  0000018a 00  50f4 0000        399 		e_lwz		r7,0(r20)
                                400 	#$$vo
  0000018e 00  74e7 0039        401 		e_rlwinm		r7,r7,0,0,28
  00000192 00  65e7             402 		se_bseti		r7,30
  00000194 00  54f4 0000        403 		e_stw		r7,0(r20)
                                404 	#$$vo
  00000198 00  70c0 6000        405 		e_li		r6,-262144
  0000019c 00  54c1 004c        406 		e_stw		r6,76(r1)
  000000a1 03  4c               407 	        .d2line         77
  000001a0 00  5261 004c        408 		e_lwz		r19,76(r1)
  000001a4 00  1a73 8004        409 		e_addi		r19,r19,4
  000001a8 00  50d3 0000        410 		e_lwz		r6,0(r19)
                                411 	#$$vo
  000001ac 00  74c6 0353        412 		e_rlwinm		r6,r6,0,13,9
  000001b0 00  64c6             413 		se_bseti		r6,12
  000001b2 00  54d3 0000        414 		e_stw		r6,0(r19)
                                415 	#$$vo
  000001b6 00  70e0 6000        416 		e_li		r7,-262144
  000001ba 00  54e1 0050        417 		e_stw		r7,80(r1)
  000000a2 03  4c               418 	        .d2line         79
  000001be 00  5241 0050        419 		e_lwz		r18,80(r1)
  000001c2 00  1a52 8004        420 		e_addi		r18,r18,4
  000001c6 00  50f2 0000        421 		e_lwz		r7,0(r18)
                                422 	#$$vo
  000001ca 00  74e7 0419        423 		e_rlwinm		r7,r7,0,16,12
  000001ce 00  64f7             424 		se_bseti		r7,15
  000001d0 00  54f2 0000        425 		e_stw		r7,0(r18)
                                426 	#$$vo
  000001d4 00  70c0 6000        427 		e_li		r6,-262144
  000001d8 00  54c1 0054        428 		e_stw		r6,84(r1)
  000000a3 03  4c               429 	        .d2line         81
  000001dc 00  5221 0054        430 		e_lwz		r17,84(r1)
  000001e0 00  1a31 8004        431 		e_addi		r17,r17,4
  000001e4 00  50d1 0000        432 		e_lwz		r6,0(r17)
                                433 	#$$vo
  000001e8 00  74c6 028f        434 		e_rlwinm		r6,r6,0,10,7
  000001ec 00  54d1 0000        435 		e_stw		r6,0(r17)
                                436 	#$$vo
  000001f0 00  70e0 6000        437 		e_li		r7,-262144
  000001f4 00  54e1 0058        438 		e_stw		r7,88(r1)
  000000a4 03  48               439 	        .d2line         83
  000001f8 00  5201 0058        440 		e_lwz		r16,88(r1)
  000001fc 00  1a10 8004        441 		e_addi		r16,r16,4
  00000200 00  50f0 0000        442 		e_lwz		r7,0(r16)
                                443 	#$$vo
  00000204 00  74e7 023f        444 		e_rlwinm		r7,r7,0,8,31
  00000208 00  18e7 d303        445 		e_ori		r7,r7,50331648
  0000020c 00  54f0 0000        446 		e_stw		r7,0(r16)
                                447 	#$$vo
  00000210 00  70c0 6000        448 		e_li		r6,-262144
  00000214 00  54c1 005c        449 		e_stw		r6,92(r1)
  000000a5 03  50               450 	        .d2line         85
  00000218 00  51e1 005c        451 		e_lwz		r15,92(r1)
  0000021c 00  19ef 8004        452 		e_addi		r15,r15,4
  00000220 00  50cf 0000        453 		e_lwz		r6,0(r15)
                                454 	#$$vo
  00000224 00  65b6             455 		se_bseti		r6,27
  00000226 00  54cf 0000        456 		e_stw		r6,0(r15)
                                457 	#$$vo
  0000022a 00  70e0 6000        458 		e_li		r7,-262144
  0000022e 00  54e1 0060        459 		e_stw		r7,96(r1)
  000000a6 03  44               460 	        .d2line         87
  00000232 00  51c1 0060        461 		e_lwz		r14,96(r1)
  00000236 00  19ce 8004        462 		e_addi		r14,r14,4
  0000023a 00  50ee 0000        463 		e_lwz		r7,0(r14)
                                464 	#$$vo
  0000023e 00  6137             465 		se_bclri		r7,19
  00000240 00  54ee 0000        466 		e_stw		r7,0(r14)
                                467 	#$$vo
  000000a7 03  0303 32          468 	        .d2line         90
  00000244 00  480f             469 		se_li		r31,0
                                470 	.L5782:
  00000246 00  227f             471 		se_cmpli		r31,8
  00000248 00  e00a             472 		bc		0,0,.L5780	# ge
  000000aa 03  1c               473 	        .d2line         92
  0000024a 00  77e7 103b        474 		e_rlwinm		r7,r31,2,0,29
  0000024e 00  70c0 60e0        475 		e_li		r6,-261920
  00000252 00  0467             476 		se_add		r7,r6
  00000254 00  4805             477 		se_li		r5,0
  00000256 00  d057             478 		se_stw		r5,0(r7)
                                479 	#$$vo
  000000ab 03  037e 2a          480 	        .d2line         90
  00000258 00  200f             481 		se_addi		r31,1
  000000ae 03  0303 12          482 	        .d2line         93
  0000025a 00  e8f6             483 		b		.L5782
                                484 	.L5780:
  0000025c 00  70e0 6000        485 		e_li		r7,-262144
  00000260 00  54e1 0064        486 		e_stw		r7,100(r1)
  000000b1 03  0305 22          487 	        .d2line         98
  00000264 00  50c1 0064        488 		e_lwz		r6,100(r1)
  00000268 00  4807             489 		se_li		r7,0
  0000026a 00  d476             490 		se_stw		r7,16(r6)
                                491 	#$$vo
  0000026c 00  70c0 6000        492 		e_li		r6,-262144
  00000270 00  54c1 0068        493 		e_stw		r6,104(r1)
  000000b4 03  30               494 	        .d2line         100
  00000274 00  50e1 0068        495 		e_lwz		r7,104(r1)
  00000278 00  4806             496 		se_li		r6,0
  0000027a 00  d567             497 		se_stw		r6,20(r7)
                                498 	#$$vo
  0000027c 00  70e0 6000        499 		e_li		r7,-262144
  00000280 00  54e1 006c        500 		e_stw		r7,108(r1)
  000000b5 03  30               501 	        .d2line         102
  00000284 00  50c1 006c        502 		e_lwz		r6,108(r1)
  00000288 00  4807             503 		se_li		r7,0
  0000028a 00  d676             504 		se_stw		r7,24(r6)
                                505 	#$$vo
  0000028c 00  70c0 6000        506 		e_li		r6,-262144
  00000290 00  54c1 0070        507 		e_stw		r6,112(r1)
  000000b6 03  0303 2e          508 	        .d2line         105
  00000294 00  50e1 0070        509 		e_lwz		r7,112(r1)
  00000298 00  2037             510 		se_addi		r7,4
  0000029a 00  d271             511 		se_stw		r7,8(r1)
  0000029c 00  c261             512 		se_lwz		r6,8(r1)
  0000029e 00  c271             513 		se_lwz		r7,8(r1)
  000002a0 00  c077             514 		se_lwz		r7,0(r7)
                                515 	#$$vo
  000002a2 00  6507             516 		se_bseti		r7,16
  000002a4 00  d076             517 		se_stw		r7,0(r6)
                                518 	#$$vo
  000002a6 00  70c0 6000        519 		e_li		r6,-262144
  000002aa 00  54c1 0074        520 		e_stw		r6,116(r1)
  000000b9 03  44               521 	        .d2line         107
  000002ae 00  50e1 0074        522 		e_lwz		r7,116(r1)
  000002b2 00  2037             523 		se_addi		r7,4
  000002b4 00  d371             524 		se_stw		r7,12(r1)
  000002b6 00  c361             525 		se_lwz		r6,12(r1)
  000002b8 00  c371             526 		se_lwz		r7,12(r1)
  000002ba 00  c077             527 		se_lwz		r7,0(r7)
                                528 	#$$vo
  000002bc 00  6517             529 		se_bseti		r7,17
  000002be 00  d076             530 		se_stw		r7,0(r6)
                                531 	#$$vo
  000002c0 00  70c0 6000        532 		e_li		r6,-262144
  000002c4 00  54c1 0078        533 		e_stw		r6,120(r1)
  000000ba 03  44               534 	        .d2line         109
  000002c8 00  50e1 0078        535 		e_lwz		r7,120(r1)
  000002cc 00  2037             536 		se_addi		r7,4
  000002ce 00  d471             537 		se_stw		r7,16(r1)
  000002d0 00  c461             538 		se_lwz		r6,16(r1)
  000002d2 00  c471             539 		se_lwz		r7,16(r1)
  000002d4 00  c077             540 		se_lwz		r7,0(r7)
                                541 	#$$vo
  000002d6 00  6547             542 		se_bseti		r7,20
  000002d8 00  d076             543 		se_stw		r7,0(r6)
                                544 	#$$vo
  000002da 00  70c0 6000        545 		e_li		r6,-262144
  000002de 00  54c1 007c        546 		e_stw		r6,124(r1)
  000000bb 03  44               547 	        .d2line         111
  000002e2 00  50e1 007c        548 		e_lwz		r7,124(r1)
  000002e6 00  2037             549 		se_addi		r7,4
  000002e8 00  d571             550 		se_stw		r7,20(r1)
  000002ea 00  c561             551 		se_lwz		r6,20(r1)
  000002ec 00  c571             552 		se_lwz		r7,20(r1)
  000002ee 00  c077             553 		se_lwz		r7,0(r7)
                                554 	#$$vo
  000002f0 00  6557             555 		se_bseti		r7,21
  000002f2 00  d076             556 		se_stw		r7,0(r6)
                                557 	#$$vo
  000002f4 00  70c0 6000        558 		e_li		r6,-262144
  000002f8 00  54c1 0080        559 		e_stw		r6,128(r1)
  000002fc 00  50e1 0080        560 		e_lwz		r7,128(r1)
  00000300 00  d671             561 		se_stw		r7,24(r1)
  000000bc 03  50               562 	        .d2line         113
  00000302 00  c661             563 		se_lwz		r6,24(r1)
  00000304 00  c671             564 		se_lwz		r7,24(r1)
  00000306 00  c077             565 		se_lwz		r7,0(r7)
                                566 	#$$vo
  00000308 00  6457             567 		se_bseti		r7,5
  0000030a 00  d076             568 		se_stw		r7,0(r6)
                                569 	#$$vo
  0000030c 00  70c0 6000        570 		e_li		r6,-262144
  00000310 00  54c1 0084        571 		e_stw		r6,132(r1)
  000000bd 03  0303 32          572 	        .d2line         116
  00000314 00  50e1 0084        573 		e_lwz		r7,132(r1)
  00000318 00  2c06             574 		se_bmaski		r6,0
  0000031a 00  da67             575 		se_stw		r6,40(r7)
                                576 	#$$vo
  0000031c 00  70e0 6000        577 		e_li		r7,-262144
  00000320 00  54e1 0088        578 		e_stw		r7,136(r1)
  000000c0 03  30               579 	        .d2line         118
  00000324 00  50c1 0088        580 		e_lwz		r6,136(r1)
  00000328 00  2c07             581 		se_bmaski		r7,0
  0000032a 00  dc76             582 		se_stw		r7,48(r6)
                                583 	#$$vo
  000000c1 03  0303 1e          584 	        .d2line         121
  0000032c 00  480f             585 		se_li		r31,0
                                586 	.L5785:
  0000032e 00  189f a840        587 		cmpli		0,0,r31,64
  00000332 00  e00a             588 		bc		0,0,.L5783	# ge
  000000c4 03  20               589 	        .d2line         123
  00000334 00  77e7 103b        590 		e_rlwinm		r7,r31,2,0,29
  00000338 00  70c1 6080        591 		e_li		r6,-259968
  0000033c 00  0467             592 		se_add		r7,r6
  0000033e 00  2c05             593 		se_bmaski		r5,0
  00000340 00  d057             594 		se_stw		r5,0(r7)
                                595 	#$$vo
  000000c5 03  037e 2a          596 	        .d2line         121
  00000342 00  200f             597 		se_addi		r31,1
  000000c8 03  0303 12          598 	        .d2line         124
  00000344 00  e8f5             599 		b		.L5785
                                600 	.L5783:
  000000cb 03  14               601 	        .d2line         126
                                602 	#$$fn 0xc0 0 0 0x0
                                603 	#$$tl 0x0 0x0 0x0
                                604 	#$$rs 0 s
  00000346 00  79ff fcbb        605 		bl		CANMsgBufInit
  0000034a 00  70e0 6000        606 		e_li		r7,-262144
  0000034e 00  54e1 008c        607 		e_stw		r7,140(r1)
  00000352 00  50c1 008c        608 		e_lwz		r6,140(r1)
  00000356 00  d761             609 		se_stw		r6,28(r1)
  000000cc 03  0303 32          610 	        .d2line         129
  00000358 00  c771             611 		se_lwz		r7,28(r1)
  0000035a 00  c761             612 		se_lwz		r6,28(r1)
  0000035c 00  c066             613 		se_lwz		r6,0(r6)
                                614 	#$$vo
  0000035e 00  6036             615 		se_bclri		r6,3
  00000360 00  d067             616 		se_stw		r6,0(r7)
                                617 	#$$vo
  000000cf 03  23               618 	        .d2line         130
                                619 	#$$be
  000000d0 03  0200 0b01        620 		.d2epilogue_begin
                                621 	#$$br
  00000362 00  1961 8098        622 		e_addi		r11,r1,152
  00000366 00  19cb 0800        623 		e_lmw		r14,0(r11)
                                624 	#$$er
  0000036a 00  5001 00e4        625 		e_lwz		r0,228(r1)
  0000036e 00  0090             626 		se_mtlr		r0
  00000370 00  1821 80e0        627 		e_addi		r1,r1,224
                                628 	#$$tl 0x0 0x0 0x0
  00000374 00  0004             629 		se_blr
                                630 	#$$ef
                                631 		.d2_cfa_end 2
                                632 		.section	.debug_info,,n
  00000104 05  00               633 		.sleb128	0
                                634 	.L5793:
                                635 		.section	.text_vle,,c
                                636 	.L5795:
                                637 		.type		CANInit,@function
                                638 		.size		CANInit,.-CANInit
                                639 	# Number of nodes = 175
                                640 	
                                641 	# Allocations for CANInit
                                642 	#	r31		i
                                643 	#	SP,32		$$15
                                644 	#	SP,36		$$16
                                645 	#	SP,40		$$17
                                646 	#	SP,44		$$18
                                647 	#	SP,48		$$19
                                648 	#	SP,52		$$20
                                649 	#	SP,56		$$21
                                650 	#	SP,60		$$22
                                651 	#	SP,64		$$23
                                652 	#	SP,68		$$24
                                653 	#	SP,72		$$25
                                654 	#	SP,76		$$26
                                655 	#	SP,80		$$27
                                656 	#	SP,84		$$28
                                657 	#	SP,88		$$29
                                658 	#	SP,92		$$30
                                659 	#	SP,96		$$31
                                660 	#	SP,100		$$32
                                661 	#	SP,104		$$33
                                662 	#	SP,108		$$34
                                663 	#	SP,112		$$35
                                664 	#	SP,116		$$36
                                665 	#	SP,120		$$37
                                666 	#	SP,124		$$38
                                667 	#	SP,128		$$39
                                668 	#	SP,132		$$40
                                669 	#	SP,136		$$41
                                670 	#	SP,140		$$42
                                671 	#	r30		$$43
                                672 	#	r29		$$44
                                673 	#	r28		$$45
                                674 	#	r27		$$46
                                675 	#	r26		$$47
                                676 	#	r25		$$48
                                677 	#	r24		$$49
                                678 	#	r23		$$50
                                679 	#	r22		$$51
                                680 	#	r21		$$52
                                681 	#	r20		$$53
                                682 	#	r19		$$54
                                683 	#	r18		$$55
                                684 	#	r17		$$56
                                685 	#	r16		$$57
                                686 	#	r15		$$58
                                687 	#	r14		$$59
                                688 	#	SP,8		$$60
                                689 	#	SP,12		$$61
                                690 	#	SP,16		$$62
                                691 	#	SP,20		$$63
                                692 	#	SP,24		$$64
                                693 	#	SP,28		$$65
                                694 	
                                695 	# Allocations for module
                                696 		.section	.debug_abbrev,,n
  00000039 04  04               697 		.uleb128	4
  0000003a 04  24               698 		.uleb128	36
  0000003b 04  00               699 		.byte		0x0
  0000003c 04  03               700 		.uleb128	3
  0000003d 04  08               701 		.uleb128	8
  0000003e 04  3e               702 		.uleb128	62
  0000003f 04  0b               703 		.uleb128	11
  00000040 04  0b               704 		.uleb128	11
  00000041 04  0b               705 		.uleb128	11
  00000042 04  00               706 		.uleb128	0
  00000043 04  00               707 		.uleb128	0
                                708 		.section	.debug_info,,n
                                709 	.L5798:
  00000105 05  04               710 		.sleb128	4
  00000106 05  756e 7369 676e   711 		.byte		"unsigned int"
  0000010c 05  6564 2069 6e74       	
  00000112 05  00               712 		.byte		0
  00000113 05  07               713 		.byte		0x7
  00000114 05  04               714 		.byte		0x4
                                715 	.L7:
  00000115 05  00               716 		.sleb128	0
                                717 	.L3:
                                718 		.section	.text_vle,,c
                                719 	.L5:
                                720 	.L5790:	.d2filenum "C:\\Users\\murv\\Desktop\\unit2\\TASK3\\subtask3\\Template\\src\\can.c"
  000000d4 03  0005 0200 0000   721 		.d2_line_end
  000000da 03  0000 0101            	
                                722 		.section	.debug_abbrev,,n
  00000044 04  00               723 		.sleb128	0
