                                  1 	#$$m2		- PowerPC mnemonics
                                  2 	#$$pVLE		- PowerPC VLE encoding
                                  3 	#$$oPPC5534  - Optimized for PPC5534
                                  4 	#$$ko 9		- Reorder info
                                  5 		.file		"main.c"
                                  6 	#$$eb
                                  7 	#$$sz 0
                                  8 	#$$fp 0
                                  9 		.section	.PPC.EMB.apuinfo,,@note
  00000000 01  0000 0008         10 		.4byte		8
  00000004 01  0000 0004         11 		.4byte		4
  00000008 01  0000 0002         12 		.4byte		2
  0000000c 01  4150 5569 6e66    13 		.byte		"APUinfo"
  00000012 01  6f                   	
  00000013 01  00                14 		.byte		0
                                 15 		.align		2
  00000014 01  0104 0001         16 		.4byte		0x01040001
                                 17 		.section	.text_vle,,c
                                 18 		.section	.debug_frame,,n
                                 19 	__local_cie: 
  00000000 02  0000 0010         20 		.word	.LE-.LS
                                 21 	.LS:
  00000004 02  ffff ffff         22 		.word	-1
  00000008 02  01                23 		.byte	1
  00000009 02  00                24 		.byte	0
  0000000a 02  04                25 		.uleb128	4
  0000000b 02  7c                26 		.sleb128	-4
  0000000c 02  6c                27 		.byte	108
  0000000d 02  0c                28 		.byte	0x0c
  0000000e 02  01                29 		.byte	1
  0000000f 02  00                30 		.byte	0
  00000010 02  08                31 		.byte	8
  00000011 02  6c                32 		.byte	108
                                 33 		.fill           (.LS-.)&3
                                 34 	.LE:
                                 35 		.section	.debug_line,,n
                                 36 	.L8:
                                 37 		.section	.text_vle,,c
                                 38 	.L4:
  00000000 00                    39 		.0byte		.L2
  00000000 03  0000 00b6 0002    40 		.d2_line_start	.debug_line
  00000006 03  0000 0013 0201       	
  0000000c 03  ff04 0d00 0101       	
  00000012 03  0101 0000 0001       	
  00000018 03  0000 0100 00         	
                                 41 		.section	.debug_abbrev,,n
                                 42 	.L9:
                                 43 		.section	.debug_info,,n
                                 44 	.L2:
  00000000 05  0000 0177         45 		.4byte		.L3-.L1
                                 46 	.L1:
  00000004 05  0002              47 		.2byte		0x2
  00000006 05  0000 0000         48 		.4byte		.L9
  0000000a 05  04                49 		.byte		0x4
                                 50 		.section	.debug_abbrev,,n
  00000000 04  01                51 		.uleb128	1
  00000001 04  11                52 		.uleb128	17
  00000002 04  01                53 		.byte		0x1
  00000003 04  01                54 		.uleb128	1
  00000004 04  13                55 		.uleb128	19
  00000005 04  03                56 		.uleb128	3
  00000006 04  08                57 		.uleb128	8
  00000007 04  25                58 		.uleb128	37
  00000008 04  08                59 		.uleb128	8
  00000009 04  1b                60 		.uleb128	27
  0000000a 04  08                61 		.uleb128	8
  0000000b 04  13                62 		.uleb128	19
  0000000c 04  0f                63 		.uleb128	15
  0000000d 04  11                64 		.uleb128	17
  0000000e 04  01                65 		.uleb128	1
  0000000f 04  12                66 		.uleb128	18
  00000010 04  01                67 		.uleb128	1
  00000011 04  10                68 		.uleb128	16
  00000012 04  06                69 		.uleb128	6
  00000013 04  00                70 		.uleb128	0
  00000014 04  00                71 		.uleb128	0
                                 72 		.section	.debug_info,,n
  0000000b 05  01                73 		.sleb128	1
  0000000c 05  0000 017a         74 		.4byte		.L7-.L2
  00000010 05  433a 5c55 7365    75 		.byte		"C:\\Users\\murv\\Desktop\\unit2\\TASK3\\subtask3\\Template\\src\\ma
  00000016 05  7273 5c6d 7572       	in.c"
  0000001c 05  765c 4465 736b       	
  00000022 05  746f 705c 756e       	
  00000028 05  6974 325c 5441       	
  0000002e 05  534b                 	
  0000004e 05  00                76 		.byte		0
  0000004f 05  4469 6162 2044    77 		.byte		"Diab Data, Inc:dcc Rel 5.7.0.0:PPC5534"
  00000055 05  6174 612c 2049       	
  0000005b 05  6e63 3a64 6363       	
  00000061 05  2052 656c 2035       	
  00000067 05  2e37 2e30 2e30       	
  0000006d 05  3a50                 	
  00000075 05  00                78 		.byte		0
  00000076 05  433a 5c55 7365    79 		.byte		"C:\\Users\\murv\\Desktop\\unit2\\TASK3\\subtask3\\Template"
  0000007c 05  7273 5c6d 7572       	
  00000082 05  765c 4465 736b       	
  00000088 05  746f 705c 756e       	
  0000008e 05  6974 325c 5441       	
  00000094 05  534b                 	
  000000a9 05  00                80 		.byte		0
  000000aa 05  01                81 		.uleb128	1
  000000ab 05  0000 0000         82 		.4byte		.L4
  000000af 05  0000 0000         83 		.4byte		.L5
  000000b3 05  0000 0000         84 		.4byte		.L8
                                 85 		.section	.text_vle,,c
                                 86 	
                                 87 	#$$bf
                                 88 		.align		2
                                 89 		.globl		main
  00000014 02  0000 0018 0000    90 		.d2_cfa_start __local_cie
  0000001a 02  0000 0000 0000       	
  00000020 02  0000 002e            	
                                 91 	main:
                                 92 		.section	.debug_abbrev,,n
  00000015 04  02                93 		.uleb128	2
  00000016 04  2e                94 		.uleb128	46
  00000017 04  01                95 		.byte		0x1
  00000018 04  01                96 		.uleb128	1
  00000019 04  13                97 		.uleb128	19
  0000001a 04  03                98 		.uleb128	3
  0000001b 04  08                99 		.uleb128	8
  0000001c 04  3a               100 		.uleb128	58
  0000001d 04  06               101 		.uleb128	6
  0000001e 04  3b               102 		.uleb128	59
  0000001f 04  0f               103 		.uleb128	15
  00000020 04  3f               104 		.uleb128	63
  00000021 04  0c               105 		.uleb128	12
  00000022 04  27               106 		.uleb128	39
  00000023 04  0c               107 		.uleb128	12
  00000024 04  11               108 		.uleb128	17
  00000025 04  01               109 		.uleb128	1
  00000026 04  12               110 		.uleb128	18
  00000027 04  01               111 		.uleb128	1
  00000028 04  00               112 		.uleb128	0
  00000029 04  00               113 		.uleb128	0
                                114 		.section	.debug_info,,n
                                115 	.L5810:
  000000b7 05  02               116 		.sleb128	2
  000000b8 05  0000 00d1        117 		.4byte		.L5806-.L2
  000000bc 05  6d61 696e        118 		.byte		"main"
  000000c0 05  00               119 		.byte		0
  000000c1 05  0000 0001        120 		.4byte		.L5809
  000000c5 05  08               121 		.uleb128	8
  000000c6 05  01               122 		.byte		0x1
  000000c7 05  01               123 		.byte		0x1
  000000c8 05  0000 0000        124 		.4byte		.L5807
  000000cc 05  0000 0000        125 		.4byte		.L5808
                                126 		.section	.text_vle,,c
  0000001d 03  004c 0343 3a5c   127 		.d2file		"C:\\Users\\murv\\Desktop\\unit2\\TASK3\\subtask3\\Template\\src\\ma
  00000023 03  5c55 7365 7273       	in.c"
  00000029 03  5c5c 6d75 7276       	
  0000002f 03  5c5c 4465 736b       	
  00000035 03  746f 705c 5c75       	
  0000003b 03  6e69                 	
  0000006d 03  0005 0200 0000   128 	        .d2line         9
  00000073 03  0003 080e            	
                                129 	.L5807:
  00000000 00  1821 06f0        130 		e_stwu		r1,-16(r1)
  00000024 02  410e 10          131 		.d2_cfa_def_cfa_offset	16
  00000004 00  0080             132 		se_mflr		r0,lr
                                133 	#$$br
  00000006 00  d3f1             134 		se_stw		r31,12(r1)
  00000027 02  419f 01          135 		.d2_cfa_offset	31,1
                                136 	#$$er
  00000008 00  d501             137 		se_stw		r0,20(r1)
  0000002a 02  116c 7f          138 		.d2_cfa_offset    108,-1
                                139 	#$$ee
  00000077 03  0205 0a          140 		.d2prologue_end
  0000007a 03  10               141 	        .d2line         11
                                142 	#$$fn 0x1ff8 0 0 0x1
                                143 	#$$tl 0x0 0x0 0x0
                                144 	#$$rs 0 s
  0000000a 00  7800 0001        145 		bl		Init
  0000007b 03  18               146 	        .d2line         13
  0000000e 00  4803             147 		se_li		r3,0
  00000010 00  7080 00c8        148 		e_li		r4,200
                                149 	#$$fn 0x1ff8 0 0 0x1
                                150 	#$$tl 0x18 0x0 0x0
                                151 	#$$rs 0 s
  00000014 00  7800 0001        152 		bl		PIT_ConfigureTimer
  00000018 00  73f8 e3f9        153 		e_lis		r31,50169
  0000007c 03  2c               154 	        .d2line         15
  0000001c 00  4806             155 		se_li		r6,0
  0000001e 00  34df 0609        156 		e_stb		r6,1545(r31)
                                157 	#$$vo
                                158 	.L5781:
  0000007d 03  030f 1a          159 	        .d2line         30
  00000022 00  e800             160 		b		.L5781
  00000080 03  14               161 	        .d2line         32
                                162 	#$$be
  00000081 03  0200 0b01        163 		.d2epilogue_begin
                                164 	#$$br
  00000024 00  c3f1             165 		se_lwz		r31,12(r1)
                                166 	#$$er
  00000026 00  c501             167 		se_lwz		r0,20(r1)
  00000028 00  0090             168 		se_mtlr		r0
  0000002a 00  20f1             169 		se_addi		r1,16
                                170 	#$$tl 0x0 0x0 0x0
  0000002c 00  0004             171 		se_blr
                                172 	#$$ef
                                173 		.d2_cfa_end 2
                                174 		.section	.debug_info,,n
  000000d0 05  00               175 		.sleb128	0
                                176 	.L5806:
                                177 		.section	.text_vle,,c
                                178 	.L5808:
                                179 		.type		main,@function
                                180 		.size		main,.-main
                                181 	# Number of nodes = 13
                                182 	
                                183 	# Allocations for main
                                184 	#	r31		$$1
                                185 	
                                186 	#$$bf
                                187 		.align		2
                                188 		.globl		PITCHANNEL0
  00000030 02  0000 0024 0000   189 		.d2_cfa_start __local_cie
  00000036 02  0000 0000 0000       	
  0000003c 02  0000 00be            	
                                190 	PITCHANNEL0:
                                191 		.section	.debug_abbrev,,n
  0000002a 04  03               192 		.uleb128	3
  0000002b 04  2e               193 		.uleb128	46
  0000002c 04  01               194 		.byte		0x1
  0000002d 04  01               195 		.uleb128	1
  0000002e 04  13               196 		.uleb128	19
  0000002f 04  03               197 		.uleb128	3
  00000030 04  08               198 		.uleb128	8
  00000031 04  3a               199 		.uleb128	58
  00000032 04  06               200 		.uleb128	6
  00000033 04  3b               201 		.uleb128	59
  00000034 04  0f               202 		.uleb128	15
  00000035 04  3f               203 		.uleb128	63
  00000036 04  0c               204 		.uleb128	12
  00000037 04  11               205 		.uleb128	17
  00000038 04  01               206 		.uleb128	1
  00000039 04  12               207 		.uleb128	18
  0000003a 04  01               208 		.uleb128	1
  0000003b 04  00               209 		.uleb128	0
  0000003c 04  00               210 		.uleb128	0
                                211 		.section	.debug_info,,n
                                212 	.L5815:
  000000d1 05  03               213 		.sleb128	3
  000000d2 05  0000 00f1        214 		.4byte		.L5812-.L2
  000000d6 05  5049 5443 4841   215 		.byte		"PITCHANNEL0"
  000000dc 05  4e4e 454c 30         	
  000000e1 05  00               216 		.byte		0
  000000e2 05  0000 0001        217 		.4byte		.L5809
  000000e6 05  2c               218 		.uleb128	44
  000000e7 05  01               219 		.byte		0x1
  000000e8 05  0000 0000        220 		.4byte		.L5813
  000000ec 05  0000 0000        221 		.4byte		.L5814
                                222 		.section	.text_vle,,c
  00000085 03  030c 26          223 	        .d2line         44
                                224 	.L5813:
  00000030 00  1821 06d0        225 		e_stwu		r1,-48(r1)
  00000040 02  410e 30          226 		.d2_cfa_def_cfa_offset	48
  00000034 00  0080             227 		se_mflr		r0,lr
                                228 	#$$br
  00000036 00  1b01 0910        229 		e_stmw		r24,16(r1)
  00000043 02  4198 0899 079a   230 		.d2_cfa_offset_list	24,31,8,-1
  00000049 02  069b 059c 049d       	
  0000004f 02  039e 029f 01         	
                                231 	#$$er
  0000003a 00  dd01             232 		se_stw		r0,52(r1)
  00000054 02  116c 7f          233 		.d2_cfa_offset    108,-1
                                234 	#$$ee
  00000088 03  0206 0a          235 		.d2prologue_end
  0000003c 00  73e0 6000        236 		e_li		r31,-262144
  0000008b 03  18               237 	        .d2line         46
  00000040 00  50c0 0000        238 		e_lwz		r6,speed@sdarx(r0)
  00000044 00  34df 0108        239 		e_stb		r6,264(r31)
                                240 	#$$vo
  00000048 00  73c0 6000        241 		e_li		r30,-262144
  0000008c 03  27               242 	        .d2line         47
  0000004c 00  50c0 0000        243 		e_lwz		r6,speed@sdarx(r0)
  00000050 00  6a86             244 		se_srawi		r6,8
  00000052 00  34de 0109        245 		e_stb		r6,265(r30)
                                246 	#$$vo
  00000056 00  73a0 6000        247 		e_li		r29,-262144
  0000008d 03  2b               248 	        .d2line         48
  0000005a 00  1b3d 8101        249 		e_addi		r25,r29,256
  0000005e 00  c079             250 		se_lwz		r7,0(r25)
                                251 	#$$vo
  00000060 00  74e7 0207        252 		e_rlwinm		r7,r7,0,8,3
  00000064 00  18e7 d30c        253 		e_ori		r7,r7,201326592
  00000068 00  d079             254 		se_stw		r7,0(r25)
                                255 	#$$vo
  0000006a 00  7398 e3f9        256 		e_lis		r28,50169
  0000008e 03  0303 36          257 	        .d2line         51
  0000006e 00  7378 e3f9        258 		e_lis		r27,50169
  00000072 00  30db 0609        259 		e_lbz		r6,1545(r27)
                                260 	#$$vo
  00000076 00  7cc6 30f8        261 		nor		r6,r6,r6
  0000007a 00  34dc 0609        262 		e_stb		r6,1545(r28)
                                263 	#$$vo
  00000091 03  2f               264 	        .d2line         52
  0000007e 00  50e0 0000        265 		e_lwz		r7,speed@sdarx(r0)
  00000082 00  7007 992c        266 		cmpi		0,0,r7,300
  00000086 00  e208             267 		bc		0,2,.L5783	# ne
  00000088 00  50e0 0000        268 		e_lwz		r7,up@sdarx(r0)
  0000008c 00  2a17             269 		se_cmpi		r7,1
  0000008e 00  e204             270 		bc		0,2,.L5783	# ne
  00000092 03  33               271 	        .d2line         53
  00000090 00  4807             272 		se_li		r7,0
  00000092 00  54e0 0000        273 		e_stw		r7,up@sdarx(r0)
                                274 	.L5783:
  00000093 03  0303 1a          275 	        .d2line         56
  00000096 00  50e0 0000        276 		e_lwz		r7,speed@sdarx(r0)
  0000009a 00  2a07             277 		se_cmpi		r7,0
  0000009c 00  e208             278 		bc		0,2,.L5784	# ne
  0000009e 00  50e0 0000        279 		e_lwz		r7,up@sdarx(r0)
  000000a2 00  2a07             280 		se_cmpi		r7,0
  000000a4 00  e204             281 		bc		0,2,.L5784	# ne
  00000096 03  2f               282 	        .d2line         57
  000000a6 00  4817             283 		se_li		r7,1
  000000a8 00  54e0 0000        284 		e_stw		r7,up@sdarx(r0)
                                285 	.L5784:
  00000097 03  0303 1a          286 	        .d2line         60
  000000ac 00  50e0 0000        287 		e_lwz		r7,up@sdarx(r0)
  000000b0 00  2a17             288 		se_cmpi		r7,1
  000000b2 00  e209             289 		bc		0,2,.L5785	# ne
  0000009a 03  1f               290 	        .d2line         61
  000000b4 00  50e0 0000        291 		e_lwz		r7,speed@sdarx(r0)
  000000b8 00  50c0 0000        292 		e_lwz		r6,deltaSpeed@sdarx(r0)
  000000bc 00  0467             293 		se_add		r7,r6
  000000be 00  54e0 0000        294 		e_stw		r7,speed@sdarx(r0)
  000000c2 00  e808             295 		b		.L5786
                                296 	.L5785:
  0000009b 03  0303 2e          297 	        .d2line         64
  000000c4 00  50e0 0000        298 		e_lwz		r7,speed@sdarx(r0)
  000000c8 00  50c0 0000        299 		e_lwz		r6,deltaSpeed@sdarx(r0)
  000000cc 00  0776             300 		se_subf		r6,r7
  000000ce 00  54c0 0000        301 		e_stw		r6,speed@sdarx(r0)
                                302 	.L5786:
  000000d2 00  7358 e3ff        303 		e_lis		r26,50175
  0000009e 03  0305 32          304 	        .d2line         69
  000000d6 00  1f1a 010c        305 		e_add16i	r24,r26,268
  000000da 00  c078             306 		se_lwz		r7,0(r24)
                                307 	#$$vo
  000000dc 00  65f7             308 		se_bseti		r7,31
  000000de 00  d078             309 		se_stw		r7,0(r24)
                                310 	#$$vo
  000000a1 03  23               311 	        .d2line         70
                                312 	#$$be
  000000a2 03  0200 0b01        313 		.d2epilogue_begin
                                314 	#$$br
  000000e0 00  1b01 0810        315 		e_lmw		r24,16(r1)
                                316 	#$$er
  000000e4 00  cd01             317 		se_lwz		r0,52(r1)
  000000e6 00  0090             318 		se_mtlr		r0
  000000e8 00  1821 8030        319 		e_addi		r1,r1,48
                                320 	#$$tl 0x0 0x0 0x0
  000000ec 00  0004             321 		se_blr
                                322 	#$$ef
                                323 		.d2_cfa_end 2
                                324 		.section	.debug_info,,n
  000000f0 05  00               325 		.sleb128	0
                                326 	.L5812:
                                327 		.section	.text_vle,,c
                                328 	.L5814:
                                329 		.type		PITCHANNEL0,@function
                                330 		.size		PITCHANNEL0,.-PITCHANNEL0
                                331 	# Number of nodes = 60
                                332 	
                                333 	# Allocations for PITCHANNEL0
                                334 	#	r31		$$2
                                335 	#	r30		$$3
                                336 	#	r29		$$4
                                337 	#	r28		$$5
                                338 	#	r27		$$6
                                339 	#	r26		$$7
                                340 	#	r25		$$8
                                341 	#	r24		$$9
                                342 	
                                343 	#$$bf
                                344 		.align		2
                                345 		.globl		PITCHANNEL1
  00000058 02  0000 0018 0000   346 		.d2_cfa_start __local_cie
  0000005e 02  0000 0000 0000       	
  00000064 02  0000 0026            	
                                347 	PITCHANNEL1:
                                348 		.section	.debug_info,,n
                                349 	.L5820:
  000000f1 05  03               350 		.sleb128	3
  000000f2 05  0000 0111        351 		.4byte		.L5817-.L2
  000000f6 05  5049 5443 4841   352 		.byte		"PITCHANNEL1"
  000000fc 05  4e4e 454c 31         	
  00000101 05  00               353 		.byte		0
  00000102 05  0000 0001        354 		.4byte		.L5809
  00000106 05  48               355 		.uleb128	72
  00000107 05  01               356 		.byte		0x1
  00000108 05  0000 0000        357 		.4byte		.L5818
  0000010c 05  0000 0000        358 		.4byte		.L5819
                                359 		.section	.text_vle,,c
  000000a6 03  30               360 	        .d2line         72
                                361 	.L5818:
  000000f0 00  1821 06f0        362 		e_stwu		r1,-16(r1)
  00000068 02  410e 10          363 		.d2_cfa_def_cfa_offset	16
  000000f4 00  0080             364 		se_mflr		r0,lr
                                365 	#$$br
  000000f6 00  1bc1 0908        366 		e_stmw		r30,8(r1)
  0000006b 02  419e 029f 01     367 		.d2_cfa_offset_list	30,31,2,-1
                                368 	#$$er
  000000fa 00  d501             369 		se_stw		r0,20(r1)
  00000070 02  116c 7f          370 		.d2_cfa_offset    108,-1
                                371 	#$$ee
  000000a7 03  0206 0a          372 		.d2prologue_end
  000000fc 00  73f8 e3ff        373 		e_lis		r31,50175
  000000aa 03  18               374 	        .d2line         74
  00000100 00  1fdf 011c        375 		e_add16i	r30,r31,284
  00000104 00  c07e             376 		se_lwz		r7,0(r30)
                                377 	#$$vo
  00000106 00  65f7             378 		se_bseti		r7,31
  00000108 00  d07e             379 		se_stw		r7,0(r30)
                                380 	#$$vo
  000000ab 03  23               381 	        .d2line         75
                                382 	#$$be
  000000ac 03  0200 0b01        383 		.d2epilogue_begin
                                384 	#$$br
  0000010a 00  1bc1 0808        385 		e_lmw		r30,8(r1)
                                386 	#$$er
  0000010e 00  c501             387 		se_lwz		r0,20(r1)
  00000110 00  0090             388 		se_mtlr		r0
  00000112 00  20f1             389 		se_addi		r1,16
                                390 	#$$tl 0x0 0x0 0x0
  00000114 00  0004             391 		se_blr
                                392 	#$$ef
                                393 		.d2_cfa_end 2
                                394 		.section	.debug_info,,n
  00000110 05  00               395 		.sleb128	0
                                396 	.L5817:
                                397 		.section	.text_vle,,c
                                398 	.L5819:
                                399 		.type		PITCHANNEL1,@function
                                400 		.size		PITCHANNEL1,.-PITCHANNEL1
                                401 	# Number of nodes = 5
                                402 	
                                403 	# Allocations for PITCHANNEL1
                                404 	#	r31		$$10
                                405 	#	r30		$$11
                                406 		.section	.abs.00000040,,c
                                407 	
                                408 	#$$bf
                                409 		.align		2
                                410 		.globl		Ext_Isr
  00000074 02  0000 0058 0000   411 		.d2_cfa_start __local_cie
  0000007a 02  0000 0000 0000       	
  00000080 02  0000 02e2            	
                                412 	Ext_Isr:
                                413 		.section	.debug_line.abs.00000040,,n
                                414 		.sectionlink	.debug_line
                                415 	.L5829:
                                416 		.section	.abs.00000040,,c
                                417 	.L5825:
  00000000 07                   418 		.0byte		.L5823
  00000000 09  0000 00af 0002   419 		.d2_line_start	.debug_line.abs.00000040
  00000006 09  0000 0013 0201       	
  0000000c 09  ff04 0d00 0101       	
  00000012 09  0101 0000 0001       	
  00000018 09  0000 0100 00         	
                                420 		.section	.debug_info.abs.00000040,,n
                                421 		.sectionlink	.debug_info
                                422 	.L5823:
  00000000 0a  0000 00d0        423 		.4byte		.L5824-.L5822
                                424 	.L5822:
  00000004 0a  0002             425 		.2byte		0x2
  00000006 0a  0000 0000        426 		.4byte		.L9
  0000000a 0a  04               427 		.byte		0x4
  0000000b 0a  01               428 		.sleb128	1
  0000000c 0a  0000 00d3        429 		.4byte		.L5828-.L5823
  00000010 0a  433a 5c55 7365   430 		.byte		"C:\\Users\\murv\\Desktop\\unit2\\TASK3\\subtask3\\Template\\src\\ma
  00000016 0a  7273 5c6d 7572       	in.c"
  0000001c 0a  765c 4465 736b       	
  00000022 0a  746f 705c 756e       	
  00000028 0a  6974 325c 5441       	
  0000002e 0a  534b                 	
  0000004e 0a  00               431 		.byte		0
  0000004f 0a  4469 6162 2044   432 		.byte		"Diab Data, Inc:dcc Rel 5.7.0.0:PPC5534"
  00000055 0a  6174 612c 2049       	
  0000005b 0a  6e63 3a64 6363       	
  00000061 0a  2052 656c 2035       	
  00000067 0a  2e37 2e30 2e30       	
  0000006d 0a  3a50                 	
  00000075 0a  00               433 		.byte		0
  00000076 0a  433a 5c55 7365   434 		.byte		"C:\\Users\\murv\\Desktop\\unit2\\TASK3\\subtask3\\Template"
  0000007c 0a  7273 5c6d 7572       	
  00000082 0a  765c 4465 736b       	
  00000088 0a  746f 705c 756e       	
  0000008e 0a  6974 325c 5441       	
  00000094 0a  534b                 	
  000000a9 0a  00               435 		.byte		0
  000000aa 0a  01               436 		.uleb128	1
  000000ab 0a  0000 0000        437 		.4byte		.L5825
  000000af 0a  0000 0000        438 		.4byte		.L5826
  000000b3 0a  0000 0000        439 		.4byte		.L5829
                                440 	.L5835:
  000000b7 0a  03               441 		.sleb128	3
  000000b8 0a  0000 00d3        442 		.4byte		.L5831-.L5823
  000000bc 0a  4578 745f 4973   443 		.byte		"Ext_Isr"
  000000c2 0a  72                   	
  000000c3 0a  00               444 		.byte		0
  000000c4 0a  0000 0001        445 		.4byte		.L5834
  000000c8 0a  5b               446 		.uleb128	91
  000000c9 0a  01               447 		.byte		0x1
  000000ca 0a  0000 0000        448 		.4byte		.L5832
  000000ce 0a  0000 0000        449 		.4byte		.L5833
                                450 		.section	.abs.00000040,,c
  0000001d 09  004c 0343 3a5c   451 		.d2file		"C:\\Users\\murv\\Desktop\\unit2\\TASK3\\subtask3\\Template\\src\\ma
  00000023 09  5c55 7365 7273       	in.c"
  00000029 09  5c5c 6d75 7276       	
  0000002f 09  5c5c 4465 736b       	
  00000035 09  746f 705c 5c75       	
  0000003b 09  6e69                 	
  0000006d 09  0005 0200 0000   452 	        .d2line         91
  00000073 09  0003 da00 0e         	
                                453 	.L5832:
  00000000 07  701f 7f20        454 		e_li		r0,-224
  00000004 07  7c21 016e        455 		stwux		r1,r1,r0
  00000084 02  420e e001        456 		.d2_cfa_def_cfa_offset	224
  00000008 07  d201             457 		se_stw		r0,8(r1)
  0000000a 07  00a0             458 		se_mfctr		r0,ctr
  0000000c 07  d301             459 		se_stw		r0,12(r1)
  0000000e 07  7c01 02a6        460 		mfspr		r0,xer
  00000012 07  d401             461 		se_stw		r0,16(r1)
  00000014 07  7c00 0026        462 		mfcr		r0
  00000018 07  d501             463 		se_stw		r0,20(r1)
  0000001a 07  0080             464 		se_mflr		r0,lr
  0000001c 07  d601             465 		se_stw		r0,24(r1)
                                466 	#$$br
  0000001e 07  5461 0084        467 		e_stw		r3,132(r1)
  00000088 02  4683 17          468 		.d2_cfa_offset	3,23
  00000022 07  54c1 0088        469 		e_stw		r6,136(r1)
  0000008b 02  4186 16          470 		.d2_cfa_offset	6,22
  00000026 07  54e1 008c        471 		e_stw		r7,140(r1)
  0000008e 02  4187 15          472 		.d2_cfa_offset	7,21
  0000002a 07  5561 0090        473 		e_stw		r11,144(r1)
  00000091 02  418b 14          474 		.d2_cfa_offset	11,20
  0000002e 07  5581 0094        475 		e_stw		r12,148(r1)
  00000094 02  418c 13          476 		.d2_cfa_offset	12,19
  00000032 07  55c1 0098        477 		e_stw		r14,152(r1)
  00000097 02  418e 12          478 		.d2_cfa_offset	14,18
  00000036 07  55e1 009c        479 		e_stw		r15,156(r1)
  0000009a 02  418f 11          480 		.d2_cfa_offset	15,17
  0000003a 07  5601 00a0        481 		e_stw		r16,160(r1)
  0000009d 02  4190 10          482 		.d2_cfa_offset	16,16
  0000003e 07  5621 00a4        483 		e_stw		r17,164(r1)
  000000a0 02  4191 0f          484 		.d2_cfa_offset	17,15
  00000042 07  5641 00a8        485 		e_stw		r18,168(r1)
  000000a3 02  4192 0e          486 		.d2_cfa_offset	18,14
  00000046 07  5661 00ac        487 		e_stw		r19,172(r1)
  000000a6 02  4193 0d          488 		.d2_cfa_offset	19,13
  0000004a 07  5681 00b0        489 		e_stw		r20,176(r1)
  000000a9 02  4194 0c          490 		.d2_cfa_offset	20,12
  0000004e 07  56a1 00b4        491 		e_stw		r21,180(r1)
  000000ac 02  4195 0b          492 		.d2_cfa_offset	21,11
  00000052 07  56c1 00b8        493 		e_stw		r22,184(r1)
  000000af 02  4196 0a          494 		.d2_cfa_offset	22,10
  00000056 07  56e1 00bc        495 		e_stw		r23,188(r1)
  000000b2 02  4197 09          496 		.d2_cfa_offset	23,9
  0000005a 07  5701 00c0        497 		e_stw		r24,192(r1)
  000000b5 02  4198 08          498 		.d2_cfa_offset	24,8
  0000005e 07  5721 00c4        499 		e_stw		r25,196(r1)
  000000b8 02  4199 07          500 		.d2_cfa_offset	25,7
  00000062 07  5741 00c8        501 		e_stw		r26,200(r1)
  000000bb 02  419a 06          502 		.d2_cfa_offset	26,6
  00000066 07  5761 00cc        503 		e_stw		r27,204(r1)
  000000be 02  419b 05          504 		.d2_cfa_offset	27,5
  0000006a 07  5781 00d0        505 		e_stw		r28,208(r1)
  000000c1 02  419c 04          506 		.d2_cfa_offset	28,4
  0000006e 07  57a1 00d4        507 		e_stw		r29,212(r1)
  000000c4 02  419d 03          508 		.d2_cfa_offset	29,3
  00000072 07  57c1 00d8        509 		e_stw		r30,216(r1)
  000000c7 02  419e 02          510 		.d2_cfa_offset	30,2
  00000076 07  57e1 00dc        511 		e_stw		r31,220(r1)
  000000ca 02  419f 01          512 		.d2_cfa_offset	31,1
                                513 	#$$er
                                514 	#$$ee
  00000078 09  023d 0a          515 		.d2prologue_end
  0000007a 07  70ff e7f5        516 		e_lis		r7,65525
  0000007e 07  d771             517 		se_stw		r7,28(r1)
  0000007b 09  1b               518 	        .d2line         92
  00000080 07  c761             519 		se_lwz		r6,28(r1)
  00000082 07  50c6 8010        520 		e_lwz		r6,-32752(r6)
                                521 	#$$vo
  00000086 07  74cb f5ff        522 		e_rlwinm		r11,r6,30,23,31
  0000008a 07  180b a845        523 		cmpi		0,0,r11,69
  0000008e 07  e50d             524 		bc		1,1,.L5836
  00000090 07  e643             525 		bc		1,2,.L5798
  00000092 07  180b a83b        526 		cmpi		0,0,r11,59
  00000096 07  e612             527 		bc		1,2,.L5790
  00000098 07  180b a83c        528 		cmpi		0,0,r11,60
  0000009c 07  e613             529 		bc		1,2,.L5791
  0000009e 07  180b a844        530 		cmpi		0,0,r11,68
  000000a2 07  e614             531 		bc		1,2,.L5797
  000000a4 07  7800 01b4        532 		b		.L5789
                                533 	.L5836:
  000000a8 07  180b a846        534 		cmpi		0,0,r11,70
  000000ac 07  e675             535 		bc		1,2,.L5800
  000000ae 07  180b a847        536 		cmpi		0,0,r11,71
  000000b2 07  7a12 014e        537 		bc		1,2,.L5801
  000000b6 07  7800 01a2        538 		b		.L5789
                                539 	.L5790:
  0000007c 09  84               540 	        .d2line         94
  0000007d 09  10               541 	        .d2line         96
                                542 	#$$fn 0xc0 0 0 0x0
                                543 	#$$tl 0x0 0x0 0x0
                                544 	#$$rs 0 s
  000000ba 07  7800 0001        545 		bl		PITCHANNEL0
  0000007e 09  17               546 	        .d2line         97
  000000be 07  7800 019a        547 		b		.L5789
                                548 	.L5791:
  0000007f 09  17               549 	        .d2line         98
  00000080 09  10               550 	        .d2line         100
                                551 	#$$fn 0x80 0 0 0x0
                                552 	#$$tl 0x0 0x0 0x0
                                553 	#$$rs 0 s
  000000c2 07  7800 0001        554 		bl		PITCHANNEL1
  00000081 09  17               555 	        .d2line         101
  000000c6 07  7800 0192        556 		b		.L5789
                                557 	.L5797:
  00000082 09  030b 16          558 	        .d2line         112
  000000ca 07  70e0 6000        559 		e_li		r7,-262144
  000000ce 07  d871             560 		se_stw		r7,32(r1)
  00000085 09  0303 1a          561 	        .d2line         115
  000000d0 07  c861             562 		se_lwz		r6,32(r1)
  000000d2 07  1be6 8030        563 		e_addi		r31,r6,48
  000000d6 07  c07f             564 		se_lwz		r7,0(r31)
                                565 	#$$vo
  000000d8 07  65f7             566 		se_bseti		r7,31
  000000da 07  d07f             567 		se_stw		r7,0(r31)
                                568 	#$$vo
  000000dc 07  70c0 6000        569 		e_li		r6,-262144
  000000e0 07  d961             570 		se_stw		r6,36(r1)
  00000088 09  33               571 	        .d2line         116
  000000e2 07  c971             572 		se_lwz		r7,36(r1)
  000000e4 07  1bc7 8030        573 		e_addi		r30,r7,48
  000000e8 07  c06e             574 		se_lwz		r6,0(r30)
                                575 	#$$vo
  000000ea 07  65e6             576 		se_bseti		r6,30
  000000ec 07  d06e             577 		se_stw		r6,0(r30)
                                578 	#$$vo
  000000ee 07  70e0 6000        579 		e_li		r7,-262144
  000000f2 07  da71             580 		se_stw		r7,40(r1)
  00000089 09  33               581 	        .d2line         117
  000000f4 07  ca61             582 		se_lwz		r6,40(r1)
  000000f6 07  1ba6 8030        583 		e_addi		r29,r6,48
  000000fa 07  c07d             584 		se_lwz		r7,0(r29)
                                585 	#$$vo
  000000fc 07  65d7             586 		se_bseti		r7,29
  000000fe 07  d07d             587 		se_stw		r7,0(r29)
                                588 	#$$vo
  00000100 07  70c0 6000        589 		e_li		r6,-262144
  00000104 07  db61             590 		se_stw		r6,44(r1)
  0000008a 09  33               591 	        .d2line         118
  00000106 07  cb71             592 		se_lwz		r7,44(r1)
  00000108 07  1b87 8030        593 		e_addi		r28,r7,48
  0000010c 07  c06c             594 		se_lwz		r6,0(r28)
                                595 	#$$vo
  0000010e 07  65c6             596 		se_bseti		r6,28
  00000110 07  d06c             597 		se_stw		r6,0(r28)
                                598 	#$$vo
  0000008b 09  28               599 	        .d2line         120
  00000112 07  7800 0146        600 		b		.L5789
                                601 	.L5798:
  0000008c 09  17               602 	        .d2line         121
  00000116 07  70e0 6000        603 		e_li		r7,-262144
  0000011a 07  dc71             604 		se_stw		r7,48(r1)
  0000008d 09  030b 1a          605 	        .d2line         132
  0000011c 07  cc61             606 		se_lwz		r6,48(r1)
  0000011e 07  cc66             607 		se_lwz		r6,48(r6)
                                608 	#$$vo
  00000120 07  67a6             609 		se_btsti		r6,26
  00000122 07  e60f             610 		bc		1,2,.L5799	# eq
  00000124 07  70f8 e3f9        611 		e_lis		r7,50169
  00000128 07  dd71             612 		se_stw		r7,52(r1)
  00000090 09  2b               613 	        .d2line         133
  0000012a 07  70d8 e3f9        614 		e_lis		r6,50169
  0000012e 07  de61             615 		se_stw		r6,56(r1)
  00000130 07  cd71             616 		se_lwz		r7,52(r1)
  00000132 07  ce61             617 		se_lwz		r6,56(r1)
  00000134 07  30c6 060c        618 		e_lbz		r6,1548(r6)
                                619 	#$$vo
  00000138 07  7cc6 30f8        620 		nor		r6,r6,r6
  0000013c 07  34c7 060c        621 		e_stb		r6,1548(r7)
                                622 	#$$vo
                                623 	.L5799:
  00000140 07  70e0 6000        624 		e_li		r7,-262144
  00000144 07  df71             625 		se_stw		r7,60(r1)
  00000091 09  47               626 	        .d2line         134
  00000146 07  cf61             627 		se_lwz		r6,60(r1)
  00000148 07  1b66 8030        628 		e_addi		r27,r6,48
  0000014c 07  c07b             629 		se_lwz		r7,0(r27)
                                630 	#$$vo
  0000014e 07  65b7             631 		se_bseti		r7,27
  00000150 07  d07b             632 		se_stw		r7,0(r27)
                                633 	#$$vo
  00000152 07  70c0 6000        634 		e_li		r6,-262144
  00000156 07  54c1 0040        635 		e_stw		r6,64(r1)
  00000092 09  37               636 	        .d2line         135
  0000015a 07  50e1 0040        637 		e_lwz		r7,64(r1)
  0000015e 07  1b47 8030        638 		e_addi		r26,r7,48
  00000162 07  c06a             639 		se_lwz		r6,0(r26)
                                640 	#$$vo
  00000164 07  65a6             641 		se_bseti		r6,26
  00000166 07  d06a             642 		se_stw		r6,0(r26)
                                643 	#$$vo
  00000168 07  70e0 6000        644 		e_li		r7,-262144
  0000016c 07  54e1 0044        645 		e_stw		r7,68(r1)
  00000093 09  3b               646 	        .d2line         136
  00000170 07  50c1 0044        647 		e_lwz		r6,68(r1)
  00000174 07  1b26 8030        648 		e_addi		r25,r6,48
  00000178 07  c079             649 		se_lwz		r7,0(r25)
                                650 	#$$vo
  0000017a 07  6597             651 		se_bseti		r7,25
  0000017c 07  d079             652 		se_stw		r7,0(r25)
                                653 	#$$vo
  0000017e 07  70c0 6000        654 		e_li		r6,-262144
  00000182 07  54c1 0048        655 		e_stw		r6,72(r1)
  00000094 09  3b               656 	        .d2line         137
  00000186 07  50e1 0048        657 		e_lwz		r7,72(r1)
  0000018a 07  1b07 8030        658 		e_addi		r24,r7,48
  0000018e 07  c068             659 		se_lwz		r6,0(r24)
                                660 	#$$vo
  00000190 07  6586             661 		se_bseti		r6,24
  00000192 07  d068             662 		se_stw		r6,0(r24)
                                663 	#$$vo
  00000095 09  2b               664 	        .d2line         138
  00000194 07  e862             665 		b		.L5789
                                666 	.L5800:
  00000096 09  13               667 	        .d2line         139
  00000196 07  70e0 6000        668 		e_li		r7,-262144
  0000019a 07  54e1 004c        669 		e_stw		r7,76(r1)
  00000097 09  1f               670 	        .d2line         140
  0000019e 07  50c1 004c        671 		e_lwz		r6,76(r1)
  000001a2 07  1ae6 8030        672 		e_addi		r23,r6,48
  000001a6 07  50f7 0000        673 		e_lwz		r7,0(r23)
                                674 	#$$vo
  000001aa 07  6577             675 		se_bseti		r7,23
  000001ac 07  54f7 0000        676 		e_stw		r7,0(r23)
                                677 	#$$vo
  000001b0 07  70c0 6000        678 		e_li		r6,-262144
  000001b4 07  54c1 0050        679 		e_stw		r6,80(r1)
  00000098 09  43               680 	        .d2line         141
  000001b8 07  50e1 0050        681 		e_lwz		r7,80(r1)
  000001bc 07  1ac7 8030        682 		e_addi		r22,r7,48
  000001c0 07  50d6 0000        683 		e_lwz		r6,0(r22)
                                684 	#$$vo
  000001c4 07  6566             685 		se_bseti		r6,22
  000001c6 07  54d6 0000        686 		e_stw		r6,0(r22)
                                687 	#$$vo
  000001ca 07  70e0 6000        688 		e_li		r7,-262144
  000001ce 07  54e1 0054        689 		e_stw		r7,84(r1)
  00000099 09  43               690 	        .d2line         142
  000001d2 07  50c1 0054        691 		e_lwz		r6,84(r1)
  000001d6 07  1aa6 8030        692 		e_addi		r21,r6,48
  000001da 07  50f5 0000        693 		e_lwz		r7,0(r21)
                                694 	#$$vo
  000001de 07  6557             695 		se_bseti		r7,21
  000001e0 07  54f5 0000        696 		e_stw		r7,0(r21)
                                697 	#$$vo
  000001e4 07  70c0 6000        698 		e_li		r6,-262144
  000001e8 07  54c1 0058        699 		e_stw		r6,88(r1)
  0000009a 09  43               700 	        .d2line         143
  000001ec 07  50e1 0058        701 		e_lwz		r7,88(r1)
  000001f0 07  1a87 8030        702 		e_addi		r20,r7,48
  000001f4 07  50d4 0000        703 		e_lwz		r6,0(r20)
                                704 	#$$vo
  000001f8 07  6546             705 		se_bseti		r6,20
  000001fa 07  54d4 0000        706 		e_stw		r6,0(r20)
                                707 	#$$vo
  0000009b 09  33               708 	        .d2line         144
  000001fe 07  e82d             709 		b		.L5789
                                710 	.L5801:
  0000009c 09  13               711 	        .d2line         145
  00000200 07  71e0 6000        712 		e_li		r15,-262144
  0000009d 09  17               713 	        .d2line         146
  00000204 07  1a6f 8030        714 		e_addi		r19,r15,48
  00000208 07  50f3 0000        715 		e_lwz		r7,0(r19)
                                716 	#$$vo
  0000020c 07  6537             717 		se_bseti		r7,19
  0000020e 07  54f3 0000        718 		e_stw		r7,0(r19)
                                719 	#$$vo
  00000212 07  71c0 6000        720 		e_li		r14,-262144
  0000009e 09  33               721 	        .d2line         147
  00000216 07  1a4e 8030        722 		e_addi		r18,r14,48
  0000021a 07  50d2 0000        723 		e_lwz		r6,0(r18)
                                724 	#$$vo
  0000021e 07  6526             725 		se_bseti		r6,18
  00000220 07  54d2 0000        726 		e_stw		r6,0(r18)
                                727 	#$$vo
  00000224 07  70e0 6000        728 		e_li		r7,-262144
  00000228 07  54e1 005c        729 		e_stw		r7,92(r1)
  0000009f 09  3b               730 	        .d2line         148
  0000022c 07  50c1 005c        731 		e_lwz		r6,92(r1)
  00000230 07  1a26 8030        732 		e_addi		r17,r6,48
  00000234 07  50f1 0000        733 		e_lwz		r7,0(r17)
                                734 	#$$vo
  00000238 07  6517             735 		se_bseti		r7,17
  0000023a 07  54f1 0000        736 		e_stw		r7,0(r17)
                                737 	#$$vo
  0000023e 07  70c0 6000        738 		e_li		r6,-262144
  00000242 07  54c1 0060        739 		e_stw		r6,96(r1)
  000000a0 09  43               740 	        .d2line         149
  00000246 07  50e1 0060        741 		e_lwz		r7,96(r1)
  0000024a 07  1a07 8030        742 		e_addi		r16,r7,48
  0000024e 07  50d0 0000        743 		e_lwz		r6,0(r16)
                                744 	#$$vo
  00000252 07  6506             745 		se_bseti		r6,16
  00000254 07  54d0 0000        746 		e_stw		r6,0(r16)
                                747 	#$$vo
                                748 	.L5789:
  00000258 07  70ff e7f5        749 		e_lis		r7,65525
  0000025c 07  54e1 0064        750 		e_stw		r7,100(r1)
  000000a1 09  030a 42          751 	        .d2line         159
  00000260 07  50c1 0064        752 		e_lwz		r6,100(r1)
  00000264 07  4807             753 		se_li		r7,0
  00000266 07  54e6 8018        754 		e_stw		r7,-32744(r6)
                                755 	#$$vo
  000000a4 09  23               756 	        .d2line         160
                                757 	#$$be
  000000a5 09  0200 0b01        758 		.d2epilogue_begin
                                759 	#$$br
  0000026a 07  5061 0084        760 		e_lwz		r3,132(r1)
  0000026e 07  50c1 0088        761 		e_lwz		r6,136(r1)
  00000272 07  50e1 008c        762 		e_lwz		r7,140(r1)
  00000276 07  5161 0090        763 		e_lwz		r11,144(r1)
  0000027a 07  5181 0094        764 		e_lwz		r12,148(r1)
  0000027e 07  51c1 0098        765 		e_lwz		r14,152(r1)
  00000282 07  51e1 009c        766 		e_lwz		r15,156(r1)
  00000286 07  5201 00a0        767 		e_lwz		r16,160(r1)
  0000028a 07  5221 00a4        768 		e_lwz		r17,164(r1)
  0000028e 07  5241 00a8        769 		e_lwz		r18,168(r1)
  00000292 07  5261 00ac        770 		e_lwz		r19,172(r1)
  00000296 07  5281 00b0        771 		e_lwz		r20,176(r1)
  0000029a 07  52a1 00b4        772 		e_lwz		r21,180(r1)
  0000029e 07  52c1 00b8        773 		e_lwz		r22,184(r1)
  000002a2 07  52e1 00bc        774 		e_lwz		r23,188(r1)
  000002a6 07  5301 00c0        775 		e_lwz		r24,192(r1)
  000002aa 07  5321 00c4        776 		e_lwz		r25,196(r1)
  000002ae 07  5341 00c8        777 		e_lwz		r26,200(r1)
  000002b2 07  5361 00cc        778 		e_lwz		r27,204(r1)
  000002b6 07  5381 00d0        779 		e_lwz		r28,208(r1)
  000002ba 07  53a1 00d4        780 		e_lwz		r29,212(r1)
  000002be 07  53c1 00d8        781 		e_lwz		r30,216(r1)
  000002c2 07  53e1 00dc        782 		e_lwz		r31,220(r1)
                                783 	#$$er
  000002c6 07  c601             784 		se_lwz		r0,24(r1)
  000002c8 07  0090             785 		se_mtlr		r0
  000002ca 07  c501             786 		se_lwz		r0,20(r1)
  000002cc 07  7c0f f120        787 		mtcrf		0xff,r0
  000002d0 07  c401             788 		se_lwz		r0,16(r1)
  000002d2 07  7c01 03a6        789 		mtspr		xer,r0
  000002d6 07  c301             790 		se_lwz		r0,12(r1)
  000002d8 07  00b0             791 		se_mtctr		r0
  000002da 07  c201             792 		se_lwz		r0,8(r1)
  000002dc 07  1821 80e0        793 		e_addi		r1,r1,224
                                794 	#$$tl 0x0 0x0 0x0
  000002e0 07  0008             795 		se_rfi
                                796 	#$$ef
                                797 		.d2_cfa_end 2
                                798 		.section	.debug_info.abs.00000040,,n
                                799 		.sectionlink	.debug_info
  000000d2 0a  00               800 		.sleb128	0
                                801 	.L5831:
                                802 		.section	.abs.00000040,,c
                                803 	.L5833:
                                804 		.type		Ext_Isr,@function
                                805 		.size		Ext_Isr,.-Ext_Isr
                                806 	# Number of nodes = 117
                                807 	
                                808 	# Allocations for Ext_Isr
                                809 	#	SP,28		$$12
                                810 	#	SP,32		$$13
                                811 	#	SP,36		$$14
                                812 	#	SP,40		$$15
                                813 	#	SP,44		$$16
                                814 	#	SP,48		$$17
                                815 	#	SP,52		$$18
                                816 	#	SP,56		$$19
                                817 	#	SP,60		$$20
                                818 	#	SP,64		$$21
                                819 	#	SP,68		$$22
                                820 	#	SP,72		$$23
                                821 	#	SP,76		$$24
                                822 	#	SP,80		$$25
                                823 	#	SP,84		$$26
                                824 	#	SP,88		$$27
                                825 	#	r15		$$28
                                826 	#	r14		$$29
                                827 	#	SP,92		$$30
                                828 	#	SP,96		$$31
                                829 	#	SP,100		$$32
                                830 	#	r31		$$33
                                831 	#	r30		$$34
                                832 	#	r29		$$35
                                833 	#	r28		$$36
                                834 	#	r27		$$37
                                835 	#	r26		$$38
                                836 	#	r25		$$39
                                837 	#	r24		$$40
                                838 	#	r23		$$41
                                839 	#	r22		$$42
                                840 	#	r21		$$43
                                841 	#	r20		$$44
                                842 	#	r19		$$45
                                843 	#	r18		$$46
                                844 	#	r17		$$47
                                845 	#	r16		$$48
                                846 	
                                847 	# Allocations for module
                                848 		.section	.debug_abbrev,,n
  0000003d 04  04               849 		.uleb128	4
  0000003e 04  34               850 		.uleb128	52
  0000003f 04  00               851 		.byte		0x0
  00000040 04  3f               852 		.uleb128	63
  00000041 04  0c               853 		.uleb128	12
  00000042 04  3a               854 		.uleb128	58
  00000043 04  06               855 		.uleb128	6
  00000044 04  3b               856 		.uleb128	59
  00000045 04  0f               857 		.uleb128	15
  00000046 04  03               858 		.uleb128	3
  00000047 04  08               859 		.uleb128	8
  00000048 04  49               860 		.uleb128	73
  00000049 04  10               861 		.uleb128	16
  0000004a 04  02               862 		.uleb128	2
  0000004b 04  09               863 		.uleb128	9
  0000004c 04  00               864 		.uleb128	0
  0000004d 04  00               865 		.uleb128	0
                                866 		.section	.debug_info,,n
                                867 	.L5837:
  00000111 05  04               868 		.sleb128	4
  00000112 05  01               869 		.byte		0x1
  00000113 05  0000 0001        870 		.4byte		.L5809
  00000117 05  04               871 		.uleb128	4
  00000118 05  7265 635f 7370   872 		.byte		"rec_speed"
  0000011e 05  6565 64              	
  00000121 05  00               873 		.byte		0
  00000122 05  0000 0000        874 		.4byte		.L5838
  00000126 05  05               875 		.sleb128	5
  00000127 05  03               876 		.byte		0x3
  00000128 05  0000 0000        877 		.4byte		rec_speed
                                878 		.sdata
                                879 		.type		rec_speed,@object
                                880 		.size		rec_speed,4
                                881 		.align		2
                                882 		.globl		rec_speed
                                883 	rec_speed:
  00000000 0b  0000 0000        884 		.long		0
                                885 		.section	.debug_info,,n
                                886 	.L5839:
  0000012c 05  04               887 		.sleb128	4
  0000012d 05  01               888 		.byte		0x1
  0000012e 05  0000 0001        889 		.4byte		.L5809
  00000132 05  04               890 		.uleb128	4
  00000133 05  7370 6565 64     891 		.byte		"speed"
  00000138 05  00               892 		.byte		0
  00000139 05  0000 0000        893 		.4byte		.L5838
  0000013d 05  05               894 		.sleb128	5
  0000013e 05  03               895 		.byte		0x3
  0000013f 05  0000 0000        896 		.4byte		speed
                                897 		.sdata
                                898 		.align		2
                                899 	#	Begin local data area
                                900 	#	LDA + 0
                                901 		.type		speed,@object
                                902 		.size		speed,4
                                903 		.align		2
                                904 		.globl		speed
                                905 	speed:
  00000004 0b  0000 0000        906 		.long		0
                                907 		.section	.debug_info,,n
                                908 	.L5840:
  00000143 05  04               909 		.sleb128	4
  00000144 05  01               910 		.byte		0x1
  00000145 05  0000 0001        911 		.4byte		.L5809
  00000149 05  04               912 		.uleb128	4
  0000014a 05  7570             913 		.byte		"up"
  0000014c 05  00               914 		.byte		0
  0000014d 05  0000 0000        915 		.4byte		.L5838
  00000151 05  05               916 		.sleb128	5
  00000152 05  03               917 		.byte		0x3
  00000153 05  0000 0000        918 		.4byte		up
                                919 		.sdata
                                920 	#	LDA + 4
                                921 		.type		up,@object
                                922 		.size		up,4
                                923 		.align		2
                                924 		.globl		up
                                925 	up:
  00000008 0b  0000 0001        926 		.long		1
                                927 		.section	.debug_info,,n
                                928 	.L5841:
  00000157 05  04               929 		.sleb128	4
  00000158 05  01               930 		.byte		0x1
  00000159 05  0000 0001        931 		.4byte		.L5809
  0000015d 05  04               932 		.uleb128	4
  0000015e 05  6465 6c74 6153   933 		.byte		"deltaSpeed"
  00000164 05  7065 6564            	
  00000168 05  00               934 		.byte		0
  00000169 05  0000 0000        935 		.4byte		.L5838
  0000016d 05  05               936 		.sleb128	5
  0000016e 05  03               937 		.byte		0x3
  0000016f 05  0000 0000        938 		.4byte		deltaSpeed
                                939 		.sdata
                                940 	#	LDA + 8
                                941 		.type		deltaSpeed,@object
                                942 		.size		deltaSpeed,4
                                943 		.align		2
                                944 		.globl		deltaSpeed
                                945 	deltaSpeed:
  0000000c 0b  0000 0005        946 		.long		5
                                947 		.section	.debug_abbrev,,n
  0000004e 04  05               948 		.uleb128	5
  0000004f 04  24               949 		.uleb128	36
  00000050 04  00               950 		.byte		0x0
  00000051 04  03               951 		.uleb128	3
  00000052 04  08               952 		.uleb128	8
  00000053 04  3e               953 		.uleb128	62
  00000054 04  0b               954 		.uleb128	11
  00000055 04  0b               955 		.uleb128	11
  00000056 04  0b               956 		.uleb128	11
  00000057 04  00               957 		.uleb128	0
  00000058 04  00               958 		.uleb128	0
                                959 		.section	.debug_info,,n
                                960 	.L5838:
  00000173 05  05               961 		.sleb128	5
  00000174 05  696e 74          962 		.byte		"int"
  00000177 05  00               963 		.byte		0
  00000178 05  05               964 		.byte		0x5
  00000179 05  04               965 		.byte		0x4
                                966 	.L7:
  0000017a 05  00               967 		.sleb128	0
                                968 	.L3:
                                969 		.section	.text_vle,,c
                                970 	.L5:
                                971 	.L5809:	.d2filenum "C:\\Users\\murv\\Desktop\\unit2\\TASK3\\subtask3\\Template\\src\\main.c"
                                    	
  000000b0 03  0005 0200 0000   972 		.d2_line_end
  000000b6 03  0000 0101            	
                                973 		.section	.debug_info.abs.00000040,,n
                                974 		.sectionlink	.debug_info
                                975 	.L5828:
  000000d3 0a  00               976 		.sleb128	0
                                977 	.L5824:
                                978 		.section	.abs.00000040,,c
                                979 	.L5826:
                                980 	.L5834:	.d2filenum "C:\\Users\\murv\\Desktop\\unit2\\TASK3\\subtask3\\Template\\src\\main.c"
                                    	
  000000a9 09  0005 0200 0000   981 		.d2_line_end
  000000af 09  0000 0101            	
                                982 		.section	.debug_abbrev,,n
  00000059 04  00               983 		.sleb128	0
