                                  1 	#$$m2		- PowerPC mnemonics
                                  2 	#$$pVLE		- PowerPC VLE encoding
                                  3 	#$$oPPC5534  - Optimized for PPC5534
                                  4 	#$$ko 9		- Reorder info
                                  5 		.file		"main.c"
                                  6 	#$$eb
                                  7 	#$$sz 0
                                  8 	#$$fp 0
                                  9 		.section	.PPC.EMB.apuinfo,,@note
  00000000 01  0000 0008         10 		.4byte		8
  00000004 01  0000 0004         11 		.4byte		4
  00000008 01  0000 0002         12 		.4byte		2
  0000000c 01  4150 5569 6e66    13 		.byte		"APUinfo"
  00000012 01  6f                   	
  00000013 01  00                14 		.byte		0
                                 15 		.align		2
  00000014 01  0104 0001         16 		.4byte		0x01040001
                                 17 		.section	.text_vle,,c
                                 18 		.section	.debug_frame,,n
                                 19 	__local_cie: 
  00000000 02  0000 0010         20 		.word	.LE-.LS
                                 21 	.LS:
  00000004 02  ffff ffff         22 		.word	-1
  00000008 02  01                23 		.byte	1
  00000009 02  00                24 		.byte	0
  0000000a 02  04                25 		.uleb128	4
  0000000b 02  7c                26 		.sleb128	-4
  0000000c 02  6c                27 		.byte	108
  0000000d 02  0c                28 		.byte	0x0c
  0000000e 02  01                29 		.byte	1
  0000000f 02  00                30 		.byte	0
  00000010 02  08                31 		.byte	8
  00000011 02  6c                32 		.byte	108
                                 33 		.fill           (.LS-.)&3
                                 34 	.LE:
                                 35 		.section	.debug_line,,n
                                 36 	.L8:
                                 37 		.section	.text_vle,,c
                                 38 	.L4:
  00000000 00                    39 		.0byte		.L2
  00000000 03  0000 00ba 0002    40 		.d2_line_start	.debug_line
  00000006 03  0000 0013 0201       	
  0000000c 03  ff04 0d00 0101       	
  00000012 03  0101 0000 0001       	
  00000018 03  0000 0100 00         	
                                 41 		.section	.debug_abbrev,,n
                                 42 	.L9:
                                 43 		.section	.debug_info,,n
                                 44 	.L2:
  00000000 05  0000 015c         45 		.4byte		.L3-.L1
                                 46 	.L1:
  00000004 05  0002              47 		.2byte		0x2
  00000006 05  0000 0000         48 		.4byte		.L9
  0000000a 05  04                49 		.byte		0x4
                                 50 		.section	.debug_abbrev,,n
  00000000 04  01                51 		.uleb128	1
  00000001 04  11                52 		.uleb128	17
  00000002 04  01                53 		.byte		0x1
  00000003 04  01                54 		.uleb128	1
  00000004 04  13                55 		.uleb128	19
  00000005 04  03                56 		.uleb128	3
  00000006 04  08                57 		.uleb128	8
  00000007 04  25                58 		.uleb128	37
  00000008 04  08                59 		.uleb128	8
  00000009 04  1b                60 		.uleb128	27
  0000000a 04  08                61 		.uleb128	8
  0000000b 04  13                62 		.uleb128	19
  0000000c 04  0f                63 		.uleb128	15
  0000000d 04  11                64 		.uleb128	17
  0000000e 04  01                65 		.uleb128	1
  0000000f 04  12                66 		.uleb128	18
  00000010 04  01                67 		.uleb128	1
  00000011 04  10                68 		.uleb128	16
  00000012 04  06                69 		.uleb128	6
  00000013 04  00                70 		.uleb128	0
  00000014 04  00                71 		.uleb128	0
                                 72 		.section	.debug_info,,n
  0000000b 05  01                73 		.sleb128	1
  0000000c 05  0000 015f         74 		.4byte		.L7-.L2
  00000010 05  433a 5c55 7365    75 		.byte		"C:\\Users\\murv\\Desktop\\unit2\\TASK2\\subtask3\\Template\\src\\ma
  00000016 05  7273 5c6d 7572       	in.c"
  0000001c 05  765c 4465 736b       	
  00000022 05  746f 705c 756e       	
  00000028 05  6974 325c 5441       	
  0000002e 05  534b                 	
  0000004e 05  00                76 		.byte		0
  0000004f 05  4469 6162 2044    77 		.byte		"Diab Data, Inc:dcc Rel 5.7.0.0:PPC5534"
  00000055 05  6174 612c 2049       	
  0000005b 05  6e63 3a64 6363       	
  00000061 05  2052 656c 2035       	
  00000067 05  2e37 2e30 2e30       	
  0000006d 05  3a50                 	
  00000075 05  00                78 		.byte		0
  00000076 05  433a 5c55 7365    79 		.byte		"C:\\Users\\murv\\Desktop\\unit2\\TASK2\\subtask3\\Template"
  0000007c 05  7273 5c6d 7572       	
  00000082 05  765c 4465 736b       	
  00000088 05  746f 705c 756e       	
  0000008e 05  6974 325c 5441       	
  00000094 05  534b                 	
  000000a9 05  00                80 		.byte		0
  000000aa 05  01                81 		.uleb128	1
  000000ab 05  0000 0000         82 		.4byte		.L4
  000000af 05  0000 0000         83 		.4byte		.L5
  000000b3 05  0000 0000         84 		.4byte		.L8
                                 85 		.section	.text_vle,,c
                                 86 	
                                 87 	#$$bf
                                 88 		.align		2
                                 89 		.globl		main
  00000014 02  0000 0018 0000    90 		.d2_cfa_start __local_cie
  0000001a 02  0000 0000 0000       	
  00000020 02  0000 0034            	
                                 91 	main:
                                 92 		.section	.debug_abbrev,,n
  00000015 04  02                93 		.uleb128	2
  00000016 04  2e                94 		.uleb128	46
  00000017 04  01                95 		.byte		0x1
  00000018 04  01                96 		.uleb128	1
  00000019 04  13                97 		.uleb128	19
  0000001a 04  03                98 		.uleb128	3
  0000001b 04  08                99 		.uleb128	8
  0000001c 04  3a               100 		.uleb128	58
  0000001d 04  06               101 		.uleb128	6
  0000001e 04  3b               102 		.uleb128	59
  0000001f 04  0f               103 		.uleb128	15
  00000020 04  3f               104 		.uleb128	63
  00000021 04  0c               105 		.uleb128	12
  00000022 04  27               106 		.uleb128	39
  00000023 04  0c               107 		.uleb128	12
  00000024 04  11               108 		.uleb128	17
  00000025 04  01               109 		.uleb128	1
  00000026 04  12               110 		.uleb128	18
  00000027 04  01               111 		.uleb128	1
  00000028 04  00               112 		.uleb128	0
  00000029 04  00               113 		.uleb128	0
                                114 		.section	.debug_info,,n
                                115 	.L5810:
  000000b7 05  02               116 		.sleb128	2
  000000b8 05  0000 00d1        117 		.4byte		.L5806-.L2
  000000bc 05  6d61 696e        118 		.byte		"main"
  000000c0 05  00               119 		.byte		0
  000000c1 05  0000 0001        120 		.4byte		.L5809
  000000c5 05  07               121 		.uleb128	7
  000000c6 05  01               122 		.byte		0x1
  000000c7 05  01               123 		.byte		0x1
  000000c8 05  0000 0000        124 		.4byte		.L5807
  000000cc 05  0000 0000        125 		.4byte		.L5808
                                126 		.section	.text_vle,,c
  0000001d 03  004c 0343 3a5c   127 		.d2file		"C:\\Users\\murv\\Desktop\\unit2\\TASK2\\subtask3\\Template\\src\\ma
  00000023 03  5c55 7365 7273       	in.c"
  00000029 03  5c5c 6d75 7276       	
  0000002f 03  5c5c 4465 736b       	
  00000035 03  746f 705c 5c75       	
  0000003b 03  6e69                 	
  0000006d 03  0005 0200 0000   128 	        .d2line         8
  00000073 03  0003 070e            	
                                129 	.L5807:
  00000000 00  1821 06f0        130 		e_stwu		r1,-16(r1)
  00000024 02  410e 10          131 		.d2_cfa_def_cfa_offset	16
  00000004 00  0080             132 		se_mflr		r0,lr
                                133 	#$$br
  00000006 00  d3f1             134 		se_stw		r31,12(r1)
  00000027 02  419f 01          135 		.d2_cfa_offset	31,1
                                136 	#$$er
  00000008 00  d501             137 		se_stw		r0,20(r1)
  0000002a 02  116c 7f          138 		.d2_cfa_offset    108,-1
                                139 	#$$ee
  00000077 03  0205 0a          140 		.d2prologue_end
  0000007a 03  10               141 	        .d2line         10
                                142 	#$$fn 0x1ff8 0 0 0x1
                                143 	#$$tl 0x0 0x0 0x0
                                144 	#$$rs 0 s
  0000000a 00  7800 0001        145 		bl		Init
  0000007b 03  18               146 	        .d2line         12
  0000000e 00  4803             147 		se_li		r3,0
  00000010 00  7080 00c8        148 		e_li		r4,200
                                149 	#$$fn 0x1ff8 0 0 0x1
                                150 	#$$tl 0x18 0x0 0x0
                                151 	#$$rs 0 s
  00000014 00  7800 0001        152 		bl		PIT_ConfigureTimer
  0000007c 03  0303 22          153 	        .d2line         15
  00000018 00  4803             154 		se_li		r3,0
                                155 	#$$fn 0x1ff8 0 0 0x1
                                156 	#$$tl 0x8 0x0 0x0
                                157 	#$$rs 0 s
  0000001a 00  7800 0001        158 		bl		PIT_StartTimer
  0000001e 00  73f8 e3f9        159 		e_lis		r31,50169
  0000007f 03  24               160 	        .d2line         17
  00000022 00  4807             161 		se_li		r7,0
  00000024 00  34ff 0609        162 		e_stb		r7,1545(r31)
                                163 	#$$vo
                                164 	.L5781:
  00000080 03  030f 1a          165 	        .d2line         32
  00000028 00  e800             166 		b		.L5781
  00000083 03  14               167 	        .d2line         34
                                168 	#$$be
  00000084 03  0200 0b01        169 		.d2epilogue_begin
                                170 	#$$br
  0000002a 00  c3f1             171 		se_lwz		r31,12(r1)
                                172 	#$$er
  0000002c 00  c501             173 		se_lwz		r0,20(r1)
  0000002e 00  0090             174 		se_mtlr		r0
  00000030 00  20f1             175 		se_addi		r1,16
                                176 	#$$tl 0x0 0x0 0x0
  00000032 00  0004             177 		se_blr
                                178 	#$$ef
                                179 		.d2_cfa_end 2
                                180 		.section	.debug_info,,n
  000000d0 05  00               181 		.sleb128	0
                                182 	.L5806:
                                183 		.section	.text_vle,,c
                                184 	.L5808:
                                185 		.type		main,@function
                                186 		.size		main,.-main
                                187 	# Number of nodes = 17
                                188 	
                                189 	# Allocations for main
                                190 	#	r31		$$1
                                191 	
                                192 	#$$bf
                                193 		.align		2
                                194 		.globl		PITCHANNEL0
  00000030 02  0000 0028 0000   195 		.d2_cfa_start __local_cie
  00000036 02  0000 0000 0000       	
  0000003c 02  0000 00da            	
                                196 	PITCHANNEL0:
                                197 		.section	.debug_abbrev,,n
  0000002a 04  03               198 		.uleb128	3
  0000002b 04  2e               199 		.uleb128	46
  0000002c 04  01               200 		.byte		0x1
  0000002d 04  01               201 		.uleb128	1
  0000002e 04  13               202 		.uleb128	19
  0000002f 04  03               203 		.uleb128	3
  00000030 04  08               204 		.uleb128	8
  00000031 04  3a               205 		.uleb128	58
  00000032 04  06               206 		.uleb128	6
  00000033 04  3b               207 		.uleb128	59
  00000034 04  0f               208 		.uleb128	15
  00000035 04  3f               209 		.uleb128	63
  00000036 04  0c               210 		.uleb128	12
  00000037 04  11               211 		.uleb128	17
  00000038 04  01               212 		.uleb128	1
  00000039 04  12               213 		.uleb128	18
  0000003a 04  01               214 		.uleb128	1
  0000003b 04  00               215 		.uleb128	0
  0000003c 04  00               216 		.uleb128	0
                                217 		.section	.debug_info,,n
                                218 	.L5815:
  000000d1 05  03               219 		.sleb128	3
  000000d2 05  0000 00f1        220 		.4byte		.L5812-.L2
  000000d6 05  5049 5443 4841   221 		.byte		"PITCHANNEL0"
  000000dc 05  4e4e 454c 30         	
  000000e1 05  00               222 		.byte		0
  000000e2 05  0000 0001        223 		.4byte		.L5809
  000000e6 05  2e               224 		.uleb128	46
  000000e7 05  01               225 		.byte		0x1
  000000e8 05  0000 0000        226 		.4byte		.L5813
  000000ec 05  0000 0000        227 		.4byte		.L5814
                                228 		.section	.text_vle,,c
  00000088 03  030c 22          229 	        .d2line         46
                                230 	.L5813:
  00000034 00  1821 06d0        231 		e_stwu		r1,-48(r1)
  00000040 02  410e 30          232 		.d2_cfa_def_cfa_offset	48
  00000038 00  0080             233 		se_mflr		r0,lr
                                234 	#$$br
  0000003a 00  1ac1 0908        235 		e_stmw		r22,8(r1)
  00000043 02  4196 0a97 0998   236 		.d2_cfa_offset_list	22,31,10,-1
  00000049 02  0899 079a 069b       	
  0000004f 02  059c 049d 039e       	
  00000055 02  029f 01              	
                                237 	#$$er
  0000003e 00  dd01             238 		se_stw		r0,52(r1)
  00000058 02  116c 7f          239 		.d2_cfa_offset    108,-1
                                240 	#$$ee
  0000008b 03  0206 0a          241 		.d2prologue_end
  00000040 00  73e0 6000        242 		e_li		r31,-262144
  0000008e 03  18               243 	        .d2line         48
  00000044 00  50c0 0000        244 		e_lwz		r6,speed@sdarx(r0)
  00000048 00  34df 0108        245 		e_stb		r6,264(r31)
                                246 	#$$vo
  0000004c 00  73c0 6000        247 		e_li		r30,-262144
  0000008f 03  27               248 	        .d2line         49
  00000050 00  50c0 0000        249 		e_lwz		r6,speed@sdarx(r0)
  00000054 00  6a86             250 		se_srawi		r6,8
  00000056 00  34de 0109        251 		e_stb		r6,265(r30)
                                252 	#$$vo
  0000005a 00  73a0 6000        253 		e_li		r29,-262144
  00000090 03  2b               254 	        .d2line         50
  0000005e 00  1afd 8101        255 		e_addi		r23,r29,256
  00000062 00  50f7 0000        256 		e_lwz		r7,0(r23)
                                257 	#$$vo
  00000066 00  74e7 0207        258 		e_rlwinm		r7,r7,0,8,3
  0000006a 00  18e7 d30c        259 		e_ori		r7,r7,201326592
  0000006e 00  54f7 0000        260 		e_stw		r7,0(r23)
                                261 	#$$vo
  00000072 00  7398 e3f9        262 		e_lis		r28,50169
  00000091 03  0303 3e          263 	        .d2line         53
  00000076 00  7378 e3f9        264 		e_lis		r27,50169
  0000007a 00  30db 0609        265 		e_lbz		r6,1545(r27)
                                266 	#$$vo
  0000007e 00  7cc6 30f8        267 		nor		r6,r6,r6
  00000082 00  34dc 0609        268 		e_stb		r6,1545(r28)
                                269 	#$$vo
  00000094 03  2f               270 	        .d2line         54
  00000086 00  50e0 0000        271 		e_lwz		r7,speed@sdarx(r0)
  0000008a 00  7007 992c        272 		cmpi		0,0,r7,300
  0000008e 00  e208             273 		bc		0,2,.L5783	# ne
  00000090 00  50e0 0000        274 		e_lwz		r7,up@sdarx(r0)
  00000094 00  2a17             275 		se_cmpi		r7,1
  00000096 00  e204             276 		bc		0,2,.L5783	# ne
  00000095 03  33               277 	        .d2line         55
  00000098 00  4807             278 		se_li		r7,0
  0000009a 00  54e0 0000        279 		e_stw		r7,up@sdarx(r0)
                                280 	.L5783:
  00000096 03  0303 1a          281 	        .d2line         58
  0000009e 00  50e0 0000        282 		e_lwz		r7,speed@sdarx(r0)
  000000a2 00  2a07             283 		se_cmpi		r7,0
  000000a4 00  e208             284 		bc		0,2,.L5784	# ne
  000000a6 00  50e0 0000        285 		e_lwz		r7,up@sdarx(r0)
  000000aa 00  2a07             286 		se_cmpi		r7,0
  000000ac 00  e204             287 		bc		0,2,.L5784	# ne
  00000099 03  2f               288 	        .d2line         59
  000000ae 00  4817             289 		se_li		r7,1
  000000b0 00  54e0 0000        290 		e_stw		r7,up@sdarx(r0)
                                291 	.L5784:
  0000009a 03  0303 1a          292 	        .d2line         62
  000000b4 00  50e0 0000        293 		e_lwz		r7,up@sdarx(r0)
  000000b8 00  2a17             294 		se_cmpi		r7,1
  000000ba 00  e213             295 		bc		0,2,.L5785	# ne
  000000bc 00  7358 e3f9        296 		e_lis		r26,50169
  0000009d 03  27               297 	        .d2line         63
  000000c0 00  7338 e3f9        298 		e_lis		r25,50169
  000000c4 00  30f9 060b        299 		e_lbz		r7,1547(r25)
                                300 	#$$vo
  000000c8 00  7ce7 38f8        301 		nor		r7,r7,r7
  000000cc 00  34fa 060b        302 		e_stb		r7,1547(r26)
                                303 	#$$vo
  0000009e 03  2f               304 	        .d2line         64
  000000d0 00  50c0 0000        305 		e_lwz		r6,speed@sdarx(r0)
  000000d4 00  50e0 0000        306 		e_lwz		r7,deltaSpeed@sdarx(r0)
  000000d8 00  0476             307 		se_add		r6,r7
  000000da 00  54c0 0000        308 		e_stw		r6,speed@sdarx(r0)
  000000de 00  e808             309 		b		.L5786
                                310 	.L5785:
  0000009f 03  0303 2e          311 	        .d2line         67
  000000e0 00  50e0 0000        312 		e_lwz		r7,speed@sdarx(r0)
  000000e4 00  50c0 0000        313 		e_lwz		r6,deltaSpeed@sdarx(r0)
  000000e8 00  0776             314 		se_subf		r6,r7
  000000ea 00  54c0 0000        315 		e_stw		r6,speed@sdarx(r0)
                                316 	.L5786:
  000000ee 00  7318 e3ff        317 		e_lis		r24,50175
  000000a2 03  0305 32          318 	        .d2line         72
  000000f2 00  1ed8 010c        319 		e_add16i	r22,r24,268
  000000f6 00  50f6 0000        320 		e_lwz		r7,0(r22)
                                321 	#$$vo
  000000fa 00  65f7             322 		se_bseti		r7,31
  000000fc 00  54f6 0000        323 		e_stw		r7,0(r22)
                                324 	#$$vo
  000000a5 03  2b               325 	        .d2line         73
                                326 	#$$be
  000000a6 03  0200 0b01        327 		.d2epilogue_begin
                                328 	#$$br
  00000100 00  1ac1 0808        329 		e_lmw		r22,8(r1)
                                330 	#$$er
  00000104 00  cd01             331 		se_lwz		r0,52(r1)
  00000106 00  0090             332 		se_mtlr		r0
  00000108 00  1821 8030        333 		e_addi		r1,r1,48
                                334 	#$$tl 0x0 0x0 0x0
  0000010c 00  0004             335 		se_blr
                                336 	#$$ef
                                337 		.d2_cfa_end 2
                                338 		.section	.debug_info,,n
  000000f0 05  00               339 		.sleb128	0
                                340 	.L5812:
                                341 		.section	.text_vle,,c
                                342 	.L5814:
                                343 		.type		PITCHANNEL0,@function
                                344 		.size		PITCHANNEL0,.-PITCHANNEL0
                                345 	# Number of nodes = 66
                                346 	
                                347 	# Allocations for PITCHANNEL0
                                348 	#	r31		$$2
                                349 	#	r30		$$3
                                350 	#	r29		$$4
                                351 	#	r28		$$5
                                352 	#	r27		$$6
                                353 	#	r26		$$7
                                354 	#	r25		$$8
                                355 	#	r24		$$9
                                356 	#	r23		$$10
                                357 	#	r22		$$11
                                358 	
                                359 	#$$bf
                                360 		.align		2
                                361 		.globl		PITCHANNEL1
  0000005c 02  0000 0018 0000   362 		.d2_cfa_start __local_cie
  00000062 02  0000 0000 0000       	
  00000068 02  0000 0026            	
                                363 	PITCHANNEL1:
                                364 		.section	.debug_info,,n
                                365 	.L5820:
  000000f1 05  03               366 		.sleb128	3
  000000f2 05  0000 0111        367 		.4byte		.L5817-.L2
  000000f6 05  5049 5443 4841   368 		.byte		"PITCHANNEL1"
  000000fc 05  4e4e 454c 31         	
  00000101 05  00               369 		.byte		0
  00000102 05  0000 0001        370 		.4byte		.L5809
  00000106 05  4b               371 		.uleb128	75
  00000107 05  01               372 		.byte		0x1
  00000108 05  0000 0000        373 		.4byte		.L5818
  0000010c 05  0000 0000        374 		.4byte		.L5819
                                375 		.section	.text_vle,,c
  000000aa 03  30               376 	        .d2line         75
                                377 	.L5818:
  00000110 00  1821 06f0        378 		e_stwu		r1,-16(r1)
  0000006c 02  410e 10          379 		.d2_cfa_def_cfa_offset	16
  00000114 00  0080             380 		se_mflr		r0,lr
                                381 	#$$br
  00000116 00  1bc1 0908        382 		e_stmw		r30,8(r1)
  0000006f 02  419e 029f 01     383 		.d2_cfa_offset_list	30,31,2,-1
                                384 	#$$er
  0000011a 00  d501             385 		se_stw		r0,20(r1)
  00000074 02  116c 7f          386 		.d2_cfa_offset    108,-1
                                387 	#$$ee
  000000ab 03  0206 0a          388 		.d2prologue_end
  0000011c 00  73f8 e3ff        389 		e_lis		r31,50175
  000000ae 03  18               390 	        .d2line         77
  00000120 00  1fdf 011c        391 		e_add16i	r30,r31,284
  00000124 00  c07e             392 		se_lwz		r7,0(r30)
                                393 	#$$vo
  00000126 00  65f7             394 		se_bseti		r7,31
  00000128 00  d07e             395 		se_stw		r7,0(r30)
                                396 	#$$vo
  000000af 03  23               397 	        .d2line         78
                                398 	#$$be
  000000b0 03  0200 0b01        399 		.d2epilogue_begin
                                400 	#$$br
  0000012a 00  1bc1 0808        401 		e_lmw		r30,8(r1)
                                402 	#$$er
  0000012e 00  c501             403 		se_lwz		r0,20(r1)
  00000130 00  0090             404 		se_mtlr		r0
  00000132 00  20f1             405 		se_addi		r1,16
                                406 	#$$tl 0x0 0x0 0x0
  00000134 00  0004             407 		se_blr
                                408 	#$$ef
                                409 		.d2_cfa_end 2
                                410 		.section	.debug_info,,n
  00000110 05  00               411 		.sleb128	0
                                412 	.L5817:
                                413 		.section	.text_vle,,c
                                414 	.L5819:
                                415 		.type		PITCHANNEL1,@function
                                416 		.size		PITCHANNEL1,.-PITCHANNEL1
                                417 	# Number of nodes = 5
                                418 	
                                419 	# Allocations for PITCHANNEL1
                                420 	#	r31		$$12
                                421 	#	r30		$$13
                                422 		.section	.abs.00000040,,c
                                423 	
                                424 	#$$bf
                                425 		.align		2
                                426 		.globl		Ext_Isr
  00000078 02  0000 0058 0000   427 		.d2_cfa_start __local_cie
  0000007e 02  0000 0000 0000       	
  00000084 02  0000 032c            	
                                428 	Ext_Isr:
                                429 		.section	.debug_line.abs.00000040,,n
                                430 		.sectionlink	.debug_line
                                431 	.L5829:
                                432 		.section	.abs.00000040,,c
                                433 	.L5825:
  00000000 07                   434 		.0byte		.L5823
  00000000 09  0000 00ad 0002   435 		.d2_line_start	.debug_line.abs.00000040
  00000006 09  0000 0013 0201       	
  0000000c 09  ff04 0d00 0101       	
  00000012 09  0101 0000 0001       	
  00000018 09  0000 0100 00         	
                                436 		.section	.debug_info.abs.00000040,,n
                                437 		.sectionlink	.debug_info
                                438 	.L5823:
  00000000 0a  0000 00d0        439 		.4byte		.L5824-.L5822
                                440 	.L5822:
  00000004 0a  0002             441 		.2byte		0x2
  00000006 0a  0000 0000        442 		.4byte		.L9
  0000000a 0a  04               443 		.byte		0x4
  0000000b 0a  01               444 		.sleb128	1
  0000000c 0a  0000 00d3        445 		.4byte		.L5828-.L5823
  00000010 0a  433a 5c55 7365   446 		.byte		"C:\\Users\\murv\\Desktop\\unit2\\TASK2\\subtask3\\Template\\src\\ma
  00000016 0a  7273 5c6d 7572       	in.c"
  0000001c 0a  765c 4465 736b       	
  00000022 0a  746f 705c 756e       	
  00000028 0a  6974 325c 5441       	
  0000002e 0a  534b                 	
  0000004e 0a  00               447 		.byte		0
  0000004f 0a  4469 6162 2044   448 		.byte		"Diab Data, Inc:dcc Rel 5.7.0.0:PPC5534"
  00000055 0a  6174 612c 2049       	
  0000005b 0a  6e63 3a64 6363       	
  00000061 0a  2052 656c 2035       	
  00000067 0a  2e37 2e30 2e30       	
  0000006d 0a  3a50                 	
  00000075 0a  00               449 		.byte		0
  00000076 0a  433a 5c55 7365   450 		.byte		"C:\\Users\\murv\\Desktop\\unit2\\TASK2\\subtask3\\Template"
  0000007c 0a  7273 5c6d 7572       	
  00000082 0a  765c 4465 736b       	
  00000088 0a  746f 705c 756e       	
  0000008e 0a  6974 325c 5441       	
  00000094 0a  534b                 	
  000000a9 0a  00               451 		.byte		0
  000000aa 0a  01               452 		.uleb128	1
  000000ab 0a  0000 0000        453 		.4byte		.L5825
  000000af 0a  0000 0000        454 		.4byte		.L5826
  000000b3 0a  0000 0000        455 		.4byte		.L5829
                                456 	.L5835:
  000000b7 0a  03               457 		.sleb128	3
  000000b8 0a  0000 00d3        458 		.4byte		.L5831-.L5823
  000000bc 0a  4578 745f 4973   459 		.byte		"Ext_Isr"
  000000c2 0a  72                   	
  000000c3 0a  00               460 		.byte		0
  000000c4 0a  0000 0001        461 		.4byte		.L5834
  000000c8 0a  5e               462 		.uleb128	94
  000000c9 0a  01               463 		.byte		0x1
  000000ca 0a  0000 0000        464 		.4byte		.L5832
  000000ce 0a  0000 0000        465 		.4byte		.L5833
                                466 		.section	.abs.00000040,,c
  0000001d 09  004c 0343 3a5c   467 		.d2file		"C:\\Users\\murv\\Desktop\\unit2\\TASK2\\subtask3\\Template\\src\\ma
  00000023 09  5c55 7365 7273       	in.c"
  00000029 09  5c5c 6d75 7276       	
  0000002f 09  5c5c 4465 736b       	
  00000035 09  746f 705c 5c75       	
  0000003b 09  6e69                 	
  0000006d 09  0005 0200 0000   468 	        .d2line         94
  00000073 09  0003 dd00 0e         	
                                469 	.L5832:
  00000000 07  701f 7f10        470 		e_li		r0,-240
  00000004 07  7c21 016e        471 		stwux		r1,r1,r0
  00000088 02  420e f001        472 		.d2_cfa_def_cfa_offset	240
  00000008 07  d201             473 		se_stw		r0,8(r1)
  0000000a 07  00a0             474 		se_mfctr		r0,ctr
  0000000c 07  d301             475 		se_stw		r0,12(r1)
  0000000e 07  7c01 02a6        476 		mfspr		r0,xer
  00000012 07  d401             477 		se_stw		r0,16(r1)
  00000014 07  7c00 0026        478 		mfcr		r0
  00000018 07  d501             479 		se_stw		r0,20(r1)
  0000001a 07  0080             480 		se_mflr		r0,lr
  0000001c 07  d601             481 		se_stw		r0,24(r1)
                                482 	#$$br
  0000001e 07  5461 0094        483 		e_stw		r3,148(r1)
  0000008c 02  4683 17          484 		.d2_cfa_offset	3,23
  00000022 07  54c1 0098        485 		e_stw		r6,152(r1)
  0000008f 02  4186 16          486 		.d2_cfa_offset	6,22
  00000026 07  54e1 009c        487 		e_stw		r7,156(r1)
  00000092 02  4187 15          488 		.d2_cfa_offset	7,21
  0000002a 07  5561 00a0        489 		e_stw		r11,160(r1)
  00000095 02  418b 14          490 		.d2_cfa_offset	11,20
  0000002e 07  5581 00a4        491 		e_stw		r12,164(r1)
  00000098 02  418c 13          492 		.d2_cfa_offset	12,19
  00000032 07  55c1 00a8        493 		e_stw		r14,168(r1)
  0000009b 02  418e 12          494 		.d2_cfa_offset	14,18
  00000036 07  55e1 00ac        495 		e_stw		r15,172(r1)
  0000009e 02  418f 11          496 		.d2_cfa_offset	15,17
  0000003a 07  5601 00b0        497 		e_stw		r16,176(r1)
  000000a1 02  4190 10          498 		.d2_cfa_offset	16,16
  0000003e 07  5621 00b4        499 		e_stw		r17,180(r1)
  000000a4 02  4191 0f          500 		.d2_cfa_offset	17,15
  00000042 07  5641 00b8        501 		e_stw		r18,184(r1)
  000000a7 02  4192 0e          502 		.d2_cfa_offset	18,14
  00000046 07  5661 00bc        503 		e_stw		r19,188(r1)
  000000aa 02  4193 0d          504 		.d2_cfa_offset	19,13
  0000004a 07  5681 00c0        505 		e_stw		r20,192(r1)
  000000ad 02  4194 0c          506 		.d2_cfa_offset	20,12
  0000004e 07  56a1 00c4        507 		e_stw		r21,196(r1)
  000000b0 02  4195 0b          508 		.d2_cfa_offset	21,11
  00000052 07  56c1 00c8        509 		e_stw		r22,200(r1)
  000000b3 02  4196 0a          510 		.d2_cfa_offset	22,10
  00000056 07  56e1 00cc        511 		e_stw		r23,204(r1)
  000000b6 02  4197 09          512 		.d2_cfa_offset	23,9
  0000005a 07  5701 00d0        513 		e_stw		r24,208(r1)
  000000b9 02  4198 08          514 		.d2_cfa_offset	24,8
  0000005e 07  5721 00d4        515 		e_stw		r25,212(r1)
  000000bc 02  4199 07          516 		.d2_cfa_offset	25,7
  00000062 07  5741 00d8        517 		e_stw		r26,216(r1)
  000000bf 02  419a 06          518 		.d2_cfa_offset	26,6
  00000066 07  5761 00dc        519 		e_stw		r27,220(r1)
  000000c2 02  419b 05          520 		.d2_cfa_offset	27,5
  0000006a 07  5781 00e0        521 		e_stw		r28,224(r1)
  000000c5 02  419c 04          522 		.d2_cfa_offset	28,4
  0000006e 07  57a1 00e4        523 		e_stw		r29,228(r1)
  000000c8 02  419d 03          524 		.d2_cfa_offset	29,3
  00000072 07  57c1 00e8        525 		e_stw		r30,232(r1)
  000000cb 02  419e 02          526 		.d2_cfa_offset	30,2
  00000076 07  57e1 00ec        527 		e_stw		r31,236(r1)
  000000ce 02  419f 01          528 		.d2_cfa_offset	31,1
                                529 	#$$er
                                530 	#$$ee
  00000078 09  023d 0a          531 		.d2prologue_end
  0000007a 07  70ff e7f5        532 		e_lis		r7,65525
  0000007e 07  d771             533 		se_stw		r7,28(r1)
  0000007b 09  1b               534 	        .d2line         95
  00000080 07  c761             535 		se_lwz		r6,28(r1)
  00000082 07  50c6 8010        536 		e_lwz		r6,-32752(r6)
                                537 	#$$vo
  00000086 07  74cb f5ff        538 		e_rlwinm		r11,r6,30,23,31
  0000008a 07  180b a845        539 		cmpi		0,0,r11,69
  0000008e 07  e50d             540 		bc		1,1,.L5836
  00000090 07  e669             541 		bc		1,2,.L5799
  00000092 07  180b a83b        542 		cmpi		0,0,r11,59
  00000096 07  e613             543 		bc		1,2,.L5790
  00000098 07  180b a83c        544 		cmpi		0,0,r11,60
  0000009c 07  e614             545 		bc		1,2,.L5791
  0000009e 07  180b a844        546 		cmpi		0,0,r11,68
  000000a2 07  e615             547 		bc		1,2,.L5797
  000000a4 07  7800 01fe        548 		b		.L5789
                                549 	.L5836:
  000000a8 07  180b a846        550 		cmpi		0,0,r11,70
  000000ac 07  7a12 0110        551 		bc		1,2,.L5800
  000000b0 07  180b a847        552 		cmpi		0,0,r11,71
  000000b4 07  7a12 0186        553 		bc		1,2,.L5801
  000000b8 07  7800 01ea        554 		b		.L5789
                                555 	.L5790:
  0000007c 09  88               556 	        .d2line         97
  0000007d 09  10               557 	        .d2line         99
                                558 	#$$fn 0xc0 0 0 0x0
                                559 	#$$tl 0x0 0x0 0x0
                                560 	#$$rs 0 s
  000000bc 07  7800 0001        561 		bl		PITCHANNEL0
  0000007e 09  17               562 	        .d2line         100
  000000c0 07  7800 01e2        563 		b		.L5789
                                564 	.L5791:
  0000007f 09  17               565 	        .d2line         101
  00000080 09  10               566 	        .d2line         103
                                567 	#$$fn 0x80 0 0 0x0
                                568 	#$$tl 0x0 0x0 0x0
                                569 	#$$rs 0 s
  000000c4 07  7800 0001        570 		bl		PITCHANNEL1
  00000081 09  17               571 	        .d2line         104
  000000c8 07  7800 01da        572 		b		.L5789
                                573 	.L5797:
  00000082 09  030b 16          574 	        .d2line         115
  000000cc 07  70e0 6000        575 		e_li		r7,-262144
  000000d0 07  d871             576 		se_stw		r7,32(r1)
  00000085 09  1c               577 	        .d2line         117
  000000d2 07  c861             578 		se_lwz		r6,32(r1)
  000000d4 07  cc66             579 		se_lwz		r6,48(r6)
                                580 	#$$vo
  000000d6 07  67f6             581 		se_btsti		r6,31
  000000d8 07  e60f             582 		bc		1,2,.L5798	# eq
  000000da 07  70f8 e3f9        583 		e_lis		r7,50169
  000000de 07  d971             584 		se_stw		r7,36(r1)
  00000086 09  2b               585 	        .d2line         118
  000000e0 07  70d8 e3f9        586 		e_lis		r6,50169
  000000e4 07  da61             587 		se_stw		r6,40(r1)
  000000e6 07  c971             588 		se_lwz		r7,36(r1)
  000000e8 07  ca61             589 		se_lwz		r6,40(r1)
  000000ea 07  30c6 063b        590 		e_lbz		r6,1595(r6)
                                591 	#$$vo
  000000ee 07  7cc6 30f8        592 		nor		r6,r6,r6
  000000f2 07  34c7 063b        593 		e_stb		r6,1595(r7)
                                594 	#$$vo
                                595 	.L5798:
  000000f6 07  70f8 e3f9        596 		e_lis		r7,50169
  000000fa 07  db71             597 		se_stw		r7,44(r1)
  00000087 09  48               598 	        .d2line         120
  000000fc 07  70d8 e3f9        599 		e_lis		r6,50169
  00000100 07  dc61             600 		se_stw		r6,48(r1)
  00000102 07  cb71             601 		se_lwz		r7,44(r1)
  00000104 07  cc61             602 		se_lwz		r6,48(r1)
  00000106 07  30c6 063b        603 		e_lbz		r6,1595(r6)
                                604 	#$$vo
  0000010a 07  7cc6 30f8        605 		nor		r6,r6,r6
  0000010e 07  34c7 063b        606 		e_stb		r6,1595(r7)
                                607 	#$$vo
  00000112 07  70e0 6000        608 		e_li		r7,-262144
  00000116 07  dd71             609 		se_stw		r7,52(r1)
  00000088 09  47               610 	        .d2line         121
  00000118 07  cd61             611 		se_lwz		r6,52(r1)
  0000011a 07  1be6 8030        612 		e_addi		r31,r6,48
  0000011e 07  c07f             613 		se_lwz		r7,0(r31)
                                614 	#$$vo
  00000120 07  65f7             615 		se_bseti		r7,31
  00000122 07  d07f             616 		se_stw		r7,0(r31)
                                617 	#$$vo
  00000124 07  70c0 6000        618 		e_li		r6,-262144
  00000128 07  de61             619 		se_stw		r6,56(r1)
  00000089 09  33               620 	        .d2line         122
  0000012a 07  ce71             621 		se_lwz		r7,56(r1)
  0000012c 07  1bc7 8030        622 		e_addi		r30,r7,48
  00000130 07  c06e             623 		se_lwz		r6,0(r30)
                                624 	#$$vo
  00000132 07  65e6             625 		se_bseti		r6,30
  00000134 07  d06e             626 		se_stw		r6,0(r30)
                                627 	#$$vo
  00000136 07  70e0 6000        628 		e_li		r7,-262144
  0000013a 07  df71             629 		se_stw		r7,60(r1)
  0000008a 09  33               630 	        .d2line         123
  0000013c 07  cf61             631 		se_lwz		r6,60(r1)
  0000013e 07  1ba6 8030        632 		e_addi		r29,r6,48
  00000142 07  c07d             633 		se_lwz		r7,0(r29)
                                634 	#$$vo
  00000144 07  65d7             635 		se_bseti		r7,29
  00000146 07  d07d             636 		se_stw		r7,0(r29)
                                637 	#$$vo
  00000148 07  70c0 6000        638 		e_li		r6,-262144
  0000014c 07  54c1 0040        639 		e_stw		r6,64(r1)
  0000008b 09  37               640 	        .d2line         124
  00000150 07  50e1 0040        641 		e_lwz		r7,64(r1)
  00000154 07  1b87 8030        642 		e_addi		r28,r7,48
  00000158 07  c06c             643 		se_lwz		r6,0(r28)
                                644 	#$$vo
  0000015a 07  65c6             645 		se_bseti		r6,28
  0000015c 07  d06c             646 		se_stw		r6,0(r28)
                                647 	#$$vo
  0000008c 09  2c               648 	        .d2line         126
  0000015e 07  7800 0144        649 		b		.L5789
                                650 	.L5799:
  0000008d 09  17               651 	        .d2line         127
  00000162 07  70e0 6000        652 		e_li		r7,-262144
  00000166 07  54e1 0044        653 		e_stw		r7,68(r1)
  0000008e 09  20               654 	        .d2line         129
  0000016a 07  50c1 0044        655 		e_lwz		r6,68(r1)
  0000016e 07  1b66 8030        656 		e_addi		r27,r6,48
  00000172 07  c07b             657 		se_lwz		r7,0(r27)
                                658 	#$$vo
  00000174 07  65b7             659 		se_bseti		r7,27
  00000176 07  d07b             660 		se_stw		r7,0(r27)
                                661 	#$$vo
  00000178 07  70c0 6000        662 		e_li		r6,-262144
  0000017c 07  54c1 0048        663 		e_stw		r6,72(r1)
  0000008f 09  3b               664 	        .d2line         130
  00000180 07  50e1 0048        665 		e_lwz		r7,72(r1)
  00000184 07  1b47 8030        666 		e_addi		r26,r7,48
  00000188 07  c06a             667 		se_lwz		r6,0(r26)
                                668 	#$$vo
  0000018a 07  65a6             669 		se_bseti		r6,26
  0000018c 07  d06a             670 		se_stw		r6,0(r26)
                                671 	#$$vo
  0000018e 07  70e0 6000        672 		e_li		r7,-262144
  00000192 07  54e1 004c        673 		e_stw		r7,76(r1)
  00000090 09  3b               674 	        .d2line         131
  00000196 07  50c1 004c        675 		e_lwz		r6,76(r1)
  0000019a 07  1b26 8030        676 		e_addi		r25,r6,48
  0000019e 07  c079             677 		se_lwz		r7,0(r25)
                                678 	#$$vo
  000001a0 07  6597             679 		se_bseti		r7,25
  000001a2 07  d079             680 		se_stw		r7,0(r25)
                                681 	#$$vo
  000001a4 07  70c0 6000        682 		e_li		r6,-262144
  000001a8 07  54c1 0050        683 		e_stw		r6,80(r1)
  00000091 09  3b               684 	        .d2line         132
  000001ac 07  50e1 0050        685 		e_lwz		r7,80(r1)
  000001b0 07  1b07 8030        686 		e_addi		r24,r7,48
  000001b4 07  c068             687 		se_lwz		r6,0(r24)
                                688 	#$$vo
  000001b6 07  6586             689 		se_bseti		r6,24
  000001b8 07  d068             690 		se_stw		r6,0(r24)
                                691 	#$$vo
  00000092 09  2b               692 	        .d2line         133
  000001ba 07  e874             693 		b		.L5789
                                694 	.L5800:
  00000093 09  13               695 	        .d2line         134
  000001bc 07  70f8 e3f9        696 		e_lis		r7,50169
  000001c0 07  54e1 0054        697 		e_stw		r7,84(r1)
  00000094 09  20               698 	        .d2line         136
  000001c4 07  70d8 e3f9        699 		e_lis		r6,50169
  000001c8 07  54c1 0058        700 		e_stw		r6,88(r1)
  000001cc 07  50e1 0054        701 		e_lwz		r7,84(r1)
  000001d0 07  50c1 0058        702 		e_lwz		r6,88(r1)
  000001d4 07  30c6 063b        703 		e_lbz		r6,1595(r6)
                                704 	#$$vo
  000001d8 07  7cc6 30f8        705 		nor		r6,r6,r6
  000001dc 07  34c7 063b        706 		e_stb		r6,1595(r7)
                                707 	#$$vo
  000001e0 07  71e0 6000        708 		e_li		r15,-262144
  00000095 09  4f               709 	        .d2line         137
  000001e4 07  1aef 8030        710 		e_addi		r23,r15,48
  000001e8 07  50f7 0000        711 		e_lwz		r7,0(r23)
                                712 	#$$vo
  000001ec 07  6577             713 		se_bseti		r7,23
  000001ee 07  54f7 0000        714 		e_stw		r7,0(r23)
                                715 	#$$vo
  000001f2 07  71c0 6000        716 		e_li		r14,-262144
  00000096 09  33               717 	        .d2line         138
  000001f6 07  1ace 8030        718 		e_addi		r22,r14,48
  000001fa 07  50d6 0000        719 		e_lwz		r6,0(r22)
                                720 	#$$vo
  000001fe 07  6566             721 		se_bseti		r6,22
  00000200 07  54d6 0000        722 		e_stw		r6,0(r22)
                                723 	#$$vo
  00000204 07  70e0 6000        724 		e_li		r7,-262144
  00000208 07  54e1 005c        725 		e_stw		r7,92(r1)
  00000097 09  3b               726 	        .d2line         139
  0000020c 07  50c1 005c        727 		e_lwz		r6,92(r1)
  00000210 07  1aa6 8030        728 		e_addi		r21,r6,48
  00000214 07  50f5 0000        729 		e_lwz		r7,0(r21)
                                730 	#$$vo
  00000218 07  6557             731 		se_bseti		r7,21
  0000021a 07  54f5 0000        732 		e_stw		r7,0(r21)
                                733 	#$$vo
  0000021e 07  70c0 6000        734 		e_li		r6,-262144
  00000222 07  54c1 0060        735 		e_stw		r6,96(r1)
  00000098 09  43               736 	        .d2line         140
  00000226 07  50e1 0060        737 		e_lwz		r7,96(r1)
  0000022a 07  1a87 8030        738 		e_addi		r20,r7,48
  0000022e 07  50d4 0000        739 		e_lwz		r6,0(r20)
                                740 	#$$vo
  00000232 07  6546             741 		se_bseti		r6,20
  00000234 07  54d4 0000        742 		e_stw		r6,0(r20)
                                743 	#$$vo
  00000099 09  33               744 	        .d2line         141
  00000238 07  e835             745 		b		.L5789
                                746 	.L5801:
  0000009a 09  13               747 	        .d2line         142
  0000023a 07  70e0 6000        748 		e_li		r7,-262144
  0000023e 07  54e1 0064        749 		e_stw		r7,100(r1)
  0000009b 09  20               750 	        .d2line         144
  00000242 07  50c1 0064        751 		e_lwz		r6,100(r1)
  00000246 07  1a66 8030        752 		e_addi		r19,r6,48
  0000024a 07  50f3 0000        753 		e_lwz		r7,0(r19)
                                754 	#$$vo
  0000024e 07  6537             755 		se_bseti		r7,19
  00000250 07  54f3 0000        756 		e_stw		r7,0(r19)
                                757 	#$$vo
  00000254 07  70c0 6000        758 		e_li		r6,-262144
  00000258 07  54c1 0068        759 		e_stw		r6,104(r1)
  0000009c 09  43               760 	        .d2line         145
  0000025c 07  50e1 0068        761 		e_lwz		r7,104(r1)
  00000260 07  1a47 8030        762 		e_addi		r18,r7,48
  00000264 07  50d2 0000        763 		e_lwz		r6,0(r18)
                                764 	#$$vo
  00000268 07  6526             765 		se_bseti		r6,18
  0000026a 07  54d2 0000        766 		e_stw		r6,0(r18)
                                767 	#$$vo
  0000026e 07  70e0 6000        768 		e_li		r7,-262144
  00000272 07  54e1 006c        769 		e_stw		r7,108(r1)
  0000009d 09  43               770 	        .d2line         146
  00000276 07  50c1 006c        771 		e_lwz		r6,108(r1)
  0000027a 07  1a26 8030        772 		e_addi		r17,r6,48
  0000027e 07  50f1 0000        773 		e_lwz		r7,0(r17)
                                774 	#$$vo
  00000282 07  6517             775 		se_bseti		r7,17
  00000284 07  54f1 0000        776 		e_stw		r7,0(r17)
                                777 	#$$vo
  00000288 07  70c0 6000        778 		e_li		r6,-262144
  0000028c 07  54c1 0070        779 		e_stw		r6,112(r1)
  0000009e 09  43               780 	        .d2line         147
  00000290 07  50e1 0070        781 		e_lwz		r7,112(r1)
  00000294 07  1a07 8030        782 		e_addi		r16,r7,48
  00000298 07  50d0 0000        783 		e_lwz		r6,0(r16)
                                784 	#$$vo
  0000029c 07  6506             785 		se_bseti		r6,16
  0000029e 07  54d0 0000        786 		e_stw		r6,0(r16)
                                787 	#$$vo
                                788 	.L5789:
  000002a2 07  70ff e7f5        789 		e_lis		r7,65525
  000002a6 07  54e1 0074        790 		e_stw		r7,116(r1)
  0000009f 09  030a 42          791 	        .d2line         157
  000002aa 07  50c1 0074        792 		e_lwz		r6,116(r1)
  000002ae 07  4807             793 		se_li		r7,0
  000002b0 07  54e6 8018        794 		e_stw		r7,-32744(r6)
                                795 	#$$vo
  000000a2 09  23               796 	        .d2line         158
                                797 	#$$be
  000000a3 09  0200 0b01        798 		.d2epilogue_begin
                                799 	#$$br
  000002b4 07  5061 0094        800 		e_lwz		r3,148(r1)
  000002b8 07  50c1 0098        801 		e_lwz		r6,152(r1)
  000002bc 07  50e1 009c        802 		e_lwz		r7,156(r1)
  000002c0 07  5161 00a0        803 		e_lwz		r11,160(r1)
  000002c4 07  5181 00a4        804 		e_lwz		r12,164(r1)
  000002c8 07  51c1 00a8        805 		e_lwz		r14,168(r1)
  000002cc 07  51e1 00ac        806 		e_lwz		r15,172(r1)
  000002d0 07  5201 00b0        807 		e_lwz		r16,176(r1)
  000002d4 07  5221 00b4        808 		e_lwz		r17,180(r1)
  000002d8 07  5241 00b8        809 		e_lwz		r18,184(r1)
  000002dc 07  5261 00bc        810 		e_lwz		r19,188(r1)
  000002e0 07  5281 00c0        811 		e_lwz		r20,192(r1)
  000002e4 07  52a1 00c4        812 		e_lwz		r21,196(r1)
  000002e8 07  52c1 00c8        813 		e_lwz		r22,200(r1)
  000002ec 07  52e1 00cc        814 		e_lwz		r23,204(r1)
  000002f0 07  5301 00d0        815 		e_lwz		r24,208(r1)
  000002f4 07  5321 00d4        816 		e_lwz		r25,212(r1)
  000002f8 07  5341 00d8        817 		e_lwz		r26,216(r1)
  000002fc 07  5361 00dc        818 		e_lwz		r27,220(r1)
  00000300 07  5381 00e0        819 		e_lwz		r28,224(r1)
  00000304 07  53a1 00e4        820 		e_lwz		r29,228(r1)
  00000308 07  53c1 00e8        821 		e_lwz		r30,232(r1)
  0000030c 07  53e1 00ec        822 		e_lwz		r31,236(r1)
                                823 	#$$er
  00000310 07  c601             824 		se_lwz		r0,24(r1)
  00000312 07  0090             825 		se_mtlr		r0
  00000314 07  c501             826 		se_lwz		r0,20(r1)
  00000316 07  7c0f f120        827 		mtcrf		0xff,r0
  0000031a 07  c401             828 		se_lwz		r0,16(r1)
  0000031c 07  7c01 03a6        829 		mtspr		xer,r0
  00000320 07  c301             830 		se_lwz		r0,12(r1)
  00000322 07  00b0             831 		se_mtctr		r0
  00000324 07  c201             832 		se_lwz		r0,8(r1)
  00000326 07  1821 80f0        833 		e_addi		r1,r1,240
                                834 	#$$tl 0x0 0x0 0x0
  0000032a 07  0008             835 		se_rfi
                                836 	#$$ef
                                837 		.d2_cfa_end 2
                                838 		.section	.debug_info.abs.00000040,,n
                                839 		.sectionlink	.debug_info
  000000d2 0a  00               840 		.sleb128	0
                                841 	.L5831:
                                842 		.section	.abs.00000040,,c
                                843 	.L5833:
                                844 		.type		Ext_Isr,@function
                                845 		.size		Ext_Isr,.-Ext_Isr
                                846 	# Number of nodes = 129
                                847 	
                                848 	# Allocations for Ext_Isr
                                849 	#	SP,28		$$14
                                850 	#	SP,32		$$15
                                851 	#	SP,36		$$16
                                852 	#	SP,40		$$17
                                853 	#	SP,44		$$18
                                854 	#	SP,48		$$19
                                855 	#	SP,52		$$20
                                856 	#	SP,56		$$21
                                857 	#	SP,60		$$22
                                858 	#	SP,64		$$23
                                859 	#	SP,68		$$24
                                860 	#	SP,72		$$25
                                861 	#	SP,76		$$26
                                862 	#	SP,80		$$27
                                863 	#	SP,84		$$28
                                864 	#	SP,88		$$29
                                865 	#	r15		$$30
                                866 	#	r14		$$31
                                867 	#	SP,92		$$32
                                868 	#	SP,96		$$33
                                869 	#	SP,100		$$34
                                870 	#	SP,104		$$35
                                871 	#	SP,108		$$36
                                872 	#	SP,112		$$37
                                873 	#	SP,116		$$38
                                874 	#	r31		$$39
                                875 	#	r30		$$40
                                876 	#	r29		$$41
                                877 	#	r28		$$42
                                878 	#	r27		$$43
                                879 	#	r26		$$44
                                880 	#	r25		$$45
                                881 	#	r24		$$46
                                882 	#	r23		$$47
                                883 	#	r22		$$48
                                884 	#	r21		$$49
                                885 	#	r20		$$50
                                886 	#	r19		$$51
                                887 	#	r18		$$52
                                888 	#	r17		$$53
                                889 	#	r16		$$54
                                890 	
                                891 	# Allocations for module
                                892 		.section	.debug_abbrev,,n
  0000003d 04  04               893 		.uleb128	4
  0000003e 04  34               894 		.uleb128	52
  0000003f 04  00               895 		.byte		0x0
  00000040 04  3f               896 		.uleb128	63
  00000041 04  0c               897 		.uleb128	12
  00000042 04  3a               898 		.uleb128	58
  00000043 04  06               899 		.uleb128	6
  00000044 04  3b               900 		.uleb128	59
  00000045 04  0f               901 		.uleb128	15
  00000046 04  03               902 		.uleb128	3
  00000047 04  08               903 		.uleb128	8
  00000048 04  49               904 		.uleb128	73
  00000049 04  10               905 		.uleb128	16
  0000004a 04  02               906 		.uleb128	2
  0000004b 04  09               907 		.uleb128	9
  0000004c 04  00               908 		.uleb128	0
  0000004d 04  00               909 		.uleb128	0
                                910 		.section	.debug_info,,n
                                911 	.L5837:
  00000111 05  04               912 		.sleb128	4
  00000112 05  01               913 		.byte		0x1
  00000113 05  0000 0001        914 		.4byte		.L5809
  00000117 05  03               915 		.uleb128	3
  00000118 05  7370 6565 64     916 		.byte		"speed"
  0000011d 05  00               917 		.byte		0
  0000011e 05  0000 0000        918 		.4byte		.L5838
  00000122 05  05               919 		.sleb128	5
  00000123 05  03               920 		.byte		0x3
  00000124 05  0000 0000        921 		.4byte		speed
                                922 		.sdata
                                923 		.align		2
                                924 	#	Begin local data area
                                925 	#	LDA + 0
                                926 		.type		speed,@object
                                927 		.size		speed,4
                                928 		.align		2
                                929 		.globl		speed
                                930 	speed:
  00000000 0b  0000 0000        931 		.long		0
                                932 		.section	.debug_info,,n
                                933 	.L5839:
  00000128 05  04               934 		.sleb128	4
  00000129 05  01               935 		.byte		0x1
  0000012a 05  0000 0001        936 		.4byte		.L5809
  0000012e 05  03               937 		.uleb128	3
  0000012f 05  7570             938 		.byte		"up"
  00000131 05  00               939 		.byte		0
  00000132 05  0000 0000        940 		.4byte		.L5838
  00000136 05  05               941 		.sleb128	5
  00000137 05  03               942 		.byte		0x3
  00000138 05  0000 0000        943 		.4byte		up
                                944 		.sdata
                                945 	#	LDA + 4
                                946 		.type		up,@object
                                947 		.size		up,4
                                948 		.align		2
                                949 		.globl		up
                                950 	up:
  00000004 0b  0000 0001        951 		.long		1
                                952 		.section	.debug_info,,n
                                953 	.L5840:
  0000013c 05  04               954 		.sleb128	4
  0000013d 05  01               955 		.byte		0x1
  0000013e 05  0000 0001        956 		.4byte		.L5809
  00000142 05  03               957 		.uleb128	3
  00000143 05  6465 6c74 6153   958 		.byte		"deltaSpeed"
  00000149 05  7065 6564            	
  0000014d 05  00               959 		.byte		0
  0000014e 05  0000 0000        960 		.4byte		.L5838
  00000152 05  05               961 		.sleb128	5
  00000153 05  03               962 		.byte		0x3
  00000154 05  0000 0000        963 		.4byte		deltaSpeed
                                964 		.sdata
                                965 	#	LDA + 8
                                966 		.type		deltaSpeed,@object
                                967 		.size		deltaSpeed,4
                                968 		.align		2
                                969 		.globl		deltaSpeed
                                970 	deltaSpeed:
  00000008 0b  0000 0005        971 		.long		5
                                972 		.section	.debug_abbrev,,n
  0000004e 04  05               973 		.uleb128	5
  0000004f 04  24               974 		.uleb128	36
  00000050 04  00               975 		.byte		0x0
  00000051 04  03               976 		.uleb128	3
  00000052 04  08               977 		.uleb128	8
  00000053 04  3e               978 		.uleb128	62
  00000054 04  0b               979 		.uleb128	11
  00000055 04  0b               980 		.uleb128	11
  00000056 04  0b               981 		.uleb128	11
  00000057 04  00               982 		.uleb128	0
  00000058 04  00               983 		.uleb128	0
                                984 		.section	.debug_info,,n
                                985 	.L5838:
  00000158 05  05               986 		.sleb128	5
  00000159 05  696e 74          987 		.byte		"int"
  0000015c 05  00               988 		.byte		0
  0000015d 05  05               989 		.byte		0x5
  0000015e 05  04               990 		.byte		0x4
                                991 	.L7:
  0000015f 05  00               992 		.sleb128	0
                                993 	.L3:
                                994 		.section	.text_vle,,c
                                995 	.L5:
                                996 	.L5809:	.d2filenum "C:\\Users\\murv\\Desktop\\unit2\\TASK2\\subtask3\\Template\\src\\main.c"
                                    	
  000000b4 03  0005 0200 0000   997 		.d2_line_end
  000000ba 03  0000 0101            	
                                998 		.section	.debug_info.abs.00000040,,n
                                999 		.sectionlink	.debug_info
                               1000 	.L5828:
  000000d3 0a  00              1001 		.sleb128	0
                               1002 	.L5824:
                               1003 		.section	.abs.00000040,,c
                               1004 	.L5826:
                               1005 	.L5834:	.d2filenum "C:\\Users\\murv\\Desktop\\unit2\\TASK2\\subtask3\\Template\\src\\main.c"
                                    	
  000000a7 09  0005 0200 0000  1006 		.d2_line_end
  000000ad 09  0000 0101            	
                               1007 		.section	.debug_abbrev,,n
  00000059 04  00              1008 		.sleb128	0
